ROOT_DIR = /pfs/lustref1/flash/project_462000031/lazzaroa/openmpi_on_ss11
/pfs/lustref1/flash/project_462000031/lazzaroa/openmpi_on_ss11 ~/flash_coe/openmpi_on_ss11/osu/ompi/collectives
ROOT_DIR = /pfs/lustref1/flash/project_462000031/lazzaroa/openmpi_on_ss11

Lmod is automatically replacing "cce/19.0.0" with "gcc-native/14.2".


Lmod is automatically replacing "PrgEnv-cray/8.6.0" with "PrgEnv-gnu/8.6.0".


Due to MODULEPATH changes, the following have been reloaded:
  1) cray-libsci/25.03.0     2) cray-mpich/8.1.32


Currently Loaded Modules:
  1) craype-x86-rome                      9) cray-python/3.11.7
  2) libfabric/1.22.0                    10) gcc-native/14.2
  3) craype-network-ofi                  11) craype/2.7.34
  4) perftools-base/25.03.0              12) cray-dsmml/0.3.1
  5) xpmem/2.11.5-1.3_g73ade43320bc      13) cray-mpich/8.1.32
  6) ModuleLabel/label              (S)  14) cray-libsci/25.03.0
  7) lumi-tools/24.05               (S)  15) PrgEnv-gnu/8.6.0
  8) init-lumi/0.2                  (S)  16) rocm/6.3.4

  Where:
   S:  Module is Sticky, requires --force to unload or purge
ROCM_PATH = /opt/rocm-6.3.4
XPMEM Lib path  = /usr/lib64
/pfs/lustref1/flash/project_462000031/lazzaroa/openmpi_on_ss11/install_libfabric
/pfs/lustref1/flash/project_462000031/lazzaroa/openmpi_on_ss11/install_rccl
~/flash_coe/openmpi_on_ss11/osu/ompi/collectives
============
#!/bin/bash

for NNODES in 1 2 4 8 16 32 64; do
#for NNODES in 4; do
#for NNODES in 64; do
sbatch -N $NNODES <<EOF
#!/bin/bash
#SBATCH --ntasks-per-node=8
#SBATCH -A project_462000031
#SBATCH -p standard-g
#SBATCH --gres=gpu:8
#SBATCH --exclusive
#SBATCH --network=single_node_vni
#SBATCH -o lumi-slurm-%j-coll_N${NNODES}_opt_5.0.10.out
#SBATCH --time=1:30:00
##SBATCH --network=disable_rdzv_get

# load runtime environment
ORIGINAL_SCRIPT=\$(scontrol show job "\$SLURM_JOB_ID" | awk -F= '/Command=/{print \$2}')
export OUTPUT_DIR=\$SLURM_SUBMIT_DIR
export ROOT_DIR=\$( cd -- "\$( dirname -- "\${ORIGINAL_SCRIPT}" )/../../.." &> /dev/null && pwd -P )
echo "ROOT_DIR = "\$ROOT_DIR

# Enable OpenMPI and RCCL
USE_CPE=0 source \$ROOT_DIR/sourceme_rccl.sh

# LUMI Binding
export BINDING="--bind-to core --map-by L3cache:pe=7 --mca hwloc_base_binding_policy core --mca hwloc_base_mem_bind policy:bind"

export PRTE_MCA_ras_base_launch_orted_on_hn=1
export PMIX_MCA_gds=^shmem2
#export NCCL_DEBUG=INFO
#export FI_LOG_LEVEL=debug

echo "============"
cat $0
echo "============"

env

for FI_CXI_RX_MATCH_MODE in software hybrid; do
    export FI_CXI_RX_MATCH_MODE=\$FI_CXI_RX_MATCH_MODE

    SUFFIX="_n\${SLURM_NTASKS}_\${FI_CXI_RX_MATCH_MODE}_\${SLURM_JOB_ID}_opt_5.0.10"

    echo "========"
    echo \$SUFFIX
    echo "========"

    # Consider validation
#    OSU_ARGS=" -c "
    OSU_ARGS=" "

     # opts
     # https://github.com/HewlettPackard/shs-ccl-docs/blob/main/rccl/rccl_tuning_guide.md
     export HSA_FORCE_FINE_GRAIN_PCIE=1
     export FI_CXI_RDZV_THRESHOLD=4096
     export FI_MR_CACHE_MONITOR=kdreg2 # not useful, can avoid deadline on RCCL
     export FI_CXI_RDZV_EAGER_SIZE=0
     export FI_CXI_RDZV_PROTO="alt_read"
     export FI_CXI_DEFAULT_CQ_SIZE="131072" # default value
     export FI_CXI_DEFAULT_TX_SIZE=2048
     export FI_CXI_DISABLE_HOST_REGISTER=1

#    if false; then
    if [ "\${FI_CXI_RX_MATCH_MODE}" == "software" ]; then
    (
        echo "with LinkX"

        export FI_SHM_USE_XPMEM=0 # otherwise the D2D breaks with LNX
        export FI_PROVIDER=lnx
        export FI_LNX_PROV_LINKS=shm+cxi # changed in the binding script
        export OMPI_MCA_opal_common_ofi_provider_include=lnx
        export OMPI_MCA_mtl_ofi_av=table
        export OMPI_MCA_pml=cm
        export OMPI_MCA_mtl=ofi
	export OMPI_MCA_smsc=xpmem

	CMDS=("osu_alltoall -d rocm D D" "osu_allreduce -d rocm D D" "osu_allgather -d rocm D D")
#  	CMDS=("osu_allgather -d rocm D D" "osu_allgather H H")
        for cmd in "\${CMDS[@]}"; do
#	    ompi_info > ompi_info.log
#	    ldd \$OSU_HOME/mpi/collective/osu_alltoall > alltoall_ldd.log
#	    env > alltoall_env.log
    	    run_osu_cmd "\$cmd" "mpi/collective" "_lnx\${SUFFIX}"
        done

        export FI_SHM_USE_XPMEM=1

	CMDS=("osu_allreduce H H" "osu_alltoall H H" "osu_allgather H H")
        for cmd in "\${CMDS[@]}"; do
    	    run_osu_cmd "\$cmd" "mpi/collective" "_lnx\${SUFFIX}"
        done

    )
    fi # only software
#    fi
#    if false; then
    (
        echo "no OpenMPI internal transport, only libfabric. Use CXI directly"

        export FI_SHM_USE_XPMEM=1
	export FI_PROVIDER=cxi
    	unset FI_LNX_PROV_LINKS
    	export OMPI_MCA_opal_common_ofi_provider_include=cxi
    	export OMPI_MCA_mtl_ofi_av=table
    	export OMPI_MCA_pml=cm
    	export OMPI_MCA_mtl=ofi
	export OMPI_MCA_smsc=xpmem

        CMDS=("osu_alltoall -d rocm D D" "osu_allreduce -d rocm D D" "osu_allgather -d rocm D D" "osu_allreduce H H" "osu_alltoall H H" "osu_allgather H H")
#       CMDS=("osu_allgather -d rocm D D" "osu_allgather H H")
        for cmd in "\${CMDS[@]}"; do
            run_osu_cmd "\$cmd" "mpi/collective" "_cxi\${SUFFIX}"
        done
    )
#    fi

    if [ "\${FI_CXI_RX_MATCH_MODE}" == "hybrid" ]; then
#    if false; then
    (

        # No validation available for RCCL
    	OSU_ARGS=" "

	CMDS=("osu_xccl_alltoall -d rocm D D" "osu_xccl_allreduce -d rocm D D" "osu_xccl_allgather -d rocm D D")
    	for cmd in "\${CMDS[@]}"; do
            run_osu_cmd "\$cmd" "xccl/collective" "\${SUFFIX}"
     	done
    )
#    fi

#    if false; then
    (
        echo "RCCL-tests"

	FLAGS="-d uint8 -b 1 -e 128M -f 2 -g 1"
	CMDS=("alltoall_perf \${FLAGS}" "all_reduce_perf \${FLAGS}" "all_gather_perf \${FLAGS}")
    	for cmd in "\${CMDS[@]}"; do
	    logname=\$(echo "\${cmd}" | sed -e 's/ /_/g' -e 's/-//g')
	    echo -- mpirun \$cmd
	    mpirun \${BINDING} --report-bindings \${GPUBIND} \${PREFIX_RCCL}/bin/\$cmd \${FLAGS} | tee \${OUTPUT_DIR}/\${logname}"\${SUFFIX}.txt"
	done
    )
#    fi

    fi # only hybrid

done

#if false; then
if [ "${NNODES}" == "1" ]; then
(
    echo "with OpenMPI internal transport"

    SUFFIX="_n\${SLURM_NTASKS}_\${SLURM_JOB_ID}"

    unset FI_SHM_USE_XPMEM
    unset FI_PROVIDER
    unset FI_CXI_RX_MATCH_MODE
    unset FI_LNX_PROV_LINKS
    unset OMPI_MCA_opal_common_ofi_provider_include
    unset OMPI_MCA_mtl_ofi_av
    export OMPI_MCA_pml=ob1
    # CUDA
    #  export OMPI_MCA_btl=vader,smcuda,self
    # ROCM
    export OMPI_MCA_btl=vader,sm,self
    unset OMPI_MCA_mtl
    export OMPI_MCA_smsc=xpmem # Only OpenMPI

    CMDS=("osu_alltoall -d rocm D D" "osu_allreduce -d rocm D D" "osu_allgather -d rocm D D" "osu_allreduce H H" "osu_alltoall H H" "osu_allgather H H")
    for cmd in "\${CMDS[@]}"; do
        run_osu_cmd "\$cmd" "mpi/collective" "_ob1\${SUFFIX}"
    done
)
fi # single node
#fi

EOF


done
============
HYDRA_LAUNCHER_EXTRA_ARGS=--external-launcher
__LMOD_REF_COUNT_PE_LIBSCI_REQUIRED_PRODUCTS=PE_MPICH:1
CRAY_LMOD_MPI=cray-mpich/8.0
LUMI_LMOD_FAMILY_MPI=cray-mpich
LMOD_FAMILY_CRAYPE_NETWORK_VERSION=false
LC_ALL=en_US.UTF-8
SLURM_MEM_PER_CPU=0
LS_COLORS=no=00:fi=00:di=01;33:ln=01;36:pi=40;33:so=01;35:do=01;35:bd=40;33;01:cd=40;33;01:or=40;31;01:su=37;41:sg=30;43:tw=30;42:ow=34;42:st=37;44:ex=00;35:*.tar=01;31:*.tgz=01;31:*.arj=01;31:*.taz=01;31:*.lzh=01;31:*.zip=01;31:*.z=01;31:*.Z=01;31:*.gz=01;31:*.bz2=01;31:*.deb=01;31:*.rpm=01;31:*.jar=01;31:*.jpg=01;35:*.jpeg=01;35:*.gif=01;35:*.bmp=01;35:*.pbm=01;35:*.pgm=01;35:*.ppm=01;35:*.tga=01;35:*.xbm=01;35:*.xpm=01;35:*.tif=01;35:*.tiff=01;35:*.png=01;35:*.mov=01;35:*.mpg=01;35:*.mpeg=01;35:*.avi=01;35:*.fli=01;35:*.gl=01;35:*.dl=01;35:*.xcf=01;35:*.xwd=01;35:*.flac=01;35:*.mp3=01;35:*.mpc=01;35:*.ogg=01;35:*.wav=01;35:
LD_LIBRARY_PATH=/pfs/lustref1/flash/project_462000031/lazzaroa/openmpi_on_ss11/install_rccl/lib:/pfs/lustref1/flash/project_462000031/lazzaroa/openmpi_on_ss11/install_ompi/lib:/pfs/lustref1/flash/project_462000031/lazzaroa/openmpi_on_ss11/install_libfabric/lib:/pfs/lustref1/flash/project_462000031/lazzaroa/openmpi_on_ss11/install_cxi/lib:/opt/rocm-6.3.4/lib/roctracer:/opt/rocm-6.3.4/lib/rocprofiler:/opt/rocm-6.3.4/lib:/opt/cray/pe/python/3.11.7/lib:/opt/cray/pe/papi/7.2.0.1/lib64:/opt/cray/libfabric/1.22.0/lib64
HOSTTYPE=x86_64
CRAY_DSMML_ROOTDIR=/opt/cray/pe/dsmml/0.3.1
LIBFABRIC_DIR=/pfs/lustref1/flash/project_462000031/lazzaroa/openmpi_on_ss11/libfabric
_ModuleTable017_=YXBwbC9sdW1pL21vZHVsZXMvU29mdHdhcmVTdGFjazovYXBwbC9sdW1pL21vZHVsZXMvU3R5bGVNb2RpZmllcnM6L2FwcGwvbHVtaS9tb2R1bGVzL2luaXQtTFVNSS1Tb2Z0d2FyZVN0YWNrOi9vcHQvY3JheS9tb2R1bGVmaWxlcyIsCn0K
SLURM_NODEID=0
CRAY_DSMML_DIR=/opt/cray/pe/dsmml/0.3.1/dsmml
SLURM_TASK_PID=31933
__LMOD_REF_COUNT_PATH=/opt/rocm-6.3.4/bin:1;/opt/cray/pe/mpich/8.1.32/ofi/gnu/12.3/bin:1;/opt/cray/pe/mpich/8.1.32/bin:1;/opt/cray/pe/craype/2.7.34/bin:1;/opt/cray/pe/gcc-native/14/bin:1;/opt/cray/pe/python/3.11.7/bin:1;/appl/lumi/SW/system/EB/lumi-tools/24.05/bin:1;/opt/cray/pe/perftools/25.03.0/bin:1;/opt/cray/pe/papi/7.2.0.1/bin:1;/opt/cray/libfabric/1.22.0/bin:1;/users/lazzaroa/.local/bin:1;/users/lazzaroa/bin:1;/usr/local/bin:1;/usr/bin:1;/bin:1;/usr/lib/mit/bin:1;/usr/lib/mit/sbin:1;/opt/cray/pe/bin:1
_ModuleTable002_=TGFiZWwvbGFiZWwubHVhIiwKZnVsbE5hbWUgPSAiTW9kdWxlTGFiZWwvbGFiZWwiLApsb2FkT3JkZXIgPSA2LApwcm9wVCA9IHsKbG1vZCA9IHsKc3RpY2t5ID0gMSwKfSwKfSwKc3RhY2tEZXB0aCA9IDEsCnN0YXR1cyA9ICJhY3RpdmUiLAp1c2VyTmFtZSA9ICJNb2R1bGVMYWJlbC9sYWJlbCIsCndWID0gInNsYWJlbC4qemZpbmFsIiwKfSwKWyJQcmdFbnYtZ251Il0gPSB7CmZuID0gIi9vcHQvY3JheS9wZS9sbW9kL21vZHVsZWZpbGVzL2NvcmUvUHJnRW52LWdudS84LjYuMC5sdWEiLApmdWxsTmFtZSA9ICJQcmdFbnYtZ251LzguNi4wIiwKbG9hZE9yZGVyID0gMTUsCnByb3BUID0ge30sCnN0YWNrRGVwdGggPSAxLApzdGF0dXMgPSAiYWN0aXZlIiwKdXNlck5hbWUgPSAi
PE_MPICH_GTL_DIR_amd_gfx90a=-L/opt/cray/pe/mpich/8.1.32/gtl/lib
PE_LIBSCI_OMP_REQUIRES= 
SSH_CONNECTION=178.197.255.12 43194 193.167.209.165 22
LUMI_LMOD_FAMILY_CRAYPE=craype
LUMI_LMOD_FAMILY_CRAYPE_VERSION=2.7.34
LESSCLOSE=lessclose.sh %s %s
CRAY_LD_LIBRARY_PATH=/opt/cray/pe/libsci/25.03.0/GNU/12.3/x86_64/lib:/opt/cray/pe/mpich/8.1.32/ofi/gnu/12.3/lib:/opt/cray/pe/mpich/8.1.32/gtl/lib:/opt/cray/pe/dsmml/0.3.1/dsmml/lib:/opt/cray/pe/perftools/25.03.0/lib64
SLURM_PRIO_PROCESS=0
XKEYSYMDB=/usr/X11R6/lib/X11/XKeysymDB
PE_ENV=GNU
__LMOD_REF_COUNT_PE_DSMML_PKGCONFIG_LIBS=dsmml:1
__LMOD_REF_COUNT_PE_FORTRAN_PKGCONFIG_LIBS=mpichf90:1
LMOD_FAMILY_CRAYPE_CPU=craype-x86-rome
EBDEVELLUMIMINTOOLS=/appl/lumi/SW/system/EB/lumi-tools/24.05/easybuild/lumi-tools-24.05-easybuild-devel
CRAYPAT_LD_LIBRARY_PATH=/opt/cray/pe/perftools/25.03.0/lib64
GCC_PREFIX=/usr/lib64/gcc/x86_64-suse-linux/14
CRAY_LMOD_COMPILER=gnu/12.0
LMOD_MODULERCFILE=/appl/lumi/LUMI-SoftwareStack/LMOD/modulerc.lua
CRAY_DSMML_PREFIX=/opt/cray/pe/dsmml/0.3.1/dsmml
PE_PRODUCT_LIST=CRAYPE:CRAYPE_X86_ROME:PERFTOOLS:CRAYPAT:CRAY_ROCM
LMOD_FAMILY_MPI_VERSION=8.1.32
CRAYPAT_ROOT=/opt/cray/pe/perftools/25.03.0
PE_PERFTOOLS_MPICH_LIBDIR=/opt/cray/pe/mpich/8.1.32/ofi/gnu/12.3/lib
PMIX_MCA_gds=^shmem2
c=gnu
I_MPI_HYDRA_BOOTSTRAP_EXEC_EXTRA_ARGS=--external-launcher
PE_MPICH_GTL_DIR_amd_gfx906=-L/opt/cray/pe/mpich/8.1.32/gtl/lib
PE_LIBSCI_MODULE_NAME=cray-libsci/25.03.0
LANG=en_US.UTF-8
SLURM_SUBMIT_DIR=/pfs/lustref1/flash/project_462000031/lazzaroa/openmpi_on_ss11/osu/ompi/collectives
GIT_HOOKS_PRE_COMMIT_HPE_CRAY_CHECKPATCH_SKIP=1
PE_MPICH_GTL_DIR_amd_gfx908=-L/opt/cray/pe/mpich/8.1.32/gtl/lib
PE_DSMML_MODULE_NAME=cray-dsmml
WINDOWMANAGER=xterm
_ModuleTable008_=ID0gIi9vcHQvY3JheS9wZS9sbW9kL21vZHVsZWZpbGVzL2NyYXlwZS10YXJnZXRzL2RlZmF1bHQvY3JheXBlLXg4Ni1yb21lLmx1YSIsCmZ1bGxOYW1lID0gImNyYXlwZS14ODYtcm9tZSIsCmxvYWRPcmRlciA9IDEsCnByb3BUID0ge30sCnN0YWNrRGVwdGggPSAwLApzdGF0dXMgPSAiYWN0aXZlIiwKdXNlck5hbWUgPSAiY3JheXBlLXg4Ni1yb21lIiwKd1YgPSAiTS4qemZpbmFsIiwKfSwKWyJnY2MtbmF0aXZlIl0gPSB7CmFjdGlvbkEgPSB7CgoicHJlcGVuZF9wYXRoKFwiTU9EVUxFUEFUSFwiLFwiL29wdC9jcmF5L3BlL2xtb2QvbW9kdWxlZmlsZXMvY29tcGlsZXIvZ251LzEyLjBcIikiCiwgInByZXBlbmRfcGF0aChcIk1PRFVMRVBBVEhcIixcIi9vcHQvY3JheS9wZS9s
HIP_LIB_PATH=/opt/rocm-6.3.4/lib
OMPI_MCA_plm_slurm_args=--external-launcher
LESS=-M -I -R
PE_MPICH_GTL_LIBS_nvidia70=-lmpi_gtl_cuda
LUMI_LMOD_FAMILY_PRGENV=PrgEnv-gnu
LMOD_FAMILY_COMPILER_VERSION=14.2
HOSTNAME=nid005539
LMOD_SYSTEM_DEFAULT_MODULES=craype-x86-rome:craype-network-ofi:perftools-base:xpmem:PrgEnv-cray:init-lumi
EBROOTLUMIMINTOOLS=/appl/lumi/SW/system/EB/lumi-tools/24.05
OLDPWD=/pfs/lustref1/flash/project_462000031/lazzaroa/openmpi_on_ss11
LUMI_LMOD_FAMILY_CRAYPE_NETWORK_VERSION=false
CSHEDIT=emacs
ENVIRONMENT=BATCH
GPG_TTY=/dev/pts/230
LESS_ADVANCED_PREPROCESSOR=no
__LMOD_REF_COUNT_PE_MPICH_GENCOMPILERS_GNU=12.3:1
COLORTERM=1
__LMOD_REF_COUNT_XDG_DATA_DIRS=/appl/lumi/SW/system/EB/lumi-tools/24.05/share:1;/usr/share:1
OSU_HOME=/pfs/lustref1/flash/project_462000031/lazzaroa/openmpi_on_ss11/osu/osu-ompi//libexec/osu-micro-benchmarks/
FPATH=/opt/cray/pe/lmod/lmod/init/ksh_funcs
_ModuleTable007_=ZWZpbGVzL25ldC9vZmkvMS4wXCIpIiwKfSwKZm4gPSAiL29wdC9jcmF5L3BlL2xtb2QvbW9kdWxlZmlsZXMvY3JheXBlLXRhcmdldHMvZGVmYXVsdC9jcmF5cGUtbmV0d29yay1vZmkubHVhIiwKZnVsbE5hbWUgPSAiY3JheXBlLW5ldHdvcmstb2ZpIiwKbG9hZE9yZGVyID0gMywKcHJvcFQgPSB7fSwKc3RhY2tEZXB0aCA9IDAsCnN0YXR1cyA9ICJhY3RpdmUiLAp1c2VyTmFtZSA9ICJjcmF5cGUtbmV0d29yay1vZmkiLAp3ViA9ICJNLip6ZmluYWwiLAp9LApbImNyYXlwZS14ODYtcm9tZSJdID0gewphY3Rpb25BID0gewoicHJlcGVuZF9wYXRoKFwiTU9EVUxFUEFUSFwiLFwiL29wdC9jcmF5L3BlL2xtb2QvbW9kdWxlZmlsZXMvY3B1L3g4Ni1yb21lLzEuMFwiKSIsCn0sCmZu
CRAY_PERFTOOLS_VERSION=25.03.0
ROCR_VISIBLE_DEVICES=0,1,2,3,4,5,6,7
LUMI_LMOD_FAMILY_PRGENV_VERSION=8.6.0
PRTE_MCA_ras_base_launch_orted_on_hn=1
ROCM_PATH=/opt/rocm-6.3.4
OMPI_DIR=/pfs/lustref1/flash/project_462000031/lazzaroa/openmpi_on_ss11/openmpi5
LMOD_FAMILY_CRAYPE_NETWORK=craype-network-ofi
JAVA_HOME=/usr/lib64/jvm/java-11-openjdk-11
__LMOD_STACK_LMOD_AVAIL_STYLE=PGxhYmVsPjpQRWhpZXJhcmNoeTpzeXN0ZW0=
LMOD_FAMILY_CRAYPE_VERSION=2.7.34
PE_XPMEM_PKGCONFIG_LIBS=cray-xpmem
CRAY_ROCM_POST_LINK_OPTS= -L/opt/rocm-6.3.4/lib -L/opt/rocm-6.3.4/lib/rocprofiler -L/opt/rocm-6.3.4/lib/roctracer -lamdhip64
SLURM_PROCID=0
APP2_STATE=25.03.0
LMOD_FAMILY_GCC_COMPILER=gcc-native
CFLAGS=-g -O -Wno-error=maybe-uninitialized -I/pfs/lustref1/flash/project_462000031/lazzaroa/openmpi_on_ss11/install_cxi/include -I/opt/rocm-6.3.4/include
SLURM_JOB_GID=10013986
MACHTYPE=x86_64-suse-linux
I_MPI_HYDRA_BOOTSTRAP=slurm
LMOD_RC=/appl/lumi/LUMI-SoftwareStack/LMOD/lmodrc.lua
__LMOD_REF_COUNT_LD_LIBRARY_PATH=/opt/rocm-6.3.4/lib/roctracer:1;/opt/rocm-6.3.4/lib/rocprofiler:1;/opt/rocm-6.3.4/lib:1;/opt/cray/pe/python/3.11.7/lib:1;/opt/cray/pe/papi/7.2.0.1/lib64:1;/opt/cray/libfabric/1.22.0/lib64:1
CRAY_ROCM_PREFIX=/opt/rocm-6.3.4
__LMOD_REF_COUNT_PKG_CONFIG_PATH=/usr/lib64/pkgconfig:1;/opt/cray/pe/dsmml/0.3.1/dsmml/lib/pkgconfig:1;/opt/cray/pe/craype/2.7.34/pkg-config:1;/opt/cray/libfabric/1.22.0/lib64/pkgconfig:1
BINDING=--bind-to core --map-by L3cache:pe=7 --mca hwloc_base_binding_policy core --mca hwloc_base_mem_bind policy:bind
OSU_INSTALL=/pfs/lustref1/flash/project_462000031/lazzaroa/openmpi_on_ss11/osu/osu-ompi/
GNU_VERSION=14.2
SLURMD_NODENAME=nid005539
PE_PKGCONFIG_PRODUCTS=PE_LIBSCI:PE_MPICH:PE_DSMML:PE_XPMEM
_ModuleTable015_=ci9nbnUvMTIuMCIKLCAiL2FwcGwvbHVtaS9tb2R1bGVzL2Vhc3lidWlsZC9zeXN0ZW0iCiwgIi9vcHQvY3JheS9wZS9sbW9kL21vZHVsZWZpbGVzL3BlcmZ0b29scy8yNS4wMy4wIgosICIvb3B0L2NyYXkvcGUvbG1vZC9tb2R1bGVmaWxlcy9uZXQvb2ZpLzEuMCIKLCAiL29wdC9jcmF5L3BlL2xtb2QvbW9kdWxlZmlsZXMvY3B1L3g4Ni1yb21lLzEuMCIKLCAiL29wdC9jcmF5L3BlL21vZHVsZWZpbGVzL0xpbnV4IiwgIi9vcHQvY3JheS9wZS9tb2R1bGVmaWxlcy9Db3JlIgosICIvb3B0L2NyYXkvcGUvbG1vZC9sbW9kL21vZHVsZWZpbGVzL0NvcmUiCiwgIi9vcHQvY3JheS9wZS9sbW9kL21vZHVsZWZpbGVzL2NvcmUiCiwgIi9vcHQvY3JheS9wZS9sbW9kL21vZHVsZWZpbGVz
SLURM_JOB_END_TIME=1773054887
LUMI_LMOD_FAMILY_LIBSCI=cray-libsci
CRAY_MPICH_BASEDIR=/opt/cray/pe/mpich/8.1.32/ofi
PE_MPICH_GTL_DIR_nvidia80=-L/opt/cray/pe/mpich/8.1.32/gtl/lib
_ModuleTable004_=YnNjaS8yNS4wMy4wLmx1YSIsCmZ1bGxOYW1lID0gImNyYXktbGlic2NpLzI1LjAzLjAiLApsb2FkT3JkZXIgPSAxNCwKcHJvcFQgPSB7fSwKc3RhY2tEZXB0aCA9IDEsCnN0YXR1cyA9ICJhY3RpdmUiLAp1c2VyTmFtZSA9ICJjcmF5LWxpYnNjaSIsCndWID0gIl4wMDAwMDAyNS4wMDAwMDAwMDMuKnpmaW5hbCIsCn0sClsiY3JheS1tcGljaCJdID0gewphY3Rpb25BID0gewoicHJlcGVuZF9wYXRoKFwiTU9EVUxFUEFUSFwiLFwiL29wdC9jcmF5L3BlL2xtb2QvbW9kdWxlZmlsZXMvbXBpL2dudS8xMi4wL29maS8xLjAvY3JheS1tcGljaC84LjBcIikiLAp9LApmbiA9ICIvb3B0L2NyYXkvcGUvbG1vZC9tb2R1bGVmaWxlcy9jb21uZXQvZ251LzEyLjAvb2ZpLzEuMC9jcmF5LW1w
PE_LIBSCI_GENCOMPILERS_GNU_x86_64=12.3
MINICOM=-c on
SLURM_TASKS_PER_NODE=8
__LMOD_REF_COUNT_PYTHONPATH=/opt/cray/pe/python/3.11.7:1
PRTE_MCA_plm_slurm_args=--external-launcher
PE_MPICH_PKGCONFIG_VARIABLES=PE_MPICH_GTL_DIR_@accelerator@:PE_MPICH_GTL_LIBS_@accelerator@
PREFIX_CXI=/pfs/lustref1/flash/project_462000031/lazzaroa/openmpi_on_ss11/install_cxi
PE_MPICH_PKGCONFIG_LIBS=mpich
USE_SRUN=0
OSTYPE=linux
CC=gcc-14
XDG_SESSION_ID=922595
CRAY_DSMML_VER=0.3.1
__LMOD_REF_COUNT_PYTHON_PATH=/opt/cray/pe/python/3.11.7:1
LUMI_LMOD_FAMILY_MPI_VERSION=8.1.32
SLURM_NNODES=1
USER=lazzaroa
LUMI_LMOD_FAMILY_LIBSCI_VERSION=25.03.0
CXXFLAGS=-g -O -I/pfs/lustref1/flash/project_462000031/lazzaroa/openmpi_on_ss11/install_cxi/include -I/opt/rocm-6.3.4/include
PAGER=less
LUMI_LMOD_FAMILY_GCC_COMPILER=gcc-native
CRAY_PYTHON_LEVEL=3.11.7
LMOD_FAMILY_PRGENV_VERSION=8.6.0
LMOD_FAMILY_LIBSCI=cray-libsci
_ModuleTable012_=MDAwMDAyNC4wMDAwMDAwMDUuKnpmaW5hbCIsCn0sClsicGVyZnRvb2xzLWJhc2UiXSA9IHsKYWN0aW9uQSA9IHsKInByZXBlbmRfcGF0aChcIk1PRFVMRVBBVEhcIixcIi9vcHQvY3JheS9wZS9sbW9kL21vZHVsZWZpbGVzL3BlcmZ0b29scy8yNS4wMy4wXCIpIiwKfSwKZm4gPSAiL29wdC9jcmF5L3BlL2xtb2QvbW9kdWxlZmlsZXMvY29yZS9wZXJmdG9vbHMtYmFzZS8yNS4wMy4wLmx1YSIsCmZ1bGxOYW1lID0gInBlcmZ0b29scy1iYXNlLzI1LjAzLjAiLApsb2FkT3JkZXIgPSA0LApwcm9wVCA9IHt9LApzdGFja0RlcHRoID0gMCwKc3RhdHVzID0gImFjdGl2ZSIsCnVzZXJOYW1lID0gInBlcmZ0b29scy1iYXNlIiwKd1YgPSAiXjAwMDAwMDI1LjAwMDAwMDAwMy4qemZpbmFs
PE_MPICH_GTL_LIBS_ponteVecchio=-lmpi_gtl_ze
CRAY_CPU_TARGET=x86-rome
PE_GCC_LEVEL=14
SLURM_JOB_START_TIME=1773049487
PE_LIBSCI_VOLATILE_PRGENV=GNU
SLURM_NTASKS_PER_NODE=8
PKGCONFIG_ENABLED=1
__LMOD_REF_COUNT_MODULEPATH=/opt/cray/pe/lmod/modulefiles/mpi/gnu/12.0/ofi/1.0/cray-mpich/8.0:1;/opt/cray/pe/lmod/modulefiles/comnet/gnu/12.0/ofi/1.0:1;/opt/cray/pe/lmod/modulefiles/mix_compilers:1;/opt/cray/pe/lmod/modulefiles/compiler/gnu/12.0:1;/appl/lumi/modules/easybuild/system:1;/opt/cray/pe/lmod/modulefiles/perftools/25.03.0:1;/opt/cray/pe/lmod/modulefiles/net/ofi/1.0:1;/opt/cray/pe/lmod/modulefiles/cpu/x86-rome/1.0:1;/opt/cray/pe/modulefiles/Linux:1;/opt/cray/pe/modulefiles/Core:1;/opt/cray/pe/lmod/lmod/modulefiles/Core:1;/opt/cray/pe/lmod/modulefiles/core:1;/opt/cray/pe/lmod/modulefiles/craype-targets/default:1;/appl/lumi/modules/SoftwareStack:1;/appl/lumi/modules/StyleModifiers:1;/appl/lumi/modules/init-LUMI-SoftwareStack:1;/opt/cray/modulefiles:1
MORE=-sl
CRAY_PERFTOOLS_PREFIX=/opt/cray/pe/perftools/25.03.0
PE_FORTRAN_PKGCONFIG_LIBS=mpichf90
CRAY_ROCM_DIR=/opt/rocm-6.3.4
__LMOD_REF_COUNT_CRAY_LD_LIBRARY_PATH=/opt/cray/pe/libsci/25.03.0/GNU/12.3/x86_64/lib:1;/opt/cray/pe/mpich/8.1.32/ofi/gnu/12.3/lib:1;/opt/cray/pe/mpich/8.1.32/gtl/lib:1;/opt/cray/pe/dsmml/0.3.1/dsmml/lib:1;/opt/cray/pe/perftools/25.03.0/lib64:1
GCC_VERSION=14.2
CRAY_LIBSCI_BASE_DIR=/opt/cray/pe/libsci/25.03.0
PWD=/users/lazzaroa/flash_coe/openmpi_on_ss11/osu/ompi/collectives
LUMI_LMOD_FAMILY_CRAYPE_CPU=craype-x86-rome
PE_MPICH_GTL_DIR_ponteVecchio=-L/opt/cray/pe/mpich/8.1.32/gtl/lib
PE_MPICH_GTL_DIR_nvidia70=-L/opt/cray/pe/mpich/8.1.32/gtl/lib
SLURM_JOB_NODELIST=nid005539
HOME=/users/lazzaroa
SLURM_CLUSTER_NAME=lumi
PELOCAL_PRGENV=true
CMAKE_PREFIX_PATH=/opt/rocm-6.3.4/lib/cmake/hip:/appl/lumi/SW/system/EB/lumi-tools/24.05
PE_LIBSCI_REQUIRED_PRODUCTS=PE_MPICH
SLURM_NODELIST=nid005539
PE_MPICH_GTL_LIBS_amd_gfx942=-lmpi_gtl_hsa
PE_MPICH_GTL_LIBS_amd_gfx940=-lmpi_gtl_hsa
LIBCXI_DIR=/pfs/lustref1/flash/project_462000031/lazzaroa/openmpi_on_ss11/libfabric/libcxi
SLURM_GPUS_ON_NODE=8
SLURM_NETWORK=single_node_vni
HOST=uan03
SSH_CLIENT=178.197.255.12 43194 22
__LMOD_REF_COUNT_PE_GNU_FIXED_PKGCONFIG_PATH=/opt/cray/pe/mpich/8.1.32/ofi/gnu/12.3/lib/pkgconfig:1
__LMOD_REF_COUNT_LMOD_MODULERCFILE=/appl/lumi/LUMI-SoftwareStack/LMOD/modulerc.lua:1
LMOD_VERSION=8.7.55
XNLSPATH=/usr/X11R6/lib/X11/nls
PE_MPICH_FORTRAN_PKGCONFIG_LIBS=mpichf90
SLURM_NTASKS=8
PE_LIBSCI_PKGCONFIG_LIBS=libsci_mpi:libsci
XDG_SESSION_TYPE=tty
PREFIX_RCCL=/pfs/lustref1/flash/project_462000031/lazzaroa/openmpi_on_ss11/install_rccl
SDK_HOME=/usr/lib64/jvm/java-11-openjdk-11
CRAY_LMOD_CPU=x86-rome/1.0
PE_MPICH_GTL_LIBS_nvidia80=-lmpi_gtl_cuda
PE_LIBSCI_OMP_REQUIRES_openmp=_mp
LMOD_FAMILY_CRAYPE_CPU_VERSION=false
SLURM_JOB_CPUS_PER_NODE=56
GCC_PATH=/opt/cray/pe/gcc-native/14/bin
BASH_ENV=/opt/cray/pe/lmod/lmod/init/bash
XDG_DATA_DIRS=/appl/lumi/SW/system/EB/lumi-tools/24.05/share:/usr/share
_LUMI_INIT_FIRST_LOAD=1
__LMOD_REF_COUNT_PE_MPICH_FORTRAN_PKGCONFIG_LIBS=mpichf90:1
SLURM_TOPOLOGY_ADDR=nid005539
SLURM_THREADS_PER_CORE=1
PYTHON_PATH=/opt/cray/pe/python/3.11.7
LMOD_FAMILY_GCC_COMPILER_VERSION=14.2
CRAY_LMOD_NET=ofi/1.0
__LMOD_REF_COUNT_PE_PKGCONFIG_PRODUCTS=PE_LIBSCI:1;PE_MPICH:1;PE_DSMML:1;PE_XPMEM:1
PE_MPICH_MODULE_NAME=cray-mpich
RCCL_DIR=/pfs/lustref1/flash/project_462000031/lazzaroa/openmpi_on_ss11/rccl
LIBGL_DEBUG=quiet
FCFLAGS=-O -I/pfs/lustref1/flash/project_462000031/lazzaroa/openmpi_on_ss11/install_cxi/include -I/opt/rocm-6.3.4/include
PE_LIBSCI_VOLATILE_PKGCONFIG_PATH=/opt/cray/pe/libsci/25.03.0/@PRGENV@/@PE_LIBSCI_GENCOMPS@/@PE_LIBSCI_TARGET@/lib/pkgconfig
JDK_HOME=/usr/lib64/jvm/java-11-openjdk-11
__LMOD_REF_COUNT_PE_MPICH_FIXED_PRGENV=GNU:1
PE_MPICH_GTL_DIR_amd_gfx940=-L/opt/cray/pe/mpich/8.1.32/gtl/lib
PE_MPICH_GTL_DIR_amd_gfx942=-L/opt/cray/pe/mpich/8.1.32/gtl/lib
OUTPUT_DIR=/pfs/lustref1/flash/project_462000031/lazzaroa/openmpi_on_ss11/osu/ompi/collectives
SLURM_JOB_NAME=sbatch
PROFILEREAD=true
TMPDIR=/tmp
PERFTOOLS_VERSION=25.03.0
SLURM_JOB_GPUS=0,1,2,3,4,5,6,7
__LMOD_REF_COUNT_CMAKE_PREFIX_PATH=/opt/rocm-6.3.4/lib/cmake/hip:1;/appl/lumi/SW/system/EB/lumi-tools/24.05:1
LMOD_sys=Linux
_ModuleTable010_=bmRfcGF0aChcIk1PRFVMRVBBVEhcIixcIi9hcHBsL2x1bWkvbW9kdWxlcy9lYXN5YnVpbGQvc3lzdGVtXCIpIiwKfSwKZm4gPSAiL2FwcGwvbHVtaS9tb2R1bGVzL2luaXQtTFVNSS1Tb2Z0d2FyZVN0YWNrL2luaXQtbHVtaS8wLjIubHVhIiwKZnVsbE5hbWUgPSAiaW5pdC1sdW1pLzAuMiIsCmxvYWRPcmRlciA9IDgsCnByb3BUID0gewpsbW9kID0gewpzdGlja3kgPSAxLAp9LAp9LApzdGFja0RlcHRoID0gMCwKc3RhdHVzID0gImFjdGl2ZSIsCnVzZXJOYW1lID0gImluaXQtbHVtaSIsCndWID0gIjAwMDAwMDAwMC4wMDAwMDAwMDIuKnpmaW5hbCIsCn0sCmxpYmZhYnJpYyA9IHsKZm4gPSAiL29wdC9jcmF5L21vZHVsZWZpbGVzL2xpYmZhYnJpYy8xLjIyLjAiLApmdWxsTmFt
PE_PKGCONFIG_LIBS=rocm-6.3.4:libsci_mpi:libsci:mpich:dsmml
SLURM_JOBID=16592104
_ModuleTable001_=X01vZHVsZVRhYmxlXyA9IHsKTVR2ZXJzaW9uID0gMywKY19yZWJ1aWxkVGltZSA9IGZhbHNlLApjX3Nob3J0VGltZSA9IGZhbHNlLApkZXB0aFQgPSB7fSwKZmFtaWx5ID0gewpQcmdFbnYgPSAiUHJnRW52LWdudSIsCmNvbXBpbGVyID0gImdjYy1uYXRpdmUiLApjcmF5cGUgPSAiY3JheXBlIiwKY3JheXBlX2NwdSA9ICJjcmF5cGUteDg2LXJvbWUiLApjcmF5cGVfbmV0d29yayA9ICJjcmF5cGUtbmV0d29yay1vZmkiLApnY2NfY29tcGlsZXIgPSAiZ2NjLW5hdGl2ZSIsCmxpYnNjaSA9ICJjcmF5LWxpYnNjaSIsCm1waSA9ICJjcmF5LW1waWNoIiwKfSwKbVQgPSB7Ck1vZHVsZUxhYmVsID0gewpmbiA9ICIvYXBwbC9sdW1pL21vZHVsZXMvU3R5bGVNb2RpZmllcnMvTW9kdWxl
SLURM_CONF=/etc/slurm/slurm.conf
LOADEDMODULES=craype-x86-rome:libfabric/1.22.0:craype-network-ofi:perftools-base/25.03.0:xpmem/2.11.5-1.3_g73ade43320bc:ModuleLabel/label:lumi-tools/24.05:init-lumi/0.2:cray-python/3.11.7:gcc-native/14.2:craype/2.7.34:cray-dsmml/0.3.1:cray-mpich/8.1.32:cray-libsci/25.03.0:PrgEnv-gnu/8.6.0:rocm/6.3.4
LMOD_AVAIL_STYLE=<label>:PEhierarchy:system
FC=gfortran-14
CRAYPE_NETWORK_TARGET=ofi
_ModuleTable006_=cHl0aG9uIiwKd1YgPSAiXjAwMDAwMDAzLjAwMDAwMDAxMS4wMDAwMDAwMDcuKnpmaW5hbCIsCn0sCmNyYXlwZSA9IHsKZm4gPSAiL29wdC9jcmF5L3BlL2xtb2QvbW9kdWxlZmlsZXMvY29yZS9jcmF5cGUvMi43LjM0Lmx1YSIsCmZ1bGxOYW1lID0gImNyYXlwZS8yLjcuMzQiLApsb2FkT3JkZXIgPSAxMSwKcHJvcFQgPSB7fSwKc3RhY2tEZXB0aCA9IDEsCnN0YXR1cyA9ICJhY3RpdmUiLAp1c2VyTmFtZSA9ICJjcmF5cGUiLAp3ViA9ICJeMDAwMDAwMDIuMDAwMDAwMDA3LjAwMDAwMDAzNC4qemZpbmFsIiwKfSwKWyJjcmF5cGUtbmV0d29yay1vZmkiXSA9IHsKYWN0aW9uQSA9IHsKInByZXBlbmRfcGF0aChcIk1PRFVMRVBBVEhcIixcIi9vcHQvY3JheS9wZS9sbW9kL21vZHVs
__LMOD_REF_COUNT_MANPATH=/opt/rocm-6.3.4/share/man:1;/opt/cray/pe/libsci/25.03.0/share/man:1;/opt/cray/pe/mpich/8.1.32/ofi/man:1;/opt/cray/pe/mpich/8.1.32/man/mpich:1;/opt/cray/pe/dsmml/0.3.1/dsmml/man:1;/opt/cray/pe/craype/2.7.34/man:1;/opt/cray/pe/python/3.11.7/share/man:1;/appl/lumi/SW/system/EB/lumi-tools/24.05/share/man:1;/opt/cray/pe/perftools/25.03.0/man:1;/opt/cray/pe/papi/7.2.0.1/share/pdoc/man:1;/opt/cray/libfabric/1.22.0/share/man:1;/opt/cray/pe/lmod/lmod/share/man:1;/users/lazzaroa/.local/share/man:1;/usr/local/man:1;/usr/share/man:1
_ModuleTable003_=UHJnRW52LWdudSIsCndWID0gIl4wMDAwMDAwOC4wMDAwMDAwMDYuKnpmaW5hbCIsCn0sClsiY3JheS1kc21tbCJdID0gewpmbiA9ICIvb3B0L2NyYXkvcGUvbG1vZC9tb2R1bGVmaWxlcy9jb3JlL2NyYXktZHNtbWwvMC4zLjEubHVhIiwKZnVsbE5hbWUgPSAiY3JheS1kc21tbC8wLjMuMSIsCmxvYWRPcmRlciA9IDEyLApwcm9wVCA9IHt9LApzdGFja0RlcHRoID0gMSwKc3RhdHVzID0gImFjdGl2ZSIsCnVzZXJOYW1lID0gImNyYXktZHNtbWwiLAp3ViA9ICJeMDAwMDAwMDAuMDAwMDAwMDAzLjAwMDAwMDAwMS4qemZpbmFsIiwKfSwKWyJjcmF5LWxpYnNjaSJdID0gewpmbiA9ICIvb3B0L2NyYXkvcGUvbG1vZC9tb2R1bGVmaWxlcy9jb21waWxlci9nbnUvMTIuMC9jcmF5LWxp
SLURM_JOB_QOS=normal
LMOD_ROOT=/opt/cray/pe/lmod
SLURM_TOPOLOGY_ADDR_PATTERN=node
SSH_TTY=/dev/pts/230
PAT_RT_PERFCTR_DISABLE_COMPONENTS=nvml,rocm_smi
LUMI_LMOD_FAMILY_CRAYPE_NETWORK=craype-network-ofi
CRAY_MPICH_ROOTDIR=/opt/cray/pe/mpich/8.1.32
_ModuleTable013_=IiwKfSwKcm9jbSA9IHsKZm4gPSAiL29wdC9jcmF5L3BlL2xtb2QvbW9kdWxlZmlsZXMvY29yZS9yb2NtLzYuMy40Lmx1YSIsCmZ1bGxOYW1lID0gInJvY20vNi4zLjQiLApsb2FkT3JkZXIgPSAxNiwKcHJvcFQgPSB7fSwKc3RhY2tEZXB0aCA9IDAsCnN0YXR1cyA9ICJhY3RpdmUiLAp1c2VyTmFtZSA9ICJyb2NtIiwKd1YgPSAiXjAwMDAwMDA2LjAwMDAwMDAwMy4wMDAwMDAwMDQuKnpmaW5hbCIsCn0sCnhwbWVtID0gewpmbiA9ICIvb3B0L2NyYXkvbW9kdWxlZmlsZXMveHBtZW0vMi4xMS41LTEuM19nNzNhZGU0MzMyMGJjIiwKZnVsbE5hbWUgPSAieHBtZW0vMi4xMS41LTEuM19nNzNhZGU0MzMyMGJjIiwKbG9hZE9yZGVyID0gNSwKcHJvcFQgPSB7fSwKc3RhY2tEZXB0aCA9
MOTD_SHOWN=pam
MAIL=/var/spool/mail/lazzaroa
SLURM_CPUS_ON_NODE=56
CXX=g++-14
SLURM_JOB_NUM_NODES=1
_ModuleTable016_=L2NyYXlwZS10YXJnZXRzL2RlZmF1bHQiCiwgIi9hcHBsL2x1bWkvbW9kdWxlcy9Tb2Z0d2FyZVN0YWNrIiwgIi9hcHBsL2x1bWkvbW9kdWxlcy9TdHlsZU1vZGlmaWVycyIKLCAiL2FwcGwvbHVtaS9tb2R1bGVzL2luaXQtTFVNSS1Tb2Z0d2FyZVN0YWNrIiwgIi9vcHQvY3JheS9tb2R1bGVmaWxlcyIsCn0sCnN5c3RlbUJhc2VNUEFUSCA9ICIvb3B0L2NyYXkvcGUvbW9kdWxlZmlsZXMvTGludXg6L29wdC9jcmF5L3BlL21vZHVsZWZpbGVzL0NvcmU6L29wdC9jcmF5L3BlL2xtb2QvbG1vZC9tb2R1bGVmaWxlcy9Db3JlOi9vcHQvY3JheS9wZS9sbW9kL21vZHVsZWZpbGVzL2NvcmU6L29wdC9jcmF5L3BlL2xtb2QvbW9kdWxlZmlsZXMvY3JheXBlLXRhcmdldHMvZGVmYXVsdDov
LESSKEY=/etc/lesskey.bin
LUMI_LMOD_FAMILY_COMPILER=gcc-native
_ModuleTable009_=bW9kL21vZHVsZWZpbGVzL21peF9jb21waWxlcnNcIikiLCAicHJlcGVuZF9wYXRoKFwiTU9EVUxFUEFUSFwiLFwiL29wdC9jcmF5L3BlL2xtb2QvbW9kdWxlZmlsZXMvY29tbmV0L2dudS8xMi4wL29maS8xLjBcIikiLAp9LApmbiA9ICIvb3B0L2NyYXkvcGUvbG1vZC9tb2R1bGVmaWxlcy9jb3JlL2djYy1uYXRpdmUvMTQuMi5sdWEiLApmdWxsTmFtZSA9ICJnY2MtbmF0aXZlLzE0LjIiLApsb2FkT3JkZXIgPSAxMCwKcHJvcFQgPSB7fSwKc3RhY2tEZXB0aCA9IDEsCnN0YXR1cyA9ICJhY3RpdmUiLAp1c2VyTmFtZSA9ICJnY2MtbmF0aXZlIiwKd1YgPSAiXjAwMDAwMDE0LjAwMDAwMDAwMi4qemZpbmFsIiwKfSwKWyJpbml0LWx1bWkiXSA9IHsKYWN0aW9uQSA9IHsKInByZXBl
TERM=xterm-256color
SHELL=/bin/bash
LUMI_LMOD_FAMILY_COMPILER_VERSION=14.2
CRAY_MPICH_VER=8.1.32
LMOD_ADMIN_FILE=/appl/lumi/LUMI-SoftwareStack/LMOD/admin.list
XDG_SESSION_CLASS=user
PE_MPICH_FIXED_PRGENV=GNU
CRAY_LIBSCI_PREFIX=/opt/cray/pe/libsci/25.03.0/GNU/12.3/x86_64
CRAY_ROCM_VERSION=6.3.4
LMOD_FAMILY_PRGENV=PrgEnv-gnu
SLURM_JOB_UID=10013986
_ModuleTable_Sz_=17
CRAY_PYTHON_PREFIX=/opt/cray/pe/python/3.11.7
CRAY_LIBSCI_VERSION=25.03.0
SLURM_JOB_PARTITION=standard-g
LMOD_FAMILY_COMPILER=gcc-native
CRAY_DSMML_BASEDIR=/opt/cray/pe/dsmml/0.3.1
SLURM_HINT=nomultithread
CRAY_XPMEM_POST_LINK_OPTS=-L/usr/lib64
PE_MPICH_GENCOMPILERS_GNU=12.3
SLURM_JOB_USER=lazzaroa
SLURM_NPROCS=8
LUMI_LMOD_FAMILY_CRAYPE_CPU_VERSION=false
SHLVL=3
SLURM_SUBMIT_HOST=uan03
PYTHONPATH=/opt/cray/pe/python/3.11.7
CRAY_LIBSCI_PREFIX_DIR=/opt/cray/pe/libsci/25.03.0/GNU/12.3/x86_64
G_FILENAME_ENCODING=@locale,UTF-8,ISO-8859-15,CP1252
SLURM_JOB_ACCOUNT=project_462000031
GPUBIND=/pfs/lustref1/flash/project_462000031/lazzaroa/openmpi_on_ss11/select_gpu.sh
MANPATH=/pfs/lustref1/flash/project_462000031/lazzaroa/openmpi_on_ss11/install_rccl/man:/pfs/lustref1/flash/project_462000031/lazzaroa/openmpi_on_ss11/install_ompi/share/man:/pfs/lustref1/flash/project_462000031/lazzaroa/openmpi_on_ss11/install_libfabric/share/man:/pfs/lustref1/flash/project_462000031/lazzaroa/openmpi_on_ss11/install_cxi/share/man:/pfs/lustref1/flash/project_462000031/lazzaroa/openmpi_on_ss11/install_cxi/man:/opt/rocm-6.3.4/share/man:/opt/cray/pe/libsci/25.03.0/share/man:/opt/cray/pe/mpich/8.1.32/ofi/man:/opt/cray/pe/mpich/8.1.32/man/mpich:/opt/cray/pe/dsmml/0.3.1/dsmml/man:/opt/cray/pe/craype/2.7.34/man:/opt/cray/pe/python/3.11.7/share/man:/appl/lumi/SW/system/EB/lumi-tools/24.05/share/man:/opt/cray/pe/perftools/25.03.0/man:/opt/cray/pe/papi/7.2.0.1/share/pdoc/man:/opt/cray/libfabric/1.22.0/share/man:/opt/cray/pe/lmod/lmod/share/man:/users/lazzaroa/.local/share/man:/usr/local/man:/usr/share/man
CRAY_DSMML_VERSION=0.3.1
CPPFLAGS=-I/pfs/lustref1/flash/project_462000031/lazzaroa/openmpi_on_ss11/install_cxi/include -I/opt/rocm-6.3.4/include
CRAY_ROCM_INCLUDE_OPTS=-I/opt/rocm-6.3.4/include -I/opt/rocm-6.3.4/include/rocprofiler -I/opt/rocm-6.3.4/include/roctracer -I/opt/rocm-6.3.4/include/hip -D__HIP_PLATFORM_AMD__
MPICH_DIR=/opt/cray/pe/mpich/8.1.32/ofi/gnu/12.3
EBVERSIONLUMIMINTOOLS=24.05
HYDRA_BOOTSTRAP=slurm
PE_MPICH_GTL_LIBS_nvidia90=-lmpi_gtl_cuda
ROOT_DIR=/pfs/lustref1/flash/project_462000031/lazzaroa/openmpi_on_ss11
LUMI_LMOD_FAMILY_GCC_COMPILER_VERSION=14.2
MODULEPATH=/opt/cray/pe/lmod/modulefiles/mpi/gnu/12.0/ofi/1.0/cray-mpich/8.0:/opt/cray/pe/lmod/modulefiles/comnet/gnu/12.0/ofi/1.0:/opt/cray/pe/lmod/modulefiles/mix_compilers:/opt/cray/pe/lmod/modulefiles/compiler/gnu/12.0:/appl/lumi/modules/easybuild/system:/opt/cray/pe/lmod/modulefiles/perftools/25.03.0:/opt/cray/pe/lmod/modulefiles/net/ofi/1.0:/opt/cray/pe/lmod/modulefiles/cpu/x86-rome/1.0:/opt/cray/pe/modulefiles/Linux:/opt/cray/pe/modulefiles/Core:/opt/cray/pe/lmod/lmod/modulefiles/Core:/opt/cray/pe/lmod/modulefiles/core:/opt/cray/pe/lmod/modulefiles/craype-targets/default:/appl/lumi/modules/SoftwareStack:/appl/lumi/modules/StyleModifiers:/appl/lumi/modules/init-LUMI-SoftwareStack:/opt/cray/modulefiles
CRAY_MPICH_DIR=/opt/cray/pe/mpich/8.1.32/ofi/gnu/12.3
CRAY_PYTHON_VERSION=3.11.7
SLURM_GTIDS=0
LMOD_FAMILY_CRAYPE=craype
LOGNAME=lazzaroa
DBUS_SESSION_BUS_ADDRESS=unix:path=/run/user/10013986/bus
CRAY_MPICH_VERSION=8.1.32
XDG_RUNTIME_DIR=/run/user/10013986
PREFIX_OMPI=/pfs/lustref1/flash/project_462000031/lazzaroa/openmpi_on_ss11/install_ompi
LDFLAGS=-g -O -L/pfs/lustref1/flash/project_462000031/lazzaroa/openmpi_on_ss11/install_cxi/lib -L/opt/rocm-6.3.4/lib
MODULEPATH_ROOT=/opt/cray/pe/modulefiles
LMOD_PACKAGE_PATH=/appl/lumi/LUMI-SoftwareStack/LMOD
PE_MPICH_GTL_LIBS_amd_gfx906=-lmpi_gtl_hsa
PE_DSMML_PKGCONFIG_LIBS=dsmml
JRE_HOME=/usr/lib64/jvm/java-11-openjdk-11
PE_LIBSCI_PKGCONFIG_VARIABLES=PE_LIBSCI_OMP_REQUIRES_@openmp@:PE_SCI_EXT_LIBPATH:PE_SCI_EXT_LIBNAME
XDG_CONFIG_DIRS=/etc/xdg
PATH=/pfs/lustref1/flash/project_462000031/lazzaroa/openmpi_on_ss11/install_rccl/bin:/pfs/lustref1/flash/project_462000031/lazzaroa/openmpi_on_ss11/install_ompi/bin:/pfs/lustref1/flash/project_462000031/lazzaroa/openmpi_on_ss11/install_libfabric/bin:/pfs/lustref1/flash/project_462000031/lazzaroa/openmpi_on_ss11/install_cxi/bin:/opt/rocm-6.3.4/bin:/opt/cray/pe/mpich/8.1.32/ofi/gnu/12.3/bin:/opt/cray/pe/mpich/8.1.32/bin:/opt/cray/pe/craype/2.7.34/bin:/opt/cray/pe/gcc-native/14/bin:/opt/cray/pe/python/3.11.7/bin:/appl/lumi/SW/system/EB/lumi-tools/24.05/bin:/opt/cray/pe/perftools/25.03.0/bin:/opt/cray/pe/papi/7.2.0.1/bin:/opt/cray/libfabric/1.22.0/bin:/users/lazzaroa/.local/bin:/users/lazzaroa/bin:/usr/local/bin:/usr/bin:/bin:/usr/lib/mit/bin:/usr/lib/mit/sbin:/opt/cray/pe/bin
PE_MPICH_GTL_LIBS_amd_gfx908=-lmpi_gtl_hsa
SLURM_JOB_ID=16592104
_ModuleTable014_=IDAsCnN0YXR1cyA9ICJhY3RpdmUiLAp1c2VyTmFtZSA9ICJ4cG1lbSIsCndWID0gIjAwMDAwMDAwMi4wMDAwMDAwMTEuMDAwMDAwMDA1Lip6ZmluYWwtLjAwMDAwMDAwMS4wMDAwMDAwMDMuKl8uKmcuMDAwMDAwMDczLiphZGUuMDAwMDQzMzIwLipiYy4qemZpbmFsIiwKfSwKfSwKbXBhdGhBID0gewoiL29wdC9jcmF5L3BlL2xtb2QvbW9kdWxlZmlsZXMvbXBpL2dudS8xMi4wL29maS8xLjAvY3JheS1tcGljaC84LjAiCiwgIi9vcHQvY3JheS9wZS9sbW9kL21vZHVsZWZpbGVzL2NvbW5ldC9nbnUvMTIuMC9vZmkvMS4wIgosICIvb3B0L2NyYXkvcGUvbG1vZC9tb2R1bGVmaWxlcy9taXhfY29tcGlsZXJzIgosICIvb3B0L2NyYXkvcGUvbG1vZC9tb2R1bGVmaWxlcy9jb21waWxl
JAVA_BINDIR=/usr/lib64/jvm/java-11-openjdk-11/bin
PE_MPICH_GTL_DIR_nvidia90=-L/opt/cray/pe/mpich/8.1.32/gtl/lib
__LMOD_REF_COUNT_PE_PRODUCT_LIST=CRAYPE:1;CRAYPE_X86_ROME:1;PERFTOOLS:1;CRAYPAT:1;CRAY_ROCM:1
_LMFILES_=/opt/cray/pe/lmod/modulefiles/craype-targets/default/craype-x86-rome.lua:/opt/cray/modulefiles/libfabric/1.22.0:/opt/cray/pe/lmod/modulefiles/craype-targets/default/craype-network-ofi.lua:/opt/cray/pe/lmod/modulefiles/core/perftools-base/25.03.0.lua:/opt/cray/modulefiles/xpmem/2.11.5-1.3_g73ade43320bc:/appl/lumi/modules/StyleModifiers/ModuleLabel/label.lua:/appl/lumi/modules/easybuild/system/lumi-tools/24.05.lua:/appl/lumi/modules/init-LUMI-SoftwareStack/init-lumi/0.2.lua:/opt/cray/pe/lmod/modulefiles/core/cray-python/3.11.7.lua:/opt/cray/pe/lmod/modulefiles/core/gcc-native/14.2.lua:/opt/cray/pe/lmod/modulefiles/core/craype/2.7.34.lua:/opt/cray/pe/lmod/modulefiles/core/cray-dsmml/0.3.1.lua:/opt/cray/pe/lmod/modulefiles/comnet/gnu/12.0/ofi/1.0/cray-mpich/8.1.32.lua:/opt/cray/pe/lmod/modulefiles/compiler/gnu/12.0/cray-libsci/25.03.0.lua:/opt/cray/pe/lmod/modulefiles/core/PrgEnv-gnu/8.6.0.lua:/opt/cray/pe/lmod/modulefiles/core/rocm/6.3.4.lua
LMOD_FAMILY_LIBSCI_VERSION=25.03.0
MODULESHOME=/opt/cray/pe/lmod/lmod
PKG_CONFIG_PATH=/pfs/lustref1/flash/project_462000031/lazzaroa/openmpi_on_ss11/install_rccl/lib/pkgconfig:/pfs/lustref1/flash/project_462000031/lazzaroa/openmpi_on_ss11/install_ompi/lib/pkgconfig:/pfs/lustref1/flash/project_462000031/lazzaroa/openmpi_on_ss11/install_libfabric/lib/pkgconfig:/pfs/lustref1/flash/project_462000031/lazzaroa/openmpi_on_ss11/install_cxi/lib/pkgconfig:/usr/lib64/pkgconfig:/opt/cray/pe/dsmml/0.3.1/dsmml/lib/pkgconfig:/opt/cray/pe/craype/2.7.34/pkg-config:/opt/cray/libfabric/1.22.0/lib64/pkgconfig
LMOD_SETTARG_FULL_SUPPORT=no
G_BROKEN_FILENAMES=1
PE_GNU_FIXED_PKGCONFIG_PATH=/opt/cray/pe/mpich/8.1.32/ofi/gnu/12.3/lib/pkgconfig
_ModuleTable011_=ZSA9ICJsaWJmYWJyaWMvMS4yMi4wIiwKbG9hZE9yZGVyID0gMiwKcHJvcFQgPSB7fSwKc3RhY2tEZXB0aCA9IDEsCnN0YXR1cyA9ICJhY3RpdmUiLAp1c2VyTmFtZSA9ICJsaWJmYWJyaWMiLAp3ViA9ICJeMDAwMDAwMDEuMDAwMDAwMDIyLip6ZmluYWwiLAp9LApbImx1bWktdG9vbHMiXSA9IHsKZm4gPSAiL2FwcGwvbHVtaS9tb2R1bGVzL2Vhc3lidWlsZC9zeXN0ZW0vbHVtaS10b29scy8yNC4wNS5sdWEiLApmdWxsTmFtZSA9ICJsdW1pLXRvb2xzLzI0LjA1IiwKbG9hZE9yZGVyID0gNywKcHJvcFQgPSB7Cmxtb2QgPSB7CnN0aWNreSA9IDEsCn0sCn0sCnN0YWNrRGVwdGggPSAxLApzdGF0dXMgPSAiYWN0aXZlIiwKdXNlck5hbWUgPSAibHVtaS10b29scyIsCndWID0gIjAw
PREFIX_LIBFABRIC=/pfs/lustref1/flash/project_462000031/lazzaroa/openmpi_on_ss11/install_libfabric
PE_MPICH_GTL_LIBS_amd_gfx90a=-lmpi_gtl_hsa
HISTSIZE=1000
CRAYPE_DIR=/opt/cray/pe/craype/2.7.34
LMOD_PKG=/opt/cray/pe/lmod/lmod
__LMOD_REF_COUNT_PE_MPICH_PKGCONFIG_LIBS=mpich:1
OFFLOAD_INIT=on_start
__LMOD_REF_COUNT_PE_PKGCONFIG_LIBS=rocm-6.3.4:1;libsci_mpi:1;libsci:1;mpich:1;dsmml:1
CPU=x86_64
SSH_SENDS_LOCALE=yes
CRAYPE_VERSION=2.7.34
EBU_USER_PREFIX=/project/project_462000031/lazzaroa/EasyBuild
_ModuleTable005_=aWNoLzguMS4zMi5sdWEiLApmdWxsTmFtZSA9ICJjcmF5LW1waWNoLzguMS4zMiIsCmxvYWRPcmRlciA9IDEzLApwcm9wVCA9IHt9LApzdGFja0RlcHRoID0gMSwKc3RhdHVzID0gImFjdGl2ZSIsCnVzZXJOYW1lID0gImNyYXktbXBpY2giLAp3ViA9ICJeMDAwMDAwMDguMDAwMDAwMDAxLjAwMDAwMDAzMi4qemZpbmFsIiwKfSwKWyJjcmF5LXB5dGhvbiJdID0gewpmbiA9ICIvb3B0L2NyYXkvcGUvbG1vZC9tb2R1bGVmaWxlcy9jb3JlL2NyYXktcHl0aG9uLzMuMTEuNy5sdWEiLApmdWxsTmFtZSA9ICJjcmF5LXB5dGhvbi8zLjExLjciLApsb2FkT3JkZXIgPSA5LApwcm9wVCA9IHt9LApzdGFja0RlcHRoID0gMCwKc3RhdHVzID0gImFjdGl2ZSIsCnVzZXJOYW1lID0gImNyYXkt
LMOD_CMD=/opt/cray/pe/lmod/lmod/libexec/lmod
SLURM_LOCALID=0
CRAY_MPICH_PREFIX=/opt/cray/pe/mpich/8.1.32/ofi/gnu/12.3
PE_GCC_EXTERNAL=native
LESSOPEN=lessopen.sh %s
CRAYPAT_OPTS_EXECUTABLE=libexec64/opts
CRAY_XPMEM_INCLUDE_OPTS=-I/usr/include
PE_LIBSCI_GENCOMPS_GNU_x86_64=123
LMOD_DIR=/opt/cray/pe/lmod/lmod/libexec
LMOD_FAMILY_MPI=cray-mpich
BASH_FUNC_module%%=() {  if [ -z "${LMOD_SH_DBG_ON+x}" ]; then
 case "$-" in 
 *v*x*)
 __lmod_sh_dbg='vx'
 ;;
 *v*)
 __lmod_sh_dbg='v'
 ;;
 *x*)
 __lmod_sh_dbg='x'
 ;;
 esac;
 fi;
 if [ -n "${__lmod_sh_dbg:-}" ]; then
 set +$__lmod_sh_dbg;
 echo "Shell debugging temporarily silenced: export LMOD_SH_DBG_ON=1 for Lmod's output" 1>&2;
 fi;
 eval "$($LMOD_CMD shell "$@")" && eval "$(${LMOD_SETTARG_CMD:-:} -s sh)";
 __lmod_my_status=$?;
 if [ -n "${__lmod_sh_dbg:-}" ]; then
 echo "Shell debugging restarted" 1>&2;
 set -$__lmod_sh_dbg;
 fi;
 unset __lmod_sh_dbg;
 return $__lmod_my_status
}
BASH_FUNC_ml%%=() {  eval "$($LMOD_DIR/ml_cmd "$@")"
}
_=/usr/bin/env
========
_n8_software_16592104_opt_5.0.10
========
with LinkX
-- mpirun /pfs/lustref1/flash/project_462000031/lazzaroa/openmpi_on_ss11/osu/osu-ompi//libexec/osu-micro-benchmarks//mpi/collective/osu_alltoall -d rocm D D
[nid005539:32140] Rank 0 bound to package[0][core:L0-6]
[nid005539:32140] Rank 2 bound to package[0][core:L14-20]
[nid005539:32140] Rank 6 bound to package[0][core:L42-48]
[nid005539:32140] Rank 4 bound to package[0][core:L28-34]
[nid005539:32140] Rank 3 bound to package[0][core:L21-27]
[nid005539:32140] Rank 1 bound to package[0][core:L7-13]
[nid005539:32140] Rank 7 bound to package[0][core:L49-55]
[nid005539:32140] Rank 5 bound to package[0][core:L35-41]

# OSU MPI-ROCM All-to-All Personalized Exchange Latency Test v7.5.2
# Datatype: MPI_CHAR.
# Size       Avg Latency(us)
1                      59.62
2                      60.21
4                      60.36
8                      60.93
16                     59.94
32                     59.54
64                     59.36
128                    60.20
256                    59.86
512                    59.74
1024                   60.04
2048                   60.94
4096                   85.25
8192                   85.59
16384                  86.01
32768                  86.71
65536                  89.69
131072                 96.16
262144                109.66
524288                156.07
1048576               238.09
-- mpirun /pfs/lustref1/flash/project_462000031/lazzaroa/openmpi_on_ss11/osu/osu-ompi//libexec/osu-micro-benchmarks//mpi/collective/osu_allreduce -d rocm D D
[nid005539:32391] Rank 0 bound to package[0][core:L0-6]
[nid005539:32391] Rank 2 bound to package[0][core:L14-20]
[nid005539:32391] Rank 1 bound to package[0][core:L7-13]
[nid005539:32391] Rank 4 bound to package[0][core:L28-34]
[nid005539:32391] Rank 3 bound to package[0][core:L21-27]
[nid005539:32391] Rank 5 bound to package[0][core:L35-41]
[nid005539:32391] Rank 6 bound to package[0][core:L42-48]
[nid005539:32391] Rank 7 bound to package[0][core:L49-55]

# OSU MPI-ROCM Allreduce Latency Test v7.5.2
# Datatype: MPI_INT.
# Size       Avg Latency(us)
4                     273.41
8                      80.82
16                     79.33
32                     79.30
64                     79.49
128                    82.63
256                    82.15
512                    80.20
1024                   80.77
2048                   82.46
4096                   84.76
8192                   90.72
16384                 101.52
32768                 115.40
65536                 133.68
131072                160.82
262144                183.00
524288                245.37
1048576               370.79
-- mpirun /pfs/lustref1/flash/project_462000031/lazzaroa/openmpi_on_ss11/osu/osu-ompi//libexec/osu-micro-benchmarks//mpi/collective/osu_allgather -d rocm D D
[nid005539:32664] Rank 0 bound to package[0][core:L0-6]
[nid005539:32664] Rank 1 bound to package[0][core:L7-13]
[nid005539:32664] Rank 2 bound to package[0][core:L14-20]
[nid005539:32664] Rank 3 bound to package[0][core:L21-27]
[nid005539:32664] Rank 4 bound to package[0][core:L28-34]
[nid005539:32664] Rank 5 bound to package[0][core:L35-41]
[nid005539:32664] Rank 6 bound to package[0][core:L42-48]
[nid005539:32664] Rank 7 bound to package[0][core:L49-55]

# OSU MPI-ROCM Allgather Latency Test v7.5.2
# Datatype: MPI_CHAR.
# Size       Avg Latency(us)
1                      44.92
2                      44.99
4                      44.72
8                      45.79
16                     45.47
32                     45.31
64                     45.43
128                    45.51
256                    45.88
512                    46.27
1024                   47.10
2048                   51.40
4096                   67.37
8192                   69.42
16384                  69.38
32768                  71.82
65536                  78.05
131072                 90.34
262144                115.96
524288                166.48
1048576               268.75
-- mpirun /pfs/lustref1/flash/project_462000031/lazzaroa/openmpi_on_ss11/osu/osu-ompi//libexec/osu-micro-benchmarks//mpi/collective/osu_allreduce H H
[nid005539:32927] Rank 0 bound to package[0][core:L0-6]
[nid005539:32927] Rank 1 bound to package[0][core:L7-13]
[nid005539:32927] Rank 2 bound to package[0][core:L14-20]
[nid005539:32927] Rank 3 bound to package[0][core:L21-27]
[nid005539:32927] Rank 4 bound to package[0][core:L28-34]
[nid005539:32927] Rank 5 bound to package[0][core:L35-41]
[nid005539:32927] Rank 7 bound to package[0][core:L49-55]
[nid005539:32927] Rank 6 bound to package[0][core:L42-48]

# OSU MPI Allreduce Latency Test v7.5.2
# Datatype: MPI_INT.
# Size       Avg Latency(us)
4                       4.64
8                       4.73
16                      4.67
32                      4.91
64                      5.56
128                     5.87
256                     6.15
512                     6.40
1024                    6.60
2048                    7.45
4096                    9.05
8192                   14.73
16384                  19.56
32768                  23.63
65536                  35.70
131072                 63.85
262144                126.86
524288                227.43
1048576               394.36
-- mpirun /pfs/lustref1/flash/project_462000031/lazzaroa/openmpi_on_ss11/osu/osu-ompi//libexec/osu-micro-benchmarks//mpi/collective/osu_alltoall H H
[nid005539:33110] Rank 0 bound to package[0][core:L0-6]
[nid005539:33110] Rank 1 bound to package[0][core:L7-13]
[nid005539:33110] Rank 2 bound to package[0][core:L14-20]
[nid005539:33110] Rank 3 bound to package[0][core:L21-27]
[nid005539:33110] Rank 4 bound to package[0][core:L28-34]
[nid005539:33110] Rank 5 bound to package[0][core:L35-41]
[nid005539:33110] Rank 6 bound to package[0][core:L42-48]
[nid005539:33110] Rank 7 bound to package[0][core:L49-55]

# OSU MPI All-to-All Personalized Exchange Latency Test v7.5.2
# Datatype: MPI_CHAR.
# Size       Avg Latency(us)
1                       8.20
2                       8.18
4                       8.25
8                       8.26
16                      8.17
32                      8.15
64                      8.61
128                     8.71
256                    10.98
512                    11.12
1024                   11.48
2048                   13.18
4096                   16.12
8192                   12.14
16384                  15.89
32768                  19.05
65536                  30.79
131072                 50.88
262144                 82.01
524288                134.52
1048576               252.69
-- mpirun /pfs/lustref1/flash/project_462000031/lazzaroa/openmpi_on_ss11/osu/osu-ompi//libexec/osu-micro-benchmarks//mpi/collective/osu_allgather H H
[nid005539:33339] Rank 0 bound to package[0][core:L0-6]
[nid005539:33339] Rank 1 bound to package[0][core:L7-13]
[nid005539:33339] Rank 3 bound to package[0][core:L21-27]
[nid005539:33339] Rank 4 bound to package[0][core:L28-34]
[nid005539:33339] Rank 2 bound to package[0][core:L14-20]
[nid005539:33339] Rank 5 bound to package[0][core:L35-41]
[nid005539:33339] Rank 7 bound to package[0][core:L49-55]
[nid005539:33339] Rank 6 bound to package[0][core:L42-48]

# OSU MPI Allgather Latency Test v7.5.2
# Datatype: MPI_CHAR.
# Size       Avg Latency(us)
1                       4.43
2                       4.41
4                       4.42
8                       4.50
16                      4.71
32                      4.92
64                      5.42
128                     5.69
256                     5.81
512                     6.24
1024                    7.24
2048                    9.22
4096                   11.37
8192                   15.70
16384                  25.71
32768                  47.82
65536                 107.25
131072                197.58
262144                406.46
524288                844.74
1048576              1668.03
no OpenMPI internal transport, only libfabric. Use CXI directly
-- mpirun /pfs/lustref1/flash/project_462000031/lazzaroa/openmpi_on_ss11/osu/osu-ompi//libexec/osu-micro-benchmarks//mpi/collective/osu_alltoall -d rocm D D
[nid005539:33555] Rank 0 bound to package[0][core:L0-6]
[nid005539:33555] Rank 1 bound to package[0][core:L7-13]
[nid005539:33555] Rank 2 bound to package[0][core:L14-20]
[nid005539:33555] Rank 3 bound to package[0][core:L21-27]
[nid005539:33555] Rank 4 bound to package[0][core:L28-34]
[nid005539:33555] Rank 6 bound to package[0][core:L42-48]
[nid005539:33555] Rank 5 bound to package[0][core:L35-41]
[nid005539:33555] Rank 7 bound to package[0][core:L49-55]

# OSU MPI-ROCM All-to-All Personalized Exchange Latency Test v7.5.2
# Datatype: MPI_CHAR.
# Size       Avg Latency(us)
1                      21.82
2                      22.04
4                      22.05
8                      23.23
16                     21.88
32                     21.95
64                     22.01
128                    22.67
256                    22.74
512                    27.27
1024                   23.43
2048                   23.95
4096                   25.22
8192                   34.47
16384                  39.27
32768                  49.10
65536                  68.98
131072                108.79
262144                187.36
524288                345.19
1048576               666.04
-- mpirun /pfs/lustref1/flash/project_462000031/lazzaroa/openmpi_on_ss11/osu/osu-ompi//libexec/osu-micro-benchmarks//mpi/collective/osu_allreduce -d rocm D D
[nid005539:33796] Rank 0 bound to package[0][core:L0-6]
[nid005539:33796] Rank 1 bound to package[0][core:L7-13]
[nid005539:33796] Rank 2 bound to package[0][core:L14-20]
[nid005539:33796] Rank 4 bound to package[0][core:L28-34]
[nid005539:33796] Rank 3 bound to package[0][core:L21-27]
[nid005539:33796] Rank 5 bound to package[0][core:L35-41]
[nid005539:33796] Rank 6 bound to package[0][core:L42-48]
[nid005539:33796] Rank 7 bound to package[0][core:L49-55]

# OSU MPI-ROCM Allreduce Latency Test v7.5.2
# Datatype: MPI_INT.
# Size       Avg Latency(us)
4                      33.48
8                      32.89
16                     32.68
32                     32.93
64                     33.00
128                    34.12
256                    35.72
512                    36.06
1024                   36.51
2048                   43.95
4096                   39.48
8192                   44.98
16384                  57.43
32768                  75.31
65536                 100.47
131072                128.33
262144                184.07
524288                290.81
1048576               522.54
-- mpirun /pfs/lustref1/flash/project_462000031/lazzaroa/openmpi_on_ss11/osu/osu-ompi//libexec/osu-micro-benchmarks//mpi/collective/osu_allgather -d rocm D D
[nid005539:34008] Rank 0 bound to package[0][core:L0-6]
[nid005539:34008] Rank 1 bound to package[0][core:L7-13]
[nid005539:34008] Rank 2 bound to package[0][core:L14-20]
[nid005539:34008] Rank 3 bound to package[0][core:L21-27]
[nid005539:34008] Rank 4 bound to package[0][core:L28-34]
[nid005539:34008] Rank 5 bound to package[0][core:L35-41]
[nid005539:34008] Rank 6 bound to package[0][core:L42-48]
[nid005539:34008] Rank 7 bound to package[0][core:L49-55]

# OSU MPI-ROCM Allgather Latency Test v7.5.2
# Datatype: MPI_CHAR.
# Size       Avg Latency(us)
1                      22.95
2                      23.18
4                      23.24
8                      24.35
16                     23.00
32                     23.82
64                     24.56
128                    25.00
256                    25.16
512                    25.88
1024                   32.01
2048                   32.86
4096                   40.54
8192                   48.18
16384                  52.35
32768                  62.24
65536                  82.20
131072                121.86
262144                200.95
524288                358.92
1048576               674.18
-- mpirun /pfs/lustref1/flash/project_462000031/lazzaroa/openmpi_on_ss11/osu/osu-ompi//libexec/osu-micro-benchmarks//mpi/collective/osu_allreduce H H
[nid005539:34282] Rank 0 bound to package[0][core:L0-6]
[nid005539:34282] Rank 1 bound to package[0][core:L7-13]
[nid005539:34282] Rank 2 bound to package[0][core:L14-20]
[nid005539:34282] Rank 3 bound to package[0][core:L21-27]
[nid005539:34282] Rank 5 bound to package[0][core:L35-41]
[nid005539:34282] Rank 4 bound to package[0][core:L28-34]
[nid005539:34282] Rank 6 bound to package[0][core:L42-48]
[nid005539:34282] Rank 7 bound to package[0][core:L49-55]

# OSU MPI Allreduce Latency Test v7.5.2
# Datatype: MPI_INT.
# Size       Avg Latency(us)
4                      10.78
8                      10.66
16                     10.72
32                     11.01
64                     11.14
128                    11.62
256                    13.39
512                    13.53
1024                   13.89
2048                   20.34
4096                   16.23
8192                   28.63
16384                  42.09
32768                  62.69
65536                  87.66
131072                116.02
262144                173.53
524288                273.66
1048576               463.73
-- mpirun /pfs/lustref1/flash/project_462000031/lazzaroa/openmpi_on_ss11/osu/osu-ompi//libexec/osu-micro-benchmarks//mpi/collective/osu_alltoall H H
[nid005539:34508] Rank 0 bound to package[0][core:L0-6]
[nid005539:34508] Rank 1 bound to package[0][core:L7-13]
[nid005539:34508] Rank 3 bound to package[0][core:L21-27]
[nid005539:34508] Rank 4 bound to package[0][core:L28-34]
[nid005539:34508] Rank 2 bound to package[0][core:L14-20]
[nid005539:34508] Rank 6 bound to package[0][core:L42-48]
[nid005539:34508] Rank 5 bound to package[0][core:L35-41]
[nid005539:34508] Rank 7 bound to package[0][core:L49-55]

# OSU MPI All-to-All Personalized Exchange Latency Test v7.5.2
# Datatype: MPI_CHAR.
# Size       Avg Latency(us)
1                      10.45
2                      10.46
4                      10.44
8                      10.56
16                     10.48
32                     10.69
64                     10.63
128                    10.74
256                    11.45
512                    15.70
1024                   11.94
2048                   12.33
4096                   13.21
8192                   22.37
16384                  29.25
32768                  42.76
65536                  68.63
131072                121.46
262144                227.44
524288                464.04
1048576               995.93
-- mpirun /pfs/lustref1/flash/project_462000031/lazzaroa/openmpi_on_ss11/osu/osu-ompi//libexec/osu-micro-benchmarks//mpi/collective/osu_allgather H H
[nid005539:34701] Rank 0 bound to package[0][core:L0-6]
[nid005539:34701] Rank 1 bound to package[0][core:L7-13]
[nid005539:34701] Rank 2 bound to package[0][core:L14-20]
[nid005539:34701] Rank 4 bound to package[0][core:L28-34]
[nid005539:34701] Rank 3 bound to package[0][core:L21-27]
[nid005539:34701] Rank 5 bound to package[0][core:L35-41]
[nid005539:34701] Rank 6 bound to package[0][core:L42-48]
[nid005539:34701] Rank 7 bound to package[0][core:L49-55]

# OSU MPI Allgather Latency Test v7.5.2
# Datatype: MPI_CHAR.
# Size       Avg Latency(us)
1                      10.44
2                      10.43
4                      10.46
8                      10.51
16                     10.61
32                     10.79
64                     11.90
128                    12.75
256                    13.03
512                    13.49
1024                   18.63
2048                   19.79
4096                   27.03
8192                   34.42
16384                  40.57
32768                  53.20
65536                  79.38
131072                133.23
262144                247.19
524288                469.05
1048576               912.69
========
_n8_hybrid_16592104_opt_5.0.10
========
no OpenMPI internal transport, only libfabric. Use CXI directly
-- mpirun /pfs/lustref1/flash/project_462000031/lazzaroa/openmpi_on_ss11/osu/osu-ompi//libexec/osu-micro-benchmarks//mpi/collective/osu_alltoall -d rocm D D
[nid005539:34966] Rank 0 bound to package[0][core:L0-6]
[nid005539:34966] Rank 1 bound to package[0][core:L7-13]
[nid005539:34966] Rank 2 bound to package[0][core:L14-20]
[nid005539:34966] Rank 3 bound to package[0][core:L21-27]
[nid005539:34966] Rank 5 bound to package[0][core:L35-41]
[nid005539:34966] Rank 4 bound to package[0][core:L28-34]
[nid005539:34966] Rank 6 bound to package[0][core:L42-48]
[nid005539:34966] Rank 7 bound to package[0][core:L49-55]

# OSU MPI-ROCM All-to-All Personalized Exchange Latency Test v7.5.2
# Datatype: MPI_CHAR.
# Size       Avg Latency(us)
1                      23.77
2                      23.94
4                      24.08
8                      25.08
16                     23.90
32                     23.76
64                     23.86
128                    24.02
256                    24.52
512                    24.74
1024                   25.01
2048                   25.38
4096                   26.09
8192                   31.14
16384                  36.16
32768                  46.41
65536                  68.62
131072                113.22
262144                224.75
524288                453.62
1048576               897.11
-- mpirun /pfs/lustref1/flash/project_462000031/lazzaroa/openmpi_on_ss11/osu/osu-ompi//libexec/osu-micro-benchmarks//mpi/collective/osu_allreduce -d rocm D D
[nid005539:35186] Rank 0 bound to package[0][core:L0-6]
[nid005539:35186] Rank 1 bound to package[0][core:L7-13]
[nid005539:35186] Rank 2 bound to package[0][core:L14-20]
[nid005539:35186] Rank 3 bound to package[0][core:L21-27]
[nid005539:35186] Rank 4 bound to package[0][core:L28-34]
[nid005539:35186] Rank 6 bound to package[0][core:L42-48]
[nid005539:35186] Rank 5 bound to package[0][core:L35-41]
[nid005539:35186] Rank 7 bound to package[0][core:L49-55]

# OSU MPI-ROCM Allreduce Latency Test v7.5.2
# Datatype: MPI_INT.
# Size       Avg Latency(us)
4                      34.99
8                      34.96
16                     35.37
32                     33.94
64                     34.01
128                    34.97
256                    37.09
512                    37.46
1024                   38.00
2048                   39.18
4096                   41.13
8192                   45.62
16384                  50.84
32768                  59.25
65536                  77.85
131072                113.92
262144                194.20
524288                353.88
1048576               683.34
-- mpirun /pfs/lustref1/flash/project_462000031/lazzaroa/openmpi_on_ss11/osu/osu-ompi//libexec/osu-micro-benchmarks//mpi/collective/osu_allgather -d rocm D D
[nid005539:35438] Rank 0 bound to package[0][core:L0-6]
[nid005539:35438] Rank 1 bound to package[0][core:L7-13]
[nid005539:35438] Rank 2 bound to package[0][core:L14-20]
[nid005539:35438] Rank 4 bound to package[0][core:L28-34]
[nid005539:35438] Rank 3 bound to package[0][core:L21-27]
[nid005539:35438] Rank 5 bound to package[0][core:L35-41]
[nid005539:35438] Rank 6 bound to package[0][core:L42-48]
[nid005539:35438] Rank 7 bound to package[0][core:L49-55]

# OSU MPI-ROCM Allgather Latency Test v7.5.2
# Datatype: MPI_CHAR.
# Size       Avg Latency(us)
1                      24.31
2                      24.44
4                      24.47
8                      25.54
16                     24.18
32                     24.99
64                     25.62
128                    25.80
256                    25.98
512                    26.45
1024                   27.22
2048                   29.37
4096                   32.49
8192                   36.62
16384                  40.71
32768                  48.59
65536                  64.07
131072                 99.89
262144                170.11
524288                310.41
1048576               591.03
-- mpirun /pfs/lustref1/flash/project_462000031/lazzaroa/openmpi_on_ss11/osu/osu-ompi//libexec/osu-micro-benchmarks//mpi/collective/osu_allreduce H H
[nid005539:35689] Rank 0 bound to package[0][core:L0-6]
[nid005539:35689] Rank 1 bound to package[0][core:L7-13]
[nid005539:35689] Rank 2 bound to package[0][core:L14-20]
[nid005539:35689] Rank 3 bound to package[0][core:L21-27]
[nid005539:35689] Rank 6 bound to package[0][core:L42-48]
[nid005539:35689] Rank 7 bound to package[0][core:L49-55]
[nid005539:35689] Rank 4 bound to package[0][core:L28-34]
[nid005539:35689] Rank 5 bound to package[0][core:L35-41]

# OSU MPI Allreduce Latency Test v7.5.2
# Datatype: MPI_INT.
# Size       Avg Latency(us)
4                      11.53
8                      11.52
16                     11.55
32                     11.81
64                     11.91
128                    11.96
256                    14.84
512                    15.04
1024                   15.37
2048                   16.18
4096                   17.18
8192                   30.94
16384                  37.29
32768                  48.57
65536                  67.72
131072                102.71
262144                174.89
524288                320.53
1048576               621.35
-- mpirun /pfs/lustref1/flash/project_462000031/lazzaroa/openmpi_on_ss11/osu/osu-ompi//libexec/osu-micro-benchmarks//mpi/collective/osu_alltoall H H
[nid005539:35891] Rank 0 bound to package[0][core:L0-6]
[nid005539:35891] Rank 1 bound to package[0][core:L7-13]
[nid005539:35891] Rank 2 bound to package[0][core:L14-20]
[nid005539:35891] Rank 3 bound to package[0][core:L21-27]
[nid005539:35891] Rank 4 bound to package[0][core:L28-34]
[nid005539:35891] Rank 5 bound to package[0][core:L35-41]
[nid005539:35891] Rank 6 bound to package[0][core:L42-48]
[nid005539:35891] Rank 7 bound to package[0][core:L49-55]

# OSU MPI All-to-All Personalized Exchange Latency Test v7.5.2
# Datatype: MPI_CHAR.
# Size       Avg Latency(us)
1                      12.64
2                      12.62
4                      12.62
8                      12.63
16                     12.19
32                     12.15
64                     12.21
128                    12.28
256                    13.23
512                    13.18
1024                   13.63
2048                   14.12
4096                   14.43
8192                   18.69
16384                  24.74
32768                  39.00
65536                  65.99
131072                120.51
262144                249.02
524288                495.02
1048576               992.48
-- mpirun /pfs/lustref1/flash/project_462000031/lazzaroa/openmpi_on_ss11/osu/osu-ompi//libexec/osu-micro-benchmarks//mpi/collective/osu_allgather H H
[nid005539:36115] Rank 0 bound to package[0][core:L0-6]
[nid005539:36115] Rank 1 bound to package[0][core:L7-13]
[nid005539:36115] Rank 2 bound to package[0][core:L14-20]
[nid005539:36115] Rank 4 bound to package[0][core:L28-34]
[nid005539:36115] Rank 3 bound to package[0][core:L21-27]
[nid005539:36115] Rank 6 bound to package[0][core:L42-48]
[nid005539:36115] Rank 5 bound to package[0][core:L35-41]
[nid005539:36115] Rank 7 bound to package[0][core:L49-55]

# OSU MPI Allgather Latency Test v7.5.2
# Datatype: MPI_CHAR.
# Size       Avg Latency(us)
1                      11.00
2                      11.00
4                      10.98
8                      11.11
16                     11.01
32                     11.12
64                     12.20
128                    13.66
256                    14.23
512                    14.57
1024                   15.04
2048                   16.83
4096                   19.84
8192                   23.58
16384                  29.27
32768                  40.51
65536                  64.33
131072                113.55
262144                207.15
524288                409.56
1048576               817.83
-- mpirun /pfs/lustref1/flash/project_462000031/lazzaroa/openmpi_on_ss11/osu/osu-ompi//libexec/osu-micro-benchmarks//xccl/collective/osu_xccl_alltoall -d rocm D D
[nid005539:36318] Rank 0 bound to package[0][core:L0-6]
[nid005539:36318] Rank 1 bound to package[0][core:L7-13]
[nid005539:36318] Rank 2 bound to package[0][core:L14-20]
[nid005539:36318] Rank 3 bound to package[0][core:L21-27]
[nid005539:36318] Rank 6 bound to package[0][core:L42-48]
[nid005539:36318] Rank 5 bound to package[0][core:L35-41]
[nid005539:36318] Rank 4 bound to package[0][core:L28-34]
[nid005539:36318] Rank 7 bound to package[0][core:L49-55]
#Using RCCL
#Using RCCL
#Using RCCL
#Using RCCL
#Using RCCL
#Using RCCL
#Using RCCL
#Using RCCL

# OSU RCCL-ROCM All-to-All Personalized Exchange Latency Test v7.5.2
# Size       Avg Latency(us)
1                      30.94
2                      31.19
4                      31.18
8                      31.20
16                     31.15
32                     31.20
64                     31.31
128                    31.32
256                    31.45
512                    31.31
1024                   31.81
2048                   32.67
4096                   34.33
8192                   34.94
16384                  38.50
32768                  45.42
65536                  44.95
131072                 51.55
262144                 69.33
524288                103.40
1048576               171.84
-- mpirun /pfs/lustref1/flash/project_462000031/lazzaroa/openmpi_on_ss11/osu/osu-ompi//libexec/osu-micro-benchmarks//xccl/collective/osu_xccl_allreduce -d rocm D D
[nid005539:36630] Rank 0 bound to package[0][core:L0-6]
[nid005539:36630] Rank 1 bound to package[0][core:L7-13]
[nid005539:36630] Rank 2 bound to package[0][core:L14-20]
[nid005539:36630] Rank 3 bound to package[0][core:L21-27]
[nid005539:36630] Rank 4 bound to package[0][core:L28-34]
[nid005539:36630] Rank 5 bound to package[0][core:L35-41]
[nid005539:36630] Rank 6 bound to package[0][core:L42-48]
[nid005539:36630] Rank 7 bound to package[0][core:L49-55]
#Using RCCL
#Using RCCL
#Using RCCL
#Using RCCL
#Using RCCL
#Using RCCL
#Using RCCL
#Using RCCL

# OSU RCCL-ROCM Allreduce Latency Test v7.5.2
# Size       Avg Latency(us)
4                      37.17
8                      37.02
16                     36.90
32                     39.09
64                     41.92
128                    47.76
256                    47.75
512                    48.17
1024                   48.41
2048                   49.29
4096                   50.43
8192                   51.87
16384                  53.07
32768                  52.66
65536                  52.46
131072                 53.37
262144                 95.29
524288                119.74
1048576               130.68
-- mpirun /pfs/lustref1/flash/project_462000031/lazzaroa/openmpi_on_ss11/osu/osu-ompi//libexec/osu-micro-benchmarks//xccl/collective/osu_xccl_allgather -d rocm D D
[nid005539:36937] Rank 0 bound to package[0][core:L0-6]
[nid005539:36937] Rank 1 bound to package[0][core:L7-13]
[nid005539:36937] Rank 2 bound to package[0][core:L14-20]
[nid005539:36937] Rank 3 bound to package[0][core:L21-27]
[nid005539:36937] Rank 4 bound to package[0][core:L28-34]
[nid005539:36937] Rank 5 bound to package[0][core:L35-41]
[nid005539:36937] Rank 6 bound to package[0][core:L42-48]
[nid005539:36937] Rank 7 bound to package[0][core:L49-55]
#Using RCCL
#Using RCCL
#Using RCCL
#Using RCCL
#Using RCCL
#Using RCCL
#Using RCCL
#Using RCCL

# OSU RCCL-ROCM Allgather Latency Test v7.5.2
# Size       Avg Latency(us)
1                      38.04
2                      37.72
4                      37.72
8                      37.89
16                     37.91
32                     37.86
64                     37.92
128                    38.04
256                    38.05
512                    38.11
1024                   38.92
2048                   41.45
4096                   41.86
8192                   42.04
16384                  42.40
32768                  43.44
65536                  64.35
131072                 66.93
262144                 72.73
524288                 87.34
1048576               120.02
RCCL-tests
-- mpirun alltoall_perf -d uint8 -b 1 -e 128M -f 2 -g 1
[nid005539:37235] Rank 0 bound to package[0][core:L0-6]
[nid005539:37235] Rank 1 bound to package[0][core:L7-13]
[nid005539:37235] Rank 2 bound to package[0][core:L14-20]
[nid005539:37235] Rank 3 bound to package[0][core:L21-27]
[nid005539:37235] Rank 5 bound to package[0][core:L35-41]
[nid005539:37235] Rank 6 bound to package[0][core:L42-48]
[nid005539:37235] Rank 4 bound to package[0][core:L28-34]
[nid005539:37235] Rank 7 bound to package[0][core:L49-55]
# Collective test starting: alltoall_perf
# nThread 1 nGpus 1 minBytes 1 maxBytes 134217728 step: 2(factor) warmup iters: 5 iters: 20 agg iters: 1 validation: 1 graph: 0
#
rccl-tests: Version develop_deprecated:40b1b17
# Using devices
#  Rank  0 Group  0 Pid  37262 on  nid005539 device  0 [0000:d1:00] AMD Instinct MI250X
#  Rank  1 Group  0 Pid  37263 on  nid005539 device  0 [0000:d6:00] AMD Instinct MI250X
#  Rank  2 Group  0 Pid  37264 on  nid005539 device  0 [0000:c9:00] AMD Instinct MI250X
#  Rank  3 Group  0 Pid  37265 on  nid005539 device  0 [0000:ce:00] AMD Instinct MI250X
#  Rank  4 Group  0 Pid  37271 on  nid005539 device  0 [0000:d9:00] AMD Instinct MI250X
#  Rank  5 Group  0 Pid  37266 on  nid005539 device  0 [0000:de:00] AMD Instinct MI250X
#  Rank  6 Group  0 Pid  37268 on  nid005539 device  0 [0000:c1:00] AMD Instinct MI250X
#  Rank  7 Group  0 Pid  37274 on  nid005539 device  0 [0000:c6:00] AMD Instinct MI250X
#
#                                                              out-of-place                       in-place          
#       size         count      type   redop    root     time   algbw   busbw #wrong     time   algbw   busbw #wrong                               
#        (B)    (elements)                               (us)  (GB/s)  (GB/s)            (us)  (GB/s)  (GB/s)                                      
           0             0     uint8    none      -1     0.12    0.00    0.00      0     0.09    0.00    0.00    N/A
           0             0     uint8    none      -1     0.08    0.00    0.00      0     0.08    0.00    0.00    N/A
           0             0     uint8    none      -1     0.08    0.00    0.00      0     0.08    0.00    0.00    N/A
           0             0     uint8    none      -1     0.08    0.00    0.00      0     0.08    0.00    0.00    N/A
           0             0     uint8    none      -1     0.08    0.00    0.00      0     0.08    0.00    0.00    N/A
           0             0     uint8    none      -1     0.08    0.00    0.00      0     0.08    0.00    0.00    N/A
           0             0     uint8    none      -1     0.08    0.00    0.00      0     0.08    0.00    0.00    N/A
         128            16     uint8    none      -1    12.57    0.01    0.01      0    11.74    0.01    0.01    N/A
         256            32     uint8    none      -1    12.85    0.02    0.02      0    11.51    0.02    0.02    N/A
         512            64     uint8    none      -1    12.39    0.04    0.04      0    12.06    0.04    0.04    N/A
        1024           128     uint8    none      -1    12.46    0.08    0.07      0    11.55    0.09    0.08    N/A
        2048           256     uint8    none      -1    12.17    0.17    0.15      0    11.54    0.18    0.16    N/A
        4096           512     uint8    none      -1    12.81    0.32    0.28      0    11.30    0.36    0.32    N/A
        8192          1024     uint8    none      -1    12.44    0.66    0.58      0    12.09    0.68    0.59    N/A
       16384          2048     uint8    none      -1    12.93    1.27    1.11      0    12.54    1.31    1.14    N/A
       32768          4096     uint8    none      -1    15.17    2.16    1.89      0    14.26    2.30    2.01    N/A
       65536          8192     uint8    none      -1    15.71    4.17    3.65      0    14.39    4.55    3.98    N/A
      131072         16384     uint8    none      -1    18.56    7.06    6.18      0    18.58    7.05    6.17    N/A
      262144         32768     uint8    none      -1    26.67    9.83    8.60      0    26.03   10.07    8.81    N/A
      524288         65536     uint8    none      -1    26.77   19.58   17.13      0    25.83   20.30   17.76    N/A
     1048576        131072     uint8    none      -1    32.07   32.69   28.61      0    31.84   32.93   28.82    N/A
     2097152        262144     uint8    none      -1    49.50   42.37   37.07      0    49.80   42.11   36.85    N/A
     4194304        524288     uint8    none      -1    84.59   49.59   43.39      0    84.27   49.77   43.55    N/A
     8388608       1048576     uint8    none      -1    155.2   54.04   47.28      0    155.1   54.10   47.34    N/A
    16777216       2097152     uint8    none      -1    265.5   63.20   55.30      0    265.9   63.10   55.22    N/A
    33554432       4194304     uint8    none      -1    490.3   68.44   59.88      0    490.2   68.45   59.89    N/A
    67108864       8388608     uint8    none      -1    942.4   71.21   62.31      0    946.7   70.88   62.02    N/A
   134217728      16777216     uint8    none      -1   1850.3   72.54   63.47      0   1849.1   72.59   63.51    N/A
# Errors with asterisks indicate errors that have exceeded the maximum threshold.
# Out of bounds values : 0 OK
# Avg bus bandwidth    : 15.6304 
#
# Collective test concluded: alltoall_perf

-- mpirun all_reduce_perf -d uint8 -b 1 -e 128M -f 2 -g 1
[nid005539:37550] Rank 0 bound to package[0][core:L0-6]
[nid005539:37550] Rank 1 bound to package[0][core:L7-13]
[nid005539:37550] Rank 2 bound to package[0][core:L14-20]
[nid005539:37550] Rank 3 bound to package[0][core:L21-27]
[nid005539:37550] Rank 5 bound to package[0][core:L35-41]
[nid005539:37550] Rank 6 bound to package[0][core:L42-48]
[nid005539:37550] Rank 4 bound to package[0][core:L28-34]
[nid005539:37550] Rank 7 bound to package[0][core:L49-55]
# Collective test starting: all_reduce_perf
# nThread 1 nGpus 1 minBytes 1 maxBytes 134217728 step: 2(factor) warmup iters: 5 iters: 20 agg iters: 1 validation: 1 graph: 0
#
rccl-tests: Version develop_deprecated:40b1b17
# Using devices
#  Rank  0 Group  0 Pid  37577 on  nid005539 device  0 [0000:d1:00] AMD Instinct MI250X
#  Rank  1 Group  0 Pid  37578 on  nid005539 device  0 [0000:d6:00] AMD Instinct MI250X
#  Rank  2 Group  0 Pid  37579 on  nid005539 device  0 [0000:c9:00] AMD Instinct MI250X
#  Rank  3 Group  0 Pid  37580 on  nid005539 device  0 [0000:ce:00] AMD Instinct MI250X
#  Rank  4 Group  0 Pid  37585 on  nid005539 device  0 [0000:d9:00] AMD Instinct MI250X
#  Rank  5 Group  0 Pid  37581 on  nid005539 device  0 [0000:de:00] AMD Instinct MI250X
#  Rank  6 Group  0 Pid  37582 on  nid005539 device  0 [0000:c1:00] AMD Instinct MI250X
#  Rank  7 Group  0 Pid  37587 on  nid005539 device  0 [0000:c6:00] AMD Instinct MI250X
#
#                                                              out-of-place                       in-place          
#       size         count      type   redop    root     time   algbw   busbw #wrong     time   algbw   busbw #wrong                               
#        (B)    (elements)                               (us)  (GB/s)  (GB/s)            (us)  (GB/s)  (GB/s)                                      
           1             1     uint8     sum      -1    52.76    0.00    0.00      0    28.47    0.00    0.00      0
           2             2     uint8     sum      -1    30.10    0.00    0.00      0    26.24    0.00    0.00      0
           4             4     uint8     sum      -1    27.32    0.00    0.00      0    21.20    0.00    0.00      0
           8             8     uint8     sum      -1    20.92    0.00    0.00      0    21.59    0.00    0.00      0
          16            16     uint8     sum      -1    20.89    0.00    0.00      0    20.86    0.00    0.00      0
          32            32     uint8     sum      -1    23.37    0.00    0.00      0    22.67    0.00    0.00      0
          64            64     uint8     sum      -1    26.11    0.00    0.00      0    26.73    0.00    0.00      0
         128           128     uint8     sum      -1    32.85    0.00    0.01      0    33.32    0.00    0.01      0
         256           256     uint8     sum      -1    32.59    0.01    0.01      0    32.54    0.01    0.01      0
         512           512     uint8     sum      -1    33.55    0.02    0.03      0    32.54    0.02    0.03      0
        1024          1024     uint8     sum      -1    32.74    0.03    0.05      0    33.23    0.03    0.05      0
        2048          2048     uint8     sum      -1    33.03    0.06    0.11      0    33.20    0.06    0.11      0
        4096          4096     uint8     sum      -1    34.40    0.12    0.21      0    33.87    0.12    0.21      0
        8192          8192     uint8     sum      -1    35.55    0.23    0.40      0    34.85    0.24    0.41      0
       16384         16384     uint8     sum      -1    38.31    0.43    0.75      0    39.00    0.42    0.74      0
       32768         32768     uint8     sum      -1    38.33    0.85    1.50      0    38.38    0.85    1.49      0
       65536         65536     uint8     sum      -1    38.70    1.69    2.96      0    38.13    1.72    3.01      0
      131072        131072     uint8     sum      -1    38.20    3.43    6.00      0    38.29    3.42    5.99      0
      262144        262144     uint8     sum      -1    75.26    3.48    6.10      0    74.00    3.54    6.20      0
      524288        524288     uint8     sum      -1    100.3    5.23    9.15      0    100.5    5.22    9.13      0
     1048576       1048576     uint8     sum      -1    113.2    9.26   16.20      0    112.3    9.34   16.34      0
     2097152       2097152     uint8     sum      -1    138.0   15.20   26.59      0    137.2   15.29   26.75      0
     4194304       4194304     uint8     sum      -1    188.2   22.28   38.99      0    188.8   22.22   38.89      0
     8388608       8388608     uint8     sum      -1    297.3   28.22   49.38      0    296.9   28.26   49.45      0
    16777216      16777216     uint8     sum      -1    299.4   56.04   98.06      0    295.6   56.75   99.31      0
    33554432      33554432     uint8     sum      -1    516.7   64.94  113.64      0    503.8   66.60  116.56      0
    67108864      67108864     uint8     sum      -1    959.0   69.98  122.46      0    926.4   72.44  126.78      0
   134217728     134217728     uint8     sum      -1   1847.2   72.66  127.15      0   1775.2   75.61  132.31      0
# Errors with asterisks indicate errors that have exceeded the maximum threshold.
# Out of bounds values : 0 OK
# Avg bus bandwidth    : 22.3851 
#
# Collective test concluded: all_reduce_perf

-- mpirun all_gather_perf -d uint8 -b 1 -e 128M -f 2 -g 1
[nid005539:37839] Rank 0 bound to package[0][core:L0-6]
[nid005539:37839] Rank 1 bound to package[0][core:L7-13]
[nid005539:37839] Rank 2 bound to package[0][core:L14-20]
[nid005539:37839] Rank 3 bound to package[0][core:L21-27]
[nid005539:37839] Rank 6 bound to package[0][core:L42-48]
[nid005539:37839] Rank 5 bound to package[0][core:L35-41]
[nid005539:37839] Rank 4 bound to package[0][core:L28-34]
[nid005539:37839] Rank 7 bound to package[0][core:L49-55]
# Collective test starting: all_gather_perf
# nThread 1 nGpus 1 minBytes 1 maxBytes 134217728 step: 2(factor) warmup iters: 5 iters: 20 agg iters: 1 validation: 1 graph: 0
#
rccl-tests: Version develop_deprecated:40b1b17
# Using devices
#  Rank  0 Group  0 Pid  37866 on  nid005539 device  0 [0000:d1:00] AMD Instinct MI250X
#  Rank  1 Group  0 Pid  37867 on  nid005539 device  0 [0000:d6:00] AMD Instinct MI250X
#  Rank  2 Group  0 Pid  37868 on  nid005539 device  0 [0000:c9:00] AMD Instinct MI250X
#  Rank  3 Group  0 Pid  37869 on  nid005539 device  0 [0000:ce:00] AMD Instinct MI250X
#  Rank  4 Group  0 Pid  37875 on  nid005539 device  0 [0000:d9:00] AMD Instinct MI250X
#  Rank  5 Group  0 Pid  37871 on  nid005539 device  0 [0000:de:00] AMD Instinct MI250X
#  Rank  6 Group  0 Pid  37870 on  nid005539 device  0 [0000:c1:00] AMD Instinct MI250X
#  Rank  7 Group  0 Pid  37878 on  nid005539 device  0 [0000:c6:00] AMD Instinct MI250X
#
#                                                              out-of-place                       in-place          
#       size         count      type   redop    root     time   algbw   busbw #wrong     time   algbw   busbw #wrong                               
#        (B)    (elements)                               (us)  (GB/s)  (GB/s)            (us)  (GB/s)  (GB/s)                                      
           0             0     uint8    none      -1     0.16    0.00    0.00      0     0.15    0.00    0.00      0
           0             0     uint8    none      -1     0.14    0.00    0.00      0     0.14    0.00    0.00      0
           0             0     uint8    none      -1     0.14    0.00    0.00      0     0.14    0.00    0.00      0
           0             0     uint8    none      -1     0.13    0.00    0.00      0     0.14    0.00    0.00      0
           0             0     uint8    none      -1     0.13    0.00    0.00      0     0.14    0.00    0.00      0
           0             0     uint8    none      -1     0.13    0.00    0.00      0     0.13    0.00    0.00      0
           0             0     uint8    none      -1     0.13    0.00    0.00      0     0.13    0.00    0.00      0
         128            16     uint8    none      -1    24.92    0.01    0.00      0    25.02    0.01    0.00      0
         256            32     uint8    none      -1    28.11    0.01    0.01      0    25.75    0.01    0.01      0
         512            64     uint8    none      -1    25.73    0.02    0.02      0    22.48    0.02    0.02      0
        1024           128     uint8    none      -1    22.17    0.05    0.04      0    21.88    0.05    0.04      0
        2048           256     uint8    none      -1    22.21    0.09    0.08      0    22.08    0.09    0.08      0
        4096           512     uint8    none      -1    22.91    0.18    0.16      0    22.03    0.19    0.16      0
        8192          1024     uint8    none      -1    22.63    0.36    0.32      0    23.11    0.35    0.31      0
       16384          2048     uint8    none      -1    25.20    0.65    0.57      0    24.66    0.66    0.58      0
       32768          4096     uint8    none      -1    26.05    1.26    1.10      0    25.03    1.31    1.15      0
       65536          8192     uint8    none      -1    26.10    2.51    2.20      0    25.18    2.60    2.28      0
      131072         16384     uint8    none      -1    25.84    5.07    4.44      0    26.04    5.03    4.40      0
      262144         32768     uint8    none      -1    26.63    9.85    8.61      0    26.23    9.99    8.75      0
      524288         65536     uint8    none      -1    44.95   11.66   10.21      0    42.91   12.22   10.69      0
     1048576        131072     uint8    none      -1    45.94   22.82   19.97      0    45.29   23.15   20.26      0
     2097152        262144     uint8    none      -1    51.88   40.43   35.37      0    51.48   40.74   35.65      0
     4194304        524288     uint8    none      -1    66.96   62.64   54.81      0    65.94   63.61   55.66      0
     8388608       1048576     uint8    none      -1    102.3   82.01   71.76      0    100.9   83.11   72.73      0
    16777216       2097152     uint8    none      -1    158.2  106.02   92.77      0    157.0  106.88   93.52      0
    33554432       4194304     uint8    none      -1    272.5  123.12  107.73      0    271.1  123.79  108.32      0
    67108864       8388608     uint8    none      -1    501.2  133.90  117.16      0    500.6  134.07  117.31      0
   134217728      16777216     uint8    none      -1    966.1  138.93  121.56      0    966.3  138.89  121.53      0
# Errors with asterisks indicate errors that have exceeded the maximum threshold.
# Out of bounds values : 0 OK
# Avg bus bandwidth    : 23.2556 
#
# Collective test concluded: all_gather_perf

with OpenMPI internal transport
-- mpirun /pfs/lustref1/flash/project_462000031/lazzaroa/openmpi_on_ss11/osu/osu-ompi//libexec/osu-micro-benchmarks//mpi/collective/osu_alltoall -d rocm D D
[nid005539:38149] Rank 0 bound to package[0][core:L0-6]
[nid005539:38149] Rank 1 bound to package[0][core:L7-13]
[nid005539:38149] Rank 2 bound to package[0][core:L14-20]
[nid005539:38149] Rank 4 bound to package[0][core:L28-34]
[nid005539:38149] Rank 3 bound to package[0][core:L21-27]
[nid005539:38149] Rank 5 bound to package[0][core:L35-41]
[nid005539:38149] Rank 6 bound to package[0][core:L42-48]
[nid005539:38149] Rank 7 bound to package[0][core:L49-55]

# OSU MPI-ROCM All-to-All Personalized Exchange Latency Test v7.5.2
# Datatype: MPI_CHAR.
# Size       Avg Latency(us)
1                     186.00
2                     192.28
4                     188.97
8                     189.24
16                    187.04
32                    190.89
64                    187.84
128                   188.29
256                   188.69
512                   193.15
1024                  194.98
2048                  199.46
4096                  204.15
8192                  212.58
16384                 238.51
32768                 488.36
65536                 763.58
131072               1483.31
262144               2660.63
524288               4862.61
1048576              9255.11
-- mpirun /pfs/lustref1/flash/project_462000031/lazzaroa/openmpi_on_ss11/osu/osu-ompi//libexec/osu-micro-benchmarks//mpi/collective/osu_allreduce -d rocm D D
[nid005539:38435] Rank 0 bound to package[0][core:L0-6]
[nid005539:38435] Rank 1 bound to package[0][core:L7-13]
[nid005539:38435] Rank 2 bound to package[0][core:L14-20]
[nid005539:38435] Rank 3 bound to package[0][core:L21-27]
[nid005539:38435] Rank 6 bound to package[0][core:L42-48]
[nid005539:38435] Rank 5 bound to package[0][core:L35-41]
[nid005539:38435] Rank 4 bound to package[0][core:L28-34]
[nid005539:38435] Rank 7 bound to package[0][core:L49-55]

# OSU MPI-ROCM Allreduce Latency Test v7.5.2
# Datatype: MPI_INT.
# Size       Avg Latency(us)
4                      69.82
8                      69.46
16                     70.91
32                     68.99
64                     69.02
128                    69.73
256                    69.30
512                    77.18
1024                   76.30
2048                   78.87
4096                   81.40
8192                  158.96
16384                 161.04
32768                 175.55
65536                 267.90
131072                431.52
262144                701.07
524288               1295.99
1048576              2461.16
-- mpirun /pfs/lustref1/flash/project_462000031/lazzaroa/openmpi_on_ss11/osu/osu-ompi//libexec/osu-micro-benchmarks//mpi/collective/osu_allgather -d rocm D D
[nid005539:38687] Rank 1 bound to package[0][core:L7-13]
[nid005539:38687] Rank 2 bound to package[0][core:L14-20]
[nid005539:38687] Rank 3 bound to package[0][core:L21-27]
[nid005539:38687] Rank 0 bound to package[0][core:L0-6]
[nid005539:38687] Rank 5 bound to package[0][core:L35-41]
[nid005539:38687] Rank 4 bound to package[0][core:L28-34]
[nid005539:38687] Rank 6 bound to package[0][core:L42-48]
[nid005539:38687] Rank 7 bound to package[0][core:L49-55]

# OSU MPI-ROCM Allgather Latency Test v7.5.2
# Datatype: MPI_CHAR.
# Size       Avg Latency(us)
1                      94.01
2                      90.82
4                      90.64
8                      92.99
16                     94.26
32                     90.86
64                     90.43
128                    93.64
256                    94.43
512                    94.57
1024                   96.36
2048                  103.14
4096                  110.96
8192                  191.62
16384                 308.94
32768                 476.54
65536                 761.54
131072               1340.26
262144               2514.44
524288               4928.49
1048576             10132.99
-- mpirun /pfs/lustref1/flash/project_462000031/lazzaroa/openmpi_on_ss11/osu/osu-ompi//libexec/osu-micro-benchmarks//mpi/collective/osu_allreduce H H
[nid005539:38962] Rank 0 bound to package[0][core:L0-6]
[nid005539:38962] Rank 1 bound to package[0][core:L7-13]
[nid005539:38962] Rank 5 bound to package[0][core:L35-41]
[nid005539:38962] Rank 2 bound to package[0][core:L14-20]
[nid005539:38962] Rank 3 bound to package[0][core:L21-27]
[nid005539:38962] Rank 7 bound to package[0][core:L49-55]
[nid005539:38962] Rank 4 bound to package[0][core:L28-34]
[nid005539:38962] Rank 6 bound to package[0][core:L42-48]

# OSU MPI Allreduce Latency Test v7.5.2
# Datatype: MPI_INT.
# Size       Avg Latency(us)
4                       3.26
8                       3.32
16                      3.52
32                      3.71
64                      3.79
128                     4.06
256                     4.17
512                     6.50
1024                    7.00
2048                    9.53
4096                   11.49
8192                   14.04
16384                  18.16
32768                  25.74
65536                  36.28
131072                 97.41
262144                178.49
524288                321.89
1048576               655.75
-- mpirun /pfs/lustref1/flash/project_462000031/lazzaroa/openmpi_on_ss11/osu/osu-ompi//libexec/osu-micro-benchmarks//mpi/collective/osu_alltoall H H
[nid005539:39153] Rank 0 bound to package[0][core:L0-6]
[nid005539:39153] Rank 1 bound to package[0][core:L7-13]
[nid005539:39153] Rank 2 bound to package[0][core:L14-20]
[nid005539:39153] Rank 4 bound to package[0][core:L28-34]
[nid005539:39153] Rank 3 bound to package[0][core:L21-27]
[nid005539:39153] Rank 6 bound to package[0][core:L42-48]
[nid005539:39153] Rank 7 bound to package[0][core:L49-55]
[nid005539:39153] Rank 5 bound to package[0][core:L35-41]

# OSU MPI All-to-All Personalized Exchange Latency Test v7.5.2
# Datatype: MPI_CHAR.
# Size       Avg Latency(us)
1                       5.32
2                       5.37
4                       5.40
8                       5.41
16                      5.53
32                      5.52
64                      5.56
128                     5.58
256                     5.77
512                     8.45
1024                    8.55
2048                    8.74
4096                    9.28
8192                   10.14
16384                  13.06
32768                  18.09
65536                  30.41
131072                 50.23
262144                 81.81
524288                130.19
1048576               248.24
-- mpirun /pfs/lustref1/flash/project_462000031/lazzaroa/openmpi_on_ss11/osu/osu-ompi//libexec/osu-micro-benchmarks//mpi/collective/osu_allgather H H
[nid005539:39364] Rank 0 bound to package[0][core:L0-6]
[nid005539:39364] Rank 1 bound to package[0][core:L7-13]
[nid005539:39364] Rank 2 bound to package[0][core:L14-20]
[nid005539:39364] Rank 3 bound to package[0][core:L21-27]
[nid005539:39364] Rank 4 bound to package[0][core:L28-34]
[nid005539:39364] Rank 6 bound to package[0][core:L42-48]
[nid005539:39364] Rank 5 bound to package[0][core:L35-41]
[nid005539:39364] Rank 7 bound to package[0][core:L49-55]

# OSU MPI Allgather Latency Test v7.5.2
# Datatype: MPI_CHAR.
# Size       Avg Latency(us)
1                       2.90
2                       3.03
4                       3.09
8                       3.11
16                      3.09
32                      3.25
64                      3.30
128                     4.00
256                     4.76
512                     5.98
1024                    6.20
2048                    7.43
4096                    9.49
8192                   14.74
16384                  25.12
32768                  58.68
65536                 108.67
131072                212.30
262144                411.04
524288                835.36
1048576              1657.66
