SLURM_NODEID=0
SLURM_TASK_PID=114883
SLURM_PRIO_PROCESS=0
SLURM_SUBMIT_DIR=/pfs/lustrep1/users/makrotki/cug_2026/ompi/runs6x
SLURM_CPUS_PER_TASK=7
SLURM_GPUS_PER_NODE=8
SLURM_PROCID=0
SLURM_JOB_GID=327000092
SLURMD_NODENAME=nid005005
SLURM_JOB_END_TIME=1772997038
SLURM_TASKS_PER_NODE=8(x4)
SLURM_NNODES=4
SLURM_JOB_START_TIME=1772991638
SLURM_NTASKS_PER_NODE=8
SLURM_JOB_NODELIST=nid[005005-005008]
SLURM_CLUSTER_NAME=lumi
SLURM_NODELIST=nid[005005-005008]
SLURM_GPUS_ON_NODE=8
SLURM_NTASKS=32
SLURM_JOB_CPUS_PER_NODE=56(x4)
SLURM_TOPOLOGY_ADDR=nid005005
SLURM_THREADS_PER_CORE=1
SLURM_JOB_NAME=YourJobname
SLURM_JOB_GPUS=0,1,2,3,4,5,6,7
SLURM_JOBID=16579921
SLURM_CONF=/etc/slurm/slurm.conf
SLURM_JOB_QOS=normal
SLURM_TOPOLOGY_ADDR_PATTERN=node
SLURM_CPUS_ON_NODE=56
SLURM_JOB_NUM_NODES=4
SLURM_MEM_PER_NODE=65536
SLURM_JOB_UID=327000092
SLURM_JOB_PARTITION=dev-g
SLURM_HINT=nomultithread
SLURM_JOB_USER=makrotki
SLURM_NPROCS=32
SLURM_SUBMIT_HOST=uan03
SLURM_JOB_ACCOUNT=project_465002282
SLURM_TRES_PER_TASK=cpu=7
SLURM_GTIDS=0
SLURM_JOB_ID=16579921
SLURM_LOCALID=0

Lmod is automatically replacing "cce/19.0.0" with "gcc-native/14.2".


Due to MODULEPATH changes, the following have been reloaded:
  1) cray-libsci/25.03.0     2) cray-mpich/8.1.32


The following have been reloaded with a version change:
  1) libfabric/1.22.0 => libfabric/2.3.1


Currently Loaded Modules:
  1) craype-x86-rome                     10) cray-dsmml/0.3.1
  2) craype-network-ofi                  11) cray-mpich/8.1.32
  3) perftools-base/25.03.0              12) cray-libsci/25.03.0
  4) xpmem/2.11.5-1.3_g73ade43320bc      13) PrgEnv-gnu/8.6.0
  5) ModuleLabel/label              (S)  14) craype-accel-amd-gfx90a
  6) lumi-tools/24.05               (S)  15) rocm/6.3.4
  7) init-lumi/0.2                  (S)  16) libfabric/2.3.1
  8) gcc-native/14.2                     17) openmpi/6x
  9) craype/2.7.34

  Where:
   S:  Module is Sticky, requires --force to unload or purge
FI_CXI_RDZV_THRESHOLD=4096
FI_LNX_PROV_LINKS=shm+cxi
FI_SHM_USE_XPMEM=0
FI_CXI_RX_MATCH_MODE=hybrid
FI_PROVIDER=lnx
FI_CXI_RDZV_EAGER_SIZE=4096

Currently Loaded Modules:
  1) craype-x86-rome                     10) cray-dsmml/0.3.1
  2) craype-network-ofi                  11) cray-mpich/8.1.32
  3) perftools-base/25.03.0              12) cray-libsci/25.03.0
  4) xpmem/2.11.5-1.3_g73ade43320bc      13) PrgEnv-gnu/8.6.0
  5) ModuleLabel/label              (S)  14) craype-accel-amd-gfx90a
  6) lumi-tools/24.05               (S)  15) rocm/6.3.4
  7) init-lumi/0.2                  (S)  16) libfabric/2.3.1
  8) gcc-native/14.2                     17) openmpi/6x
  9) craype/2.7.34

  Where:
   S:  Module is Sticky, requires --force to unload or purge
	linux-vdso.so.1 (0x00007ffc1a3ed000)
	libamdhip64.so.6 => /opt/rocm-6.3.4/lib/libamdhip64.so.6 (0x000014bf768e5000)
	libmpi.so.0 => /scratch/project_465002282/marcink/software/openmpi-6x/lib/libmpi.so.0 (0x000014bf76524000)
	libstdc++.so.6 => /usr/lib64/libstdc++.so.6 (0x000014bf762b8000)
	libm.so.6 => /lib64/libm.so.6 (0x000014bf761ce000)
	libgcc_s.so.1 => /lib64/libgcc_s.so.1 (0x000014bf761a1000)
	libc.so.6 => /lib64/libc.so.6 (0x000014bf75f8c000)
	libdl.so.2 => /lib64/libdl.so.2 (0x000014bf75f89000)
	librocprofiler-register.so.0 => /opt/rocm-6.3.4/lib/librocprofiler-register.so.0 (0x000014bf75eeb000)
	librt.so.1 => /lib64/librt.so.1 (0x000014bf75ee6000)
	libamd_comgr.so.2 => /opt/rocm-6.3.4/lib/libamd_comgr.so.2 (0x000014bf6d77d000)
	libhsa-runtime64.so.1 => /opt/rocm-6.3.4/lib/libhsa-runtime64.so.1 (0x000014bf6d471000)
	libnuma.so.1 => /usr/lib64/libnuma.so.1 (0x000014bf6d200000)
	libpthread.so.0 => /lib64/libpthread.so.0 (0x000014bf6d46e000)
	/lib64/ld-linux-x86-64.so.2 (0x000014bf77e6f000)
	libopen-pal.so.0 => /scratch/project_465002282/marcink/software/openmpi-6x/lib/libopen-pal.so.0 (0x000014bf6d0b8000)
	libfabric.so.1 => /scratch/project_465002282/marcink/software/libfabric-2.3.1/lib/libfabric.so.1 (0x000014bf6cf83000)
	libnl-route-3.so.200 => /usr/lib64/libnl-route-3.so.200 (0x000014bf6ceef000)
	libnl-3.so.200 => /usr/lib64/libnl-3.so.200 (0x000014bf6d449000)
	libxpmem.so.0 => /usr/lib64/libxpmem.so.0 (0x000014bf6d446000)
	libpmix.so.2 => /scratch/project_465002282/marcink/software/openmpi-6x/lib/libpmix.so.2 (0x000014bf6cc6e000)
	libevent_core-2.1.so.7 => /scratch/project_465002282/marcink/software/openmpi-6x/lib/libevent_core-2.1.so.7 (0x000014bf6d410000)
	libevent_pthreads-2.1.so.7 => /scratch/project_465002282/marcink/software/openmpi-6x/lib/libevent_pthreads-2.1.so.7 (0x000014bf6d40c000)
	libhwloc.so.15 => /scratch/project_465002282/marcink/software/openmpi-6x/lib/libhwloc.so.15 (0x000014bf6cc14000)
	libz.so.1 => /usr/lib64/libz.so.1 (0x000014bf6cbfb000)
	libzstd.so.1 => /usr/lib64/libzstd.so.1 (0x000014bf6cb3c000)
	libelf.so.1 => /usr/lib64/libelf.so.1 (0x000014bf6c800000)
	libdrm.so.2 => /opt/amdgpu/lib64/libdrm.so.2 (0x000014bf6cb23000)
	libdrm_amdgpu.so.1 => /opt/amdgpu/lib64/libdrm_amdgpu.so.1 (0x000014bf6cb15000)
	libcxi.so.1 => /scratch/project_465002282/marcink/software/libfabric-2.3.1/lib/libcxi.so.1 (0x000014bf6cac6000)
	libcurl.so.4 => /usr/lib64/libcurl.so.4 (0x000014bf6c723000)
	libjson-c.so.5 => /scratch/project_465002282/marcink/software/libfabric-2.3.1/lib/libjson-c.so.5 (0x000014bf6cab4000)
	libatomic.so.1 => /usr/lib64/libatomic.so.1 (0x000014bf6caa8000)
	libnghttp2.so.14 => /usr/lib64/libnghttp2.so.14 (0x000014bf6ca7f000)
	libidn2.so.0 => /usr/lib64/libidn2.so.0 (0x000014bf6c400000)
	libssh.so.4 => /usr/lib64/libssh.so.4 (0x000014bf6c6b4000)
	libpsl.so.5 => /usr/lib64/libpsl.so.5 (0x000014bf6c000000)
	libssl.so.3 => /usr/lib64/libssl.so.3 (0x000014bf6c34a000)
	libcrypto.so.3 => /usr/lib64/libcrypto.so.3 (0x000014bf6ba89000)
	libgssapi_krb5.so.2 => /usr/lib64/libgssapi_krb5.so.2 (0x000014bf6ca2b000)
	libldap_r-2.4.so.2 => /usr/lib64/libldap_r-2.4.so.2 (0x000014bf6c65f000)
	liblber-2.4.so.2 => /usr/lib64/liblber-2.4.so.2 (0x000014bf6ca1b000)
	libbrotlidec.so.1 => /usr/lib64/libbrotlidec.so.1 (0x000014bf6c652000)
	libmpi_gtl_hsa.so.0 => /opt/cray/pe/lib64/libmpi_gtl_hsa.so.0 (0x000014bf6c2a6000)
	libunistring.so.2 => /usr/lib64/libunistring.so.2 (0x000014bf6b600000)
	libjitterentropy.so.3 => /usr/lib64/libjitterentropy.so.3 (0x000014bf6c64a000)
	libkrb5.so.3 => /usr/lib64/libkrb5.so.3 (0x000014bf6b9ae000)
	libk5crypto.so.3 => /usr/lib64/libk5crypto.so.3 (0x000014bf6c633000)
	libcom_err.so.2 => /lib64/libcom_err.so.2 (0x000014bf6c62c000)
	libkrb5support.so.0 => /usr/lib64/libkrb5support.so.0 (0x000014bf6c61d000)
	libsasl2.so.3 => /usr/lib64/libsasl2.so.3 (0x000014bf6c288000)
	libbrotlicommon.so.1 => /usr/lib64/libbrotlicommon.so.1 (0x000014bf6c266000)
	libkeyutils.so.1 => /usr/lib64/libkeyutils.so.1 (0x000014bf6b200000)
	libresolv.so.2 => /lib64/libresolv.so.2 (0x000014bf6c252000)
	libselinux.so.1 => /usr/lib64/libselinux.so.1 (0x000014bf6c225000)
	libpcre2-8.so.0 => /usr/lib64/libpcre2-8.so.0 (0x000014bf6b544000)

# OSU MPI-ROCM Allreduce Latency Test v7.5.2
# Datatype: MPI_INT.
# Size       Avg Latency(us)
4                      19.41
8                      19.41
16                     26.54
32                     26.85
64                     27.15
128                    27.64
256                    30.31
512                    32.13
1024                   32.28
2048                   92.18
4096                  110.18
8192                  103.40
16384                 117.52
32768                 158.05
65536                 222.75
131072                371.26
262144                737.05
524288               1728.84
1048576              2420.82

# OSU MPI-ROCM Allgather Latency Test v7.5.2
# Datatype: MPI_CHAR.
# Size       Avg Latency(us)
1                      15.21
2                      15.38
4                      15.55
8                      16.29
16                     17.37
32                     17.49
64                     49.39
128                    51.28
256                    66.89
512                    59.02
1024                   84.78
2048                  144.17
4096                  203.67
8192                  332.64
16384                 615.45
32768                1495.07
65536                2616.59
131072               8539.31
262144              18851.02
524288              39390.05
1048576             83372.24

# OSU MPI-ROCM All-to-All Personalized Exchange Latency Test v7.5.2
# Datatype: MPI_CHAR.
# Size       Avg Latency(us)
1                      30.40
2                      31.03
4                      30.76
8                      32.07
16                     34.38
32                     34.48
64                     93.02
128                    85.14
256                   107.29
512                    96.95
1024                  126.94
2048                  156.56
4096                  213.80
8192                  312.72
16384                 508.66
32768                 940.18
65536                1196.18
131072                466.26
262144                746.06
524288               1488.25
1048576              3046.47
FI_CXI_RDZV_THRESHOLD=4096
FI_LNX_PROV_LINKS=shm+cxi
FI_SHM_USE_XPMEM=0
FI_CXI_RX_MATCH_MODE=hybrid
FI_PROVIDER=cxi
FI_CXI_RDZV_EAGER_SIZE=4096

# OSU MPI-ROCM Allreduce Latency Test v7.5.2
# Datatype: MPI_INT.
# Size       Avg Latency(us)
4                      23.70
8                      24.22
16                     31.39
32                     31.47
64                     31.12
128                    34.08
256                    36.57
512                    37.91
1024                   39.07
2048                   94.78
4096                   97.11
8192                  106.20
16384                 124.33
32768                 151.98
65536                 215.00
131072                350.85
262144                644.39
524288               1080.45
1048576              2149.34

# OSU MPI-ROCM Allgather Latency Test v7.5.2
# Datatype: MPI_CHAR.
# Size       Avg Latency(us)
1                      21.96
2                      21.16
4                      21.63
8                      23.18
16                     24.58
32                     26.28
64                     54.23
128                    53.44
256                    57.34
512                    63.71
1024                   86.61
2048                  140.48
4096                  206.53
8192                  284.08
16384                 507.56
32768                 876.61
65536                1416.38
131072               2074.55
262144               3247.13
524288               5707.70
1048576             11057.52

# OSU MPI-ROCM All-to-All Personalized Exchange Latency Test v7.5.2
# Datatype: MPI_CHAR.
# Size       Avg Latency(us)
1                      36.10
2                      36.66
4                      36.93
8                      37.95
16                     38.43
32                     47.78
64                     94.48
128                    92.72
256                    94.46
512                   104.02
1024                  126.11
2048                  163.59
4096                  219.85
8192                  367.45
16384                 578.99
32768                1144.45
65536                1537.46
131072                541.08
262144               1356.81
524288               2876.68
1048576              5548.12
