SLURM_MEM_PER_CPU=0
SLURM_NODEID=0
SLURM_TASK_PID=66388
SLURM_PRIO_PROCESS=0
SLURM_SUBMIT_DIR=/pfs/lustrep1/users/makrotki/cug_2026/ompi/runs6x
SLURM_CPUS_PER_TASK=7
SLURM_GPUS_PER_NODE=8
SLURM_PROCID=0
SLURM_JOB_GID=327000092
SLURMD_NODENAME=nid005151
SLURM_JOB_END_TIME=1773000234
SLURM_TASKS_PER_NODE=8(x64)
SLURM_NNODES=64
SLURM_JOB_START_TIME=1772994834
SLURM_NTASKS_PER_NODE=8
SLURM_JOB_NODELIST=nid[005151,005154-005155,005245,005834-005836,005967,006276,006412,006597,006623-006624,006647,006828,007042,007121-007122,007124,007156,007222,007242-007243,007319,007345,007382,007404,007488,007545,007561,007595,007606,007611-007612,007614,007616,007619,007624,007640,007642,007646,007649,007651,007656,007658,007675-007676,007678,007680,007682,007706,007726,007742,007746,007756,007760,007764,007766,007773-007774,007776,007830-007832]
SLURM_CLUSTER_NAME=lumi
SLURM_NODELIST=nid[005151,005154-005155,005245,005834-005836,005967,006276,006412,006597,006623-006624,006647,006828,007042,007121-007122,007124,007156,007222,007242-007243,007319,007345,007382,007404,007488,007545,007561,007595,007606,007611-007612,007614,007616,007619,007624,007640,007642,007646,007649,007651,007656,007658,007675-007676,007678,007680,007682,007706,007726,007742,007746,007756,007760,007764,007766,007773-007774,007776,007830-007832]
SLURM_GPUS_ON_NODE=8
SLURM_NTASKS=512
SLURM_JOB_CPUS_PER_NODE=56(x64)
SLURM_TOPOLOGY_ADDR=nid005151
SLURM_THREADS_PER_CORE=1
SLURM_JOB_NAME=YourJobname
SLURM_JOB_GPUS=0,1,2,3,4,5,6,7
SLURM_JOBID=16581244
SLURM_CONF=/etc/slurm/slurm.conf
SLURM_JOB_QOS=normal
SLURM_TOPOLOGY_ADDR_PATTERN=node
SLURM_CPUS_ON_NODE=56
SLURM_JOB_NUM_NODES=64
SLURM_JOB_UID=327000092
SLURM_JOB_PARTITION=standard-g
SLURM_HINT=nomultithread
SLURM_JOB_USER=makrotki
SLURM_NPROCS=512
SLURM_SUBMIT_HOST=uan03
SLURM_JOB_ACCOUNT=project_465002282
SLURM_TRES_PER_TASK=cpu=7
SLURM_GTIDS=0
SLURM_JOB_ID=16581244
SLURM_LOCALID=0

Lmod is automatically replacing "cce/19.0.0" with "gcc-native/14.2".


Due to MODULEPATH changes, the following have been reloaded:
  1) cray-libsci/25.03.0     2) cray-mpich/8.1.32


The following have been reloaded with a version change:
  1) libfabric/1.22.0 => libfabric/2.3.1


Currently Loaded Modules:
  1) craype-x86-rome                     10) cray-dsmml/0.3.1
  2) craype-network-ofi                  11) cray-mpich/8.1.32
  3) perftools-base/25.03.0              12) cray-libsci/25.03.0
  4) xpmem/2.11.5-1.3_g73ade43320bc      13) PrgEnv-gnu/8.6.0
  5) ModuleLabel/label              (S)  14) craype-accel-amd-gfx90a
  6) lumi-tools/24.05               (S)  15) rocm/6.3.4
  7) init-lumi/0.2                  (S)  16) libfabric/2.3.1
  8) gcc-native/14.2                     17) openmpi/6x
  9) craype/2.7.34

  Where:
   S:  Module is Sticky, requires --force to unload or purge
FI_CXI_RDZV_THRESHOLD=4096
FI_LNX_PROV_LINKS=shm+cxi
FI_SHM_USE_XPMEM=0
FI_CXI_RX_MATCH_MODE=hybrid
FI_PROVIDER=lnx
FI_CXI_RDZV_EAGER_SIZE=4096

Currently Loaded Modules:
  1) craype-x86-rome                     10) cray-dsmml/0.3.1
  2) craype-network-ofi                  11) cray-mpich/8.1.32
  3) perftools-base/25.03.0              12) cray-libsci/25.03.0
  4) xpmem/2.11.5-1.3_g73ade43320bc      13) PrgEnv-gnu/8.6.0
  5) ModuleLabel/label              (S)  14) craype-accel-amd-gfx90a
  6) lumi-tools/24.05               (S)  15) rocm/6.3.4
  7) init-lumi/0.2                  (S)  16) libfabric/2.3.1
  8) gcc-native/14.2                     17) openmpi/6x
  9) craype/2.7.34

  Where:
   S:  Module is Sticky, requires --force to unload or purge
	linux-vdso.so.1 (0x00007ffef63ee000)
	libamdhip64.so.6 => /opt/rocm-6.3.4/lib/libamdhip64.so.6 (0x000014b7fdc7d000)
	libmpi.so.0 => /scratch/project_465002282/marcink/software/openmpi-6x/lib/libmpi.so.0 (0x000014b7fd8bc000)
	libstdc++.so.6 => /usr/lib64/libstdc++.so.6 (0x000014b7fd650000)
	libm.so.6 => /lib64/libm.so.6 (0x000014b7fd566000)
	libgcc_s.so.1 => /lib64/libgcc_s.so.1 (0x000014b7fd539000)
	libc.so.6 => /lib64/libc.so.6 (0x000014b7fd324000)
	libdl.so.2 => /lib64/libdl.so.2 (0x000014b7fd321000)
	librocprofiler-register.so.0 => /opt/rocm-6.3.4/lib/librocprofiler-register.so.0 (0x000014b7fd283000)
	librt.so.1 => /lib64/librt.so.1 (0x000014b7fd27e000)
	libamd_comgr.so.2 => /opt/rocm-6.3.4/lib/libamd_comgr.so.2 (0x000014b7f4b15000)
	libhsa-runtime64.so.1 => /opt/rocm-6.3.4/lib/libhsa-runtime64.so.1 (0x000014b7f4809000)
	libnuma.so.1 => /usr/lib64/libnuma.so.1 (0x000014b7f4400000)
	libpthread.so.0 => /lib64/libpthread.so.0 (0x000014b7f4806000)
	/lib64/ld-linux-x86-64.so.2 (0x000014b7ff207000)
	libopen-pal.so.0 => /scratch/project_465002282/marcink/software/openmpi-6x/lib/libopen-pal.so.0 (0x000014b7f46be000)
	libfabric.so.1 => /scratch/project_465002282/marcink/software/libfabric-2.3.1/lib/libfabric.so.1 (0x000014b7f42cb000)
	libnl-route-3.so.200 => /usr/lib64/libnl-route-3.so.200 (0x000014b7f4628000)
	libnl-3.so.200 => /usr/lib64/libnl-3.so.200 (0x000014b7f42a8000)
	libxpmem.so.0 => /usr/lib64/libxpmem.so.0 (0x000014b7f4625000)
	libpmix.so.2 => /scratch/project_465002282/marcink/software/openmpi-6x/lib/libpmix.so.2 (0x000014b7f4027000)
	libevent_core-2.1.so.7 => /scratch/project_465002282/marcink/software/openmpi-6x/lib/libevent_core-2.1.so.7 (0x000014b7f3ff3000)
	libevent_pthreads-2.1.so.7 => /scratch/project_465002282/marcink/software/openmpi-6x/lib/libevent_pthreads-2.1.so.7 (0x000014b7f461f000)
	libhwloc.so.15 => /scratch/project_465002282/marcink/software/openmpi-6x/lib/libhwloc.so.15 (0x000014b7f3f99000)
	libz.so.1 => /usr/lib64/libz.so.1 (0x000014b7f3f80000)
	libzstd.so.1 => /usr/lib64/libzstd.so.1 (0x000014b7f3ec1000)
	libelf.so.1 => /usr/lib64/libelf.so.1 (0x000014b7f3c00000)
	libdrm.so.2 => /opt/amdgpu/lib64/libdrm.so.2 (0x000014b7f3eaa000)
	libdrm_amdgpu.so.1 => /opt/amdgpu/lib64/libdrm_amdgpu.so.1 (0x000014b7f460f000)
	libcxi.so.1 => /scratch/project_465002282/marcink/software/libfabric-2.3.1/lib/libcxi.so.1 (0x000014b7f3e5b000)
	libcurl.so.4 => /usr/lib64/libcurl.so.4 (0x000014b7f3b23000)
	libjson-c.so.5 => /scratch/project_465002282/marcink/software/libfabric-2.3.1/lib/libjson-c.so.5 (0x000014b7f3e49000)
	libatomic.so.1 => /usr/lib64/libatomic.so.1 (0x000014b7f3e3f000)
	libnghttp2.so.14 => /usr/lib64/libnghttp2.so.14 (0x000014b7f3afa000)
	libidn2.so.0 => /usr/lib64/libidn2.so.0 (0x000014b7f3800000)
	libssh.so.4 => /usr/lib64/libssh.so.4 (0x000014b7f3a8b000)
	libpsl.so.5 => /usr/lib64/libpsl.so.5 (0x000014b7f3400000)
	libssl.so.3 => /usr/lib64/libssl.so.3 (0x000014b7f374a000)
	libcrypto.so.3 => /usr/lib64/libcrypto.so.3 (0x000014b7f2e89000)
	libgssapi_krb5.so.2 => /usr/lib64/libgssapi_krb5.so.2 (0x000014b7f3a39000)
	libldap_r-2.4.so.2 => /usr/lib64/libldap_r-2.4.so.2 (0x000014b7f36f5000)
	liblber-2.4.so.2 => /usr/lib64/liblber-2.4.so.2 (0x000014b7f3e2d000)
	libbrotlidec.so.1 => /usr/lib64/libbrotlidec.so.1 (0x000014b7f3e20000)
	libmpi_gtl_hsa.so.0 => /opt/cray/pe/lib64/libmpi_gtl_hsa.so.0 (0x000014b7f3651000)
	libunistring.so.2 => /usr/lib64/libunistring.so.2 (0x000014b7f2a00000)
	libjitterentropy.so.3 => /usr/lib64/libjitterentropy.so.3 (0x000014b7f3a31000)
	libkrb5.so.3 => /usr/lib64/libkrb5.so.3 (0x000014b7f2dae000)
	libk5crypto.so.3 => /usr/lib64/libk5crypto.so.3 (0x000014b7f363a000)
	libcom_err.so.2 => /lib64/libcom_err.so.2 (0x000014b7f3a2c000)
	libkrb5support.so.0 => /usr/lib64/libkrb5support.so.0 (0x000014b7f3a1d000)
	libsasl2.so.3 => /usr/lib64/libsasl2.so.3 (0x000014b7f361c000)
	libbrotlicommon.so.1 => /usr/lib64/libbrotlicommon.so.1 (0x000014b7f2d8c000)
	libkeyutils.so.1 => /usr/lib64/libkeyutils.so.1 (0x000014b7f2600000)
	libresolv.so.2 => /lib64/libresolv.so.2 (0x000014b7f29ee000)
	libselinux.so.1 => /usr/lib64/libselinux.so.1 (0x000014b7f29c1000)
	libpcre2-8.so.0 => /usr/lib64/libpcre2-8.so.0 (0x000014b7f2905000)
FI_CXI_RDZV_THRESHOLD=4096
FI_LNX_PROV_LINKS=shm+cxi
FI_SHM_USE_XPMEM=0
FI_CXI_RX_MATCH_MODE=hybrid
FI_PROVIDER=cxi
FI_CXI_RDZV_EAGER_SIZE=4096

# OSU MPI-ROCM Allreduce Latency Test v7.5.2
# Datatype: MPI_INT.
# Size       Avg Latency(us)
4                      52.93
8                      53.36
16                     53.58
32                     53.59
64                     53.79
128                    58.76
256                    89.95
512                    92.25
1024                   95.79
2048                  145.72
4096                  203.88
8192                  262.71
16384                 588.44
32768                 367.77
65536                 527.89
131072               1309.27
262144               1528.53
524288               2256.71
1048576              3557.45

# OSU MPI-ROCM Allgather Latency Test v7.5.2
# Datatype: MPI_CHAR.
# Size       Avg Latency(us)
1                      47.62
2                      50.45
4                      76.09
8                      80.32
16                     91.92
32                    145.42
64                    372.54
128                   307.33
256                   365.00
512                   566.08
1024                  783.70
2048                 1897.20
4096                 1821.92
8192                 3570.81
16384                6729.37
32768                6476.04
65536               11024.08
131072              20773.41
262144              38855.20
524288              74665.18
1048576            146241.40

# OSU MPI-ROCM All-to-All Personalized Exchange Latency Test v7.5.2
# Datatype: MPI_CHAR.
# Size       Avg Latency(us)
1                     231.80
2                     231.94
4                     276.87
8                     276.54
16                    285.41
32                    691.87
64                    704.86
128                   731.94
256                   790.67
512                  1018.77
1024                 2080.13
2048                 2977.43
4096                 1043.58
8192                 1294.01
16384                1939.84
32768                3133.05
65536                6008.89
131072              12271.71
262144              22213.35
524288              39198.84
1048576             69746.19
