ROOT_DIR = /pfs/lustref1/flash/project_462000031/lazzaroa/openmpi_on_ss11
/pfs/lustref1/flash/project_462000031/lazzaroa/openmpi_on_ss11 ~/flash_coe/openmpi_on_ss11/osu/ompi/collectives
ROOT_DIR = /pfs/lustref1/flash/project_462000031/lazzaroa/openmpi_on_ss11

Lmod is automatically replacing "cce/19.0.0" with "gcc-native/14.2".


Lmod is automatically replacing "PrgEnv-cray/8.6.0" with "PrgEnv-gnu/8.6.0".


Due to MODULEPATH changes, the following have been reloaded:
  1) cray-libsci/25.03.0     2) cray-mpich/8.1.32


Currently Loaded Modules:
  1) craype-x86-rome                      9) cray-python/3.11.7
  2) libfabric/1.22.0                    10) gcc-native/14.2
  3) craype-network-ofi                  11) craype/2.7.34
  4) perftools-base/25.03.0              12) cray-dsmml/0.3.1
  5) xpmem/2.11.5-1.3_g73ade43320bc      13) cray-mpich/8.1.32
  6) ModuleLabel/label              (S)  14) cray-libsci/25.03.0
  7) lumi-tools/24.05               (S)  15) PrgEnv-gnu/8.6.0
  8) init-lumi/0.2                  (S)  16) rocm/6.3.4

  Where:
   S:  Module is Sticky, requires --force to unload or purge
ROCM_PATH = /opt/rocm-6.3.4
XPMEM Lib path  = /usr/lib64
/pfs/lustref1/flash/project_462000031/lazzaroa/openmpi_on_ss11/install_libfabric
/pfs/lustref1/flash/project_462000031/lazzaroa/openmpi_on_ss11/install_rccl
~/flash_coe/openmpi_on_ss11/osu/ompi/collectives
============
#!/bin/bash

for NNODES in 1 2 4 8 16 32 64; do
#for NNODES in 4; do
#for NNODES in 64; do
sbatch -N $NNODES <<EOF
#!/bin/bash
#SBATCH --ntasks-per-node=8
#SBATCH -A project_462000031
#SBATCH -p standard-g
#SBATCH --gres=gpu:8
#SBATCH --exclusive
#SBATCH --network=single_node_vni
#SBATCH -o lumi-slurm-%j-coll_N${NNODES}.out
#SBATCH --time=0:30:00

# load runtime environment
ORIGINAL_SCRIPT=\$(scontrol show job "\$SLURM_JOB_ID" | awk -F= '/Command=/{print \$2}')
export OUTPUT_DIR=\$SLURM_SUBMIT_DIR
export ROOT_DIR=\$( cd -- "\$( dirname -- "\${ORIGINAL_SCRIPT}" )/../../.." &> /dev/null && pwd -P )
echo "ROOT_DIR = "\$ROOT_DIR

# Enable OpenMPI and RCCL
USE_CPE=0 source \$ROOT_DIR/sourceme_rccl.sh

# LUMI Binding
export BINDING="--bind-to core --map-by L3cache:pe=7 --mca hwloc_base_binding_policy core --mca hwloc_base_mem_bind policy:bind"

export PRTE_MCA_ras_base_launch_orted_on_hn=1
export PMIX_MCA_gds=^shmem2
#export NCCL_DEBUG=INFO
#export FI_LOG_LEVEL=debug

echo "============"
cat $0
echo "============"

env

for FI_CXI_RX_MATCH_MODE in software hybrid; do
    export FI_CXI_RX_MATCH_MODE=\$FI_CXI_RX_MATCH_MODE

    SUFFIX="_n\${SLURM_NTASKS}_\${FI_CXI_RX_MATCH_MODE}_\${SLURM_JOB_ID}"

    echo "========"
    echo \$SUFFIX
    echo "========"

    # Consider validation
#    OSU_ARGS=" -c "
    OSU_ARGS=" "

#    if false; then
    if [ "\${FI_CXI_RX_MATCH_MODE}" == "software" ]; then
    (
        echo "with LinkX"

        export FI_SHM_USE_XPMEM=0 # otherwise the D2D breaks with LNX
        export FI_PROVIDER=lnx
        export FI_LNX_PROV_LINKS=shm+cxi # changed in the binding script
        export OMPI_MCA_opal_common_ofi_provider_include=lnx
        export OMPI_MCA_mtl_ofi_av=table
        export OMPI_MCA_pml=cm
        export OMPI_MCA_mtl=ofi
	export OMPI_MCA_smsc=xpmem

	# opts
#	export FI_CXI_RDZV_THRESHOLD=4096

	CMDS=("osu_alltoall -d rocm D D" "osu_allreduce -d rocm D D" "osu_allgather -d rocm D D")
#  	CMDS=("osu_allgather -d rocm D D" "osu_allgather H H")
        for cmd in "\${CMDS[@]}"; do
    	    run_osu_cmd "\$cmd" "mpi/collective" "_lnx\${SUFFIX}"
        done

        export FI_SHM_USE_XPMEM=1

	CMDS=("osu_allreduce H H" "osu_alltoall H H" "osu_allgather H H")
        for cmd in "\${CMDS[@]}"; do
    	    run_osu_cmd "\$cmd" "mpi/collective" "_lnx\${SUFFIX}"
        done

    )
    fi # only software
#    fi

    (
        echo "no OpenMPI internal transport, only libfabric. Use CXI directly"

        export FI_SHM_USE_XPMEM=1
	export FI_PROVIDER=cxi
    	unset FI_LNX_PROV_LINKS
    	export OMPI_MCA_opal_common_ofi_provider_include=cxi
    	export OMPI_MCA_mtl_ofi_av=table
    	export OMPI_MCA_pml=cm
    	export OMPI_MCA_mtl=ofi
	export OMPI_MCA_smsc=xpmem

        CMDS=("osu_alltoall -d rocm D D" "osu_allreduce -d rocm D D" "osu_allgather -d rocm D D" "osu_allreduce H H" "osu_alltoall H H" "osu_allgather H H")
#       CMDS=("osu_allgather -d rocm D D" "osu_allgather H H")
        for cmd in "\${CMDS[@]}"; do
            run_osu_cmd "\$cmd" "mpi/collective" "_cxi\${SUFFIX}"
        done
    )

    if [ "\${FI_CXI_RX_MATCH_MODE}" == "hybrid" ]; then
    (

        # No validation available for RCCL
    	OSU_ARGS=" "

	CMDS=("osu_xccl_alltoall -d rocm D D" "osu_xccl_allreduce -d rocm D D" "osu_xccl_allgather -d rocm D D")
    	for cmd in "\${CMDS[@]}"; do
            run_osu_cmd "\$cmd" "xccl/collective" "\${SUFFIX}"
     	done
    )

#    if false; then
    (
        echo "RCCL-tests"

	FLAGS="-d uint8 -b 1 -e 128M -f 2 -g 1"
	CMDS=("alltoall_perf \${FLAGS}" "all_reduce_perf \${FLAGS}" "all_gather_perf \${FLAGS}")
    	for cmd in "\${CMDS[@]}"; do
	    logname=\$(echo "\${cmd}" | sed -e 's/ /_/g' -e 's/-//g')
	    echo -- mpirun \$cmd
	    mpirun \${BINDING} --report-bindings \${GPUBIND} \${PREFIX_RCCL}/bin/\$cmd \${FLAGS} | tee \${OUTPUT_DIR}/\${logname}"\${SUFFIX}.txt"
	done
    )
#    fi

    fi # only hybrid

done

if [ "${NNODES}" == "1" ]; then
(
    echo "with OpenMPI internal transport"

    SUFFIX="_n\${SLURM_NTASKS}_\${SLURM_JOB_ID}"

    unset FI_SHM_USE_XPMEM
    unset FI_PROVIDER
    unset FI_CXI_RX_MATCH_MODE
    unset FI_LNX_PROV_LINKS
    unset OMPI_MCA_opal_common_ofi_provider_include
    unset OMPI_MCA_mtl_ofi_av
    export OMPI_MCA_pml=ob1
    # CUDA
    #  export OMPI_MCA_btl=vader,smcuda,self
    # ROCM
    export OMPI_MCA_btl=vader,sm,self
    unset OMPI_MCA_mtl
    export OMPI_MCA_smsc=xpmem # Only OpenMPI

    CMDS=("osu_alltoall -d rocm D D" "osu_allreduce -d rocm D D" "osu_allgather -d rocm D D" "osu_allreduce H H" "osu_alltoall H H" "osu_allgather H H")
    for cmd in "\${CMDS[@]}"; do
        run_osu_cmd "\$cmd" "mpi/collective" "_ob1\${SUFFIX}"
    done
)
fi # single node

EOF


done
============
HYDRA_LAUNCHER_EXTRA_ARGS=--external-launcher
__LMOD_REF_COUNT_PE_LIBSCI_REQUIRED_PRODUCTS=PE_MPICH:1
CRAY_LMOD_MPI=cray-mpich/8.0
LUMI_LMOD_FAMILY_MPI=cray-mpich
LMOD_FAMILY_CRAYPE_NETWORK_VERSION=false
LC_ALL=en_US.UTF-8
SLURM_MEM_PER_CPU=0
LS_COLORS=no=00:fi=00:di=01;33:ln=01;36:pi=40;33:so=01;35:do=01;35:bd=40;33;01:cd=40;33;01:or=40;31;01:su=37;41:sg=30;43:tw=30;42:ow=34;42:st=37;44:ex=00;35:*.tar=01;31:*.tgz=01;31:*.arj=01;31:*.taz=01;31:*.lzh=01;31:*.zip=01;31:*.z=01;31:*.Z=01;31:*.gz=01;31:*.bz2=01;31:*.deb=01;31:*.rpm=01;31:*.jar=01;31:*.jpg=01;35:*.jpeg=01;35:*.gif=01;35:*.bmp=01;35:*.pbm=01;35:*.pgm=01;35:*.ppm=01;35:*.tga=01;35:*.xbm=01;35:*.xpm=01;35:*.tif=01;35:*.tiff=01;35:*.png=01;35:*.mov=01;35:*.mpg=01;35:*.mpeg=01;35:*.avi=01;35:*.fli=01;35:*.gl=01;35:*.dl=01;35:*.xcf=01;35:*.xwd=01;35:*.flac=01;35:*.mp3=01;35:*.mpc=01;35:*.ogg=01;35:*.wav=01;35:
LD_LIBRARY_PATH=/pfs/lustref1/flash/project_462000031/lazzaroa/openmpi_on_ss11/install_rccl/lib:/pfs/lustref1/flash/project_462000031/lazzaroa/openmpi_on_ss11/install_ompi/lib:/pfs/lustref1/flash/project_462000031/lazzaroa/openmpi_on_ss11/install_libfabric/lib:/pfs/lustref1/flash/project_462000031/lazzaroa/openmpi_on_ss11/install_cxi/lib:/opt/rocm-6.3.4/lib/roctracer:/opt/rocm-6.3.4/lib/rocprofiler:/opt/rocm-6.3.4/lib:/opt/cray/pe/python/3.11.7/lib:/opt/cray/pe/papi/7.2.0.1/lib64:/opt/cray/libfabric/1.22.0/lib64
HOSTTYPE=x86_64
CRAY_DSMML_ROOTDIR=/opt/cray/pe/dsmml/0.3.1
LIBFABRIC_DIR=/pfs/lustref1/flash/project_462000031/lazzaroa/openmpi_on_ss11/libfabric
_ModuleTable017_=YXBwbC9sdW1pL21vZHVsZXMvU29mdHdhcmVTdGFjazovYXBwbC9sdW1pL21vZHVsZXMvU3R5bGVNb2RpZmllcnM6L2FwcGwvbHVtaS9tb2R1bGVzL2luaXQtTFVNSS1Tb2Z0d2FyZVN0YWNrOi9vcHQvY3JheS9tb2R1bGVmaWxlcyIsCn0K
SLURM_NODEID=0
CRAY_DSMML_DIR=/opt/cray/pe/dsmml/0.3.1/dsmml
SLURM_TASK_PID=128151
__LMOD_REF_COUNT_PATH=/opt/rocm-6.3.4/bin:1;/opt/cray/pe/mpich/8.1.32/ofi/gnu/12.3/bin:1;/opt/cray/pe/mpich/8.1.32/bin:1;/opt/cray/pe/craype/2.7.34/bin:1;/opt/cray/pe/gcc-native/14/bin:1;/opt/cray/pe/python/3.11.7/bin:1;/appl/lumi/SW/system/EB/lumi-tools/24.05/bin:1;/opt/cray/pe/perftools/25.03.0/bin:1;/opt/cray/pe/papi/7.2.0.1/bin:1;/opt/cray/libfabric/1.22.0/bin:1;/users/lazzaroa/.local/bin:1;/users/lazzaroa/bin:1;/usr/local/bin:1;/usr/bin:1;/bin:1;/usr/lib/mit/bin:1;/usr/lib/mit/sbin:1;/opt/cray/pe/bin:1
_ModuleTable002_=TGFiZWwvbGFiZWwubHVhIiwKZnVsbE5hbWUgPSAiTW9kdWxlTGFiZWwvbGFiZWwiLApsb2FkT3JkZXIgPSA2LApwcm9wVCA9IHsKbG1vZCA9IHsKc3RpY2t5ID0gMSwKfSwKfSwKc3RhY2tEZXB0aCA9IDEsCnN0YXR1cyA9ICJhY3RpdmUiLAp1c2VyTmFtZSA9ICJNb2R1bGVMYWJlbC9sYWJlbCIsCndWID0gInNsYWJlbC4qemZpbmFsIiwKfSwKWyJQcmdFbnYtZ251Il0gPSB7CmZuID0gIi9vcHQvY3JheS9wZS9sbW9kL21vZHVsZWZpbGVzL2NvcmUvUHJnRW52LWdudS84LjYuMC5sdWEiLApmdWxsTmFtZSA9ICJQcmdFbnYtZ251LzguNi4wIiwKbG9hZE9yZGVyID0gMTUsCnByb3BUID0ge30sCnN0YWNrRGVwdGggPSAxLApzdGF0dXMgPSAiYWN0aXZlIiwKdXNlck5hbWUgPSAi
PE_MPICH_GTL_DIR_amd_gfx90a=-L/opt/cray/pe/mpich/8.1.32/gtl/lib
PE_LIBSCI_OMP_REQUIRES= 
SSH_CONNECTION=178.197.255.23 57398 193.167.209.163 22
LUMI_LMOD_FAMILY_CRAYPE=craype
LUMI_LMOD_FAMILY_CRAYPE_VERSION=2.7.34
LESSCLOSE=lessclose.sh %s %s
CRAY_LD_LIBRARY_PATH=/opt/cray/pe/libsci/25.03.0/GNU/12.3/x86_64/lib:/opt/cray/pe/mpich/8.1.32/ofi/gnu/12.3/lib:/opt/cray/pe/mpich/8.1.32/gtl/lib:/opt/cray/pe/dsmml/0.3.1/dsmml/lib:/opt/cray/pe/perftools/25.03.0/lib64
SLURM_PRIO_PROCESS=0
XKEYSYMDB=/usr/X11R6/lib/X11/XKeysymDB
PE_ENV=GNU
__LMOD_REF_COUNT_PE_DSMML_PKGCONFIG_LIBS=dsmml:1
__LMOD_REF_COUNT_PE_FORTRAN_PKGCONFIG_LIBS=mpichf90:1
LMOD_FAMILY_CRAYPE_CPU=craype-x86-rome
EBDEVELLUMIMINTOOLS=/appl/lumi/SW/system/EB/lumi-tools/24.05/easybuild/lumi-tools-24.05-easybuild-devel
CRAYPAT_LD_LIBRARY_PATH=/opt/cray/pe/perftools/25.03.0/lib64
GCC_PREFIX=/usr/lib64/gcc/x86_64-suse-linux/14
CRAY_LMOD_COMPILER=gnu/12.0
LMOD_MODULERCFILE=/appl/lumi/LUMI-SoftwareStack/LMOD/modulerc.lua
CRAY_DSMML_PREFIX=/opt/cray/pe/dsmml/0.3.1/dsmml
PE_PRODUCT_LIST=CRAYPE:CRAYPE_X86_ROME:PERFTOOLS:CRAYPAT:CRAY_ROCM
LMOD_FAMILY_MPI_VERSION=8.1.32
CRAYPAT_ROOT=/opt/cray/pe/perftools/25.03.0
PE_PERFTOOLS_MPICH_LIBDIR=/opt/cray/pe/mpich/8.1.32/ofi/gnu/12.3/lib
PMIX_MCA_gds=^shmem2
c=gnu
I_MPI_HYDRA_BOOTSTRAP_EXEC_EXTRA_ARGS=--external-launcher
PE_MPICH_GTL_DIR_amd_gfx906=-L/opt/cray/pe/mpich/8.1.32/gtl/lib
PE_LIBSCI_MODULE_NAME=cray-libsci/25.03.0
LANG=en_US.UTF-8
SLURM_SUBMIT_DIR=/pfs/lustref1/flash/project_462000031/lazzaroa/openmpi_on_ss11/osu/ompi/collectives
GIT_HOOKS_PRE_COMMIT_HPE_CRAY_CHECKPATCH_SKIP=1
PE_MPICH_GTL_DIR_amd_gfx908=-L/opt/cray/pe/mpich/8.1.32/gtl/lib
PE_DSMML_MODULE_NAME=cray-dsmml
WINDOWMANAGER=xterm
_ModuleTable008_=ID0gIi9vcHQvY3JheS9wZS9sbW9kL21vZHVsZWZpbGVzL2NyYXlwZS10YXJnZXRzL2RlZmF1bHQvY3JheXBlLXg4Ni1yb21lLmx1YSIsCmZ1bGxOYW1lID0gImNyYXlwZS14ODYtcm9tZSIsCmxvYWRPcmRlciA9IDEsCnByb3BUID0ge30sCnN0YWNrRGVwdGggPSAwLApzdGF0dXMgPSAiYWN0aXZlIiwKdXNlck5hbWUgPSAiY3JheXBlLXg4Ni1yb21lIiwKd1YgPSAiTS4qemZpbmFsIiwKfSwKWyJnY2MtbmF0aXZlIl0gPSB7CmFjdGlvbkEgPSB7CgoicHJlcGVuZF9wYXRoKFwiTU9EVUxFUEFUSFwiLFwiL29wdC9jcmF5L3BlL2xtb2QvbW9kdWxlZmlsZXMvY29tcGlsZXIvZ251LzEyLjBcIikiCiwgInByZXBlbmRfcGF0aChcIk1PRFVMRVBBVEhcIixcIi9vcHQvY3JheS9wZS9s
HIP_LIB_PATH=/opt/rocm-6.3.4/lib
OMPI_MCA_plm_slurm_args=--external-launcher
LESS=-M -I -R
PE_MPICH_GTL_LIBS_nvidia70=-lmpi_gtl_cuda
LUMI_LMOD_FAMILY_PRGENV=PrgEnv-gnu
LMOD_FAMILY_COMPILER_VERSION=14.2
HOSTNAME=nid005195
LMOD_SYSTEM_DEFAULT_MODULES=craype-x86-rome:craype-network-ofi:perftools-base:xpmem:PrgEnv-cray:init-lumi
EBROOTLUMIMINTOOLS=/appl/lumi/SW/system/EB/lumi-tools/24.05
OLDPWD=/pfs/lustref1/flash/project_462000031/lazzaroa/openmpi_on_ss11
LUMI_LMOD_FAMILY_CRAYPE_NETWORK_VERSION=false
CSHEDIT=emacs
ENVIRONMENT=BATCH
GPG_TTY=/dev/pts/10
LESS_ADVANCED_PREPROCESSOR=no
__LMOD_REF_COUNT_PE_MPICH_GENCOMPILERS_GNU=12.3:1
COLORTERM=1
__LMOD_REF_COUNT_XDG_DATA_DIRS=/appl/lumi/SW/system/EB/lumi-tools/24.05/share:1;/usr/share:1
OSU_HOME=/pfs/lustref1/flash/project_462000031/lazzaroa/openmpi_on_ss11/osu/osu-ompi//libexec/osu-micro-benchmarks/
FPATH=/opt/cray/pe/lmod/lmod/init/ksh_funcs
_ModuleTable007_=ZWZpbGVzL25ldC9vZmkvMS4wXCIpIiwKfSwKZm4gPSAiL29wdC9jcmF5L3BlL2xtb2QvbW9kdWxlZmlsZXMvY3JheXBlLXRhcmdldHMvZGVmYXVsdC9jcmF5cGUtbmV0d29yay1vZmkubHVhIiwKZnVsbE5hbWUgPSAiY3JheXBlLW5ldHdvcmstb2ZpIiwKbG9hZE9yZGVyID0gMywKcHJvcFQgPSB7fSwKc3RhY2tEZXB0aCA9IDAsCnN0YXR1cyA9ICJhY3RpdmUiLAp1c2VyTmFtZSA9ICJjcmF5cGUtbmV0d29yay1vZmkiLAp3ViA9ICJNLip6ZmluYWwiLAp9LApbImNyYXlwZS14ODYtcm9tZSJdID0gewphY3Rpb25BID0gewoicHJlcGVuZF9wYXRoKFwiTU9EVUxFUEFUSFwiLFwiL29wdC9jcmF5L3BlL2xtb2QvbW9kdWxlZmlsZXMvY3B1L3g4Ni1yb21lLzEuMFwiKSIsCn0sCmZu
CRAY_PERFTOOLS_VERSION=25.03.0
ROCR_VISIBLE_DEVICES=0,1,2,3,4,5,6,7
LUMI_LMOD_FAMILY_PRGENV_VERSION=8.6.0
PRTE_MCA_ras_base_launch_orted_on_hn=1
ROCM_PATH=/opt/rocm-6.3.4
OMPI_DIR=/pfs/lustref1/flash/project_462000031/lazzaroa/openmpi_on_ss11/openmpi5
LMOD_FAMILY_CRAYPE_NETWORK=craype-network-ofi
JAVA_HOME=/usr/lib64/jvm/java-11-openjdk-11
__LMOD_STACK_LMOD_AVAIL_STYLE=PGxhYmVsPjpQRWhpZXJhcmNoeTpzeXN0ZW0=
LMOD_FAMILY_CRAYPE_VERSION=2.7.34
PE_XPMEM_PKGCONFIG_LIBS=cray-xpmem
CRAY_ROCM_POST_LINK_OPTS= -L/opt/rocm-6.3.4/lib -L/opt/rocm-6.3.4/lib/rocprofiler -L/opt/rocm-6.3.4/lib/roctracer -lamdhip64
SLURM_PROCID=0
APP2_STATE=25.03.0
LMOD_FAMILY_GCC_COMPILER=gcc-native
CFLAGS=-g -O -Wno-error=maybe-uninitialized -I/pfs/lustref1/flash/project_462000031/lazzaroa/openmpi_on_ss11/install_cxi/include -I/opt/rocm-6.3.4/include
SLURM_JOB_GID=10013986
MACHTYPE=x86_64-suse-linux
I_MPI_HYDRA_BOOTSTRAP=slurm
LMOD_RC=/appl/lumi/LUMI-SoftwareStack/LMOD/lmodrc.lua
__LMOD_REF_COUNT_LD_LIBRARY_PATH=/opt/rocm-6.3.4/lib/roctracer:1;/opt/rocm-6.3.4/lib/rocprofiler:1;/opt/rocm-6.3.4/lib:1;/opt/cray/pe/python/3.11.7/lib:1;/opt/cray/pe/papi/7.2.0.1/lib64:1;/opt/cray/libfabric/1.22.0/lib64:1
CRAY_ROCM_PREFIX=/opt/rocm-6.3.4
__LMOD_REF_COUNT_PKG_CONFIG_PATH=/usr/lib64/pkgconfig:1;/opt/cray/pe/dsmml/0.3.1/dsmml/lib/pkgconfig:1;/opt/cray/pe/craype/2.7.34/pkg-config:1;/opt/cray/libfabric/1.22.0/lib64/pkgconfig:1
BINDING=--bind-to core --map-by L3cache:pe=7 --mca hwloc_base_binding_policy core --mca hwloc_base_mem_bind policy:bind
OSU_INSTALL=/pfs/lustref1/flash/project_462000031/lazzaroa/openmpi_on_ss11/osu/osu-ompi/
GNU_VERSION=14.2
SLURMD_NODENAME=nid005195
PE_PKGCONFIG_PRODUCTS=PE_LIBSCI:PE_MPICH:PE_DSMML:PE_XPMEM
_ModuleTable015_=ci9nbnUvMTIuMCIKLCAiL2FwcGwvbHVtaS9tb2R1bGVzL2Vhc3lidWlsZC9zeXN0ZW0iCiwgIi9vcHQvY3JheS9wZS9sbW9kL21vZHVsZWZpbGVzL3BlcmZ0b29scy8yNS4wMy4wIgosICIvb3B0L2NyYXkvcGUvbG1vZC9tb2R1bGVmaWxlcy9uZXQvb2ZpLzEuMCIKLCAiL29wdC9jcmF5L3BlL2xtb2QvbW9kdWxlZmlsZXMvY3B1L3g4Ni1yb21lLzEuMCIKLCAiL29wdC9jcmF5L3BlL21vZHVsZWZpbGVzL0xpbnV4IiwgIi9vcHQvY3JheS9wZS9tb2R1bGVmaWxlcy9Db3JlIgosICIvb3B0L2NyYXkvcGUvbG1vZC9sbW9kL21vZHVsZWZpbGVzL0NvcmUiCiwgIi9vcHQvY3JheS9wZS9sbW9kL21vZHVsZWZpbGVzL2NvcmUiCiwgIi9vcHQvY3JheS9wZS9sbW9kL21vZHVsZWZpbGVz
SLURM_JOB_END_TIME=1772917476
LUMI_LMOD_FAMILY_LIBSCI=cray-libsci
CRAY_MPICH_BASEDIR=/opt/cray/pe/mpich/8.1.32/ofi
PE_MPICH_GTL_DIR_nvidia80=-L/opt/cray/pe/mpich/8.1.32/gtl/lib
_ModuleTable004_=YnNjaS8yNS4wMy4wLmx1YSIsCmZ1bGxOYW1lID0gImNyYXktbGlic2NpLzI1LjAzLjAiLApsb2FkT3JkZXIgPSAxNCwKcHJvcFQgPSB7fSwKc3RhY2tEZXB0aCA9IDEsCnN0YXR1cyA9ICJhY3RpdmUiLAp1c2VyTmFtZSA9ICJjcmF5LWxpYnNjaSIsCndWID0gIl4wMDAwMDAyNS4wMDAwMDAwMDMuKnpmaW5hbCIsCn0sClsiY3JheS1tcGljaCJdID0gewphY3Rpb25BID0gewoicHJlcGVuZF9wYXRoKFwiTU9EVUxFUEFUSFwiLFwiL29wdC9jcmF5L3BlL2xtb2QvbW9kdWxlZmlsZXMvbXBpL2dudS8xMi4wL29maS8xLjAvY3JheS1tcGljaC84LjBcIikiLAp9LApmbiA9ICIvb3B0L2NyYXkvcGUvbG1vZC9tb2R1bGVmaWxlcy9jb21uZXQvZ251LzEyLjAvb2ZpLzEuMC9jcmF5LW1w
PE_LIBSCI_GENCOMPILERS_GNU_x86_64=12.3
MINICOM=-c on
SLURM_TASKS_PER_NODE=8
__LMOD_REF_COUNT_PYTHONPATH=/opt/cray/pe/python/3.11.7:1
PRTE_MCA_plm_slurm_args=--external-launcher
PE_MPICH_PKGCONFIG_VARIABLES=PE_MPICH_GTL_DIR_@accelerator@:PE_MPICH_GTL_LIBS_@accelerator@
PREFIX_CXI=/pfs/lustref1/flash/project_462000031/lazzaroa/openmpi_on_ss11/install_cxi
PE_MPICH_PKGCONFIG_LIBS=mpich
USE_SRUN=0
OSTYPE=linux
CC=gcc-14
XDG_SESSION_ID=297145
CRAY_DSMML_VER=0.3.1
__LMOD_REF_COUNT_PYTHON_PATH=/opt/cray/pe/python/3.11.7:1
LUMI_LMOD_FAMILY_MPI_VERSION=8.1.32
SLURM_NNODES=1
USER=lazzaroa
LUMI_LMOD_FAMILY_LIBSCI_VERSION=25.03.0
CXXFLAGS=-g -O -I/pfs/lustref1/flash/project_462000031/lazzaroa/openmpi_on_ss11/install_cxi/include -I/opt/rocm-6.3.4/include
PAGER=less
LUMI_LMOD_FAMILY_GCC_COMPILER=gcc-native
CRAY_PYTHON_LEVEL=3.11.7
LMOD_FAMILY_PRGENV_VERSION=8.6.0
LMOD_FAMILY_LIBSCI=cray-libsci
_ModuleTable012_=MDAwMDAyNC4wMDAwMDAwMDUuKnpmaW5hbCIsCn0sClsicGVyZnRvb2xzLWJhc2UiXSA9IHsKYWN0aW9uQSA9IHsKInByZXBlbmRfcGF0aChcIk1PRFVMRVBBVEhcIixcIi9vcHQvY3JheS9wZS9sbW9kL21vZHVsZWZpbGVzL3BlcmZ0b29scy8yNS4wMy4wXCIpIiwKfSwKZm4gPSAiL29wdC9jcmF5L3BlL2xtb2QvbW9kdWxlZmlsZXMvY29yZS9wZXJmdG9vbHMtYmFzZS8yNS4wMy4wLmx1YSIsCmZ1bGxOYW1lID0gInBlcmZ0b29scy1iYXNlLzI1LjAzLjAiLApsb2FkT3JkZXIgPSA0LApwcm9wVCA9IHt9LApzdGFja0RlcHRoID0gMCwKc3RhdHVzID0gImFjdGl2ZSIsCnVzZXJOYW1lID0gInBlcmZ0b29scy1iYXNlIiwKd1YgPSAiXjAwMDAwMDI1LjAwMDAwMDAwMy4qemZpbmFs
PE_MPICH_GTL_LIBS_ponteVecchio=-lmpi_gtl_ze
CRAY_CPU_TARGET=x86-rome
PE_GCC_LEVEL=14
SLURM_JOB_START_TIME=1772915676
PE_LIBSCI_VOLATILE_PRGENV=GNU
SLURM_NTASKS_PER_NODE=8
PKGCONFIG_ENABLED=1
__LMOD_REF_COUNT_MODULEPATH=/opt/cray/pe/lmod/modulefiles/mpi/gnu/12.0/ofi/1.0/cray-mpich/8.0:1;/opt/cray/pe/lmod/modulefiles/comnet/gnu/12.0/ofi/1.0:1;/opt/cray/pe/lmod/modulefiles/mix_compilers:1;/opt/cray/pe/lmod/modulefiles/compiler/gnu/12.0:1;/appl/lumi/modules/easybuild/system:1;/opt/cray/pe/lmod/modulefiles/perftools/25.03.0:1;/opt/cray/pe/lmod/modulefiles/net/ofi/1.0:1;/opt/cray/pe/lmod/modulefiles/cpu/x86-rome/1.0:1;/opt/cray/pe/modulefiles/Linux:1;/opt/cray/pe/modulefiles/Core:1;/opt/cray/pe/lmod/lmod/modulefiles/Core:1;/opt/cray/pe/lmod/modulefiles/core:1;/opt/cray/pe/lmod/modulefiles/craype-targets/default:1;/appl/lumi/modules/SoftwareStack:1;/appl/lumi/modules/StyleModifiers:1;/appl/lumi/modules/init-LUMI-SoftwareStack:1;/opt/cray/modulefiles:1
MORE=-sl
CRAY_PERFTOOLS_PREFIX=/opt/cray/pe/perftools/25.03.0
PE_FORTRAN_PKGCONFIG_LIBS=mpichf90
CRAY_ROCM_DIR=/opt/rocm-6.3.4
__LMOD_REF_COUNT_CRAY_LD_LIBRARY_PATH=/opt/cray/pe/libsci/25.03.0/GNU/12.3/x86_64/lib:1;/opt/cray/pe/mpich/8.1.32/ofi/gnu/12.3/lib:1;/opt/cray/pe/mpich/8.1.32/gtl/lib:1;/opt/cray/pe/dsmml/0.3.1/dsmml/lib:1;/opt/cray/pe/perftools/25.03.0/lib64:1
GCC_VERSION=14.2
CRAY_LIBSCI_BASE_DIR=/opt/cray/pe/libsci/25.03.0
PWD=/users/lazzaroa/flash_coe/openmpi_on_ss11/osu/ompi/collectives
LUMI_LMOD_FAMILY_CRAYPE_CPU=craype-x86-rome
PE_MPICH_GTL_DIR_ponteVecchio=-L/opt/cray/pe/mpich/8.1.32/gtl/lib
PE_MPICH_GTL_DIR_nvidia70=-L/opt/cray/pe/mpich/8.1.32/gtl/lib
SLURM_JOB_NODELIST=nid005195
HOME=/users/lazzaroa
SLURM_CLUSTER_NAME=lumi
PELOCAL_PRGENV=true
CMAKE_PREFIX_PATH=/opt/rocm-6.3.4/lib/cmake/hip:/appl/lumi/SW/system/EB/lumi-tools/24.05
PE_LIBSCI_REQUIRED_PRODUCTS=PE_MPICH
SLURM_NODELIST=nid005195
PE_MPICH_GTL_LIBS_amd_gfx942=-lmpi_gtl_hsa
PE_MPICH_GTL_LIBS_amd_gfx940=-lmpi_gtl_hsa
LIBCXI_DIR=/pfs/lustref1/flash/project_462000031/lazzaroa/openmpi_on_ss11/libfabric/libcxi
SLURM_GPUS_ON_NODE=8
SLURM_NETWORK=single_node_vni
HOST=uan01
SSH_CLIENT=178.197.255.23 57398 22
__LMOD_REF_COUNT_PE_GNU_FIXED_PKGCONFIG_PATH=/opt/cray/pe/mpich/8.1.32/ofi/gnu/12.3/lib/pkgconfig:1
__LMOD_REF_COUNT_LMOD_MODULERCFILE=/appl/lumi/LUMI-SoftwareStack/LMOD/modulerc.lua:1
LMOD_VERSION=8.7.55
XNLSPATH=/usr/X11R6/lib/X11/nls
PE_MPICH_FORTRAN_PKGCONFIG_LIBS=mpichf90
SLURM_NTASKS=8
PE_LIBSCI_PKGCONFIG_LIBS=libsci_mpi:libsci
XDG_SESSION_TYPE=tty
PREFIX_RCCL=/pfs/lustref1/flash/project_462000031/lazzaroa/openmpi_on_ss11/install_rccl
SDK_HOME=/usr/lib64/jvm/java-11-openjdk-11
CRAY_LMOD_CPU=x86-rome/1.0
PE_MPICH_GTL_LIBS_nvidia80=-lmpi_gtl_cuda
PE_LIBSCI_OMP_REQUIRES_openmp=_mp
LMOD_FAMILY_CRAYPE_CPU_VERSION=false
SLURM_JOB_CPUS_PER_NODE=56
GCC_PATH=/opt/cray/pe/gcc-native/14/bin
BASH_ENV=/opt/cray/pe/lmod/lmod/init/bash
XDG_DATA_DIRS=/appl/lumi/SW/system/EB/lumi-tools/24.05/share:/usr/share
_LUMI_INIT_FIRST_LOAD=1
__LMOD_REF_COUNT_PE_MPICH_FORTRAN_PKGCONFIG_LIBS=mpichf90:1
SLURM_TOPOLOGY_ADDR=nid005195
SLURM_THREADS_PER_CORE=1
PYTHON_PATH=/opt/cray/pe/python/3.11.7
LMOD_FAMILY_GCC_COMPILER_VERSION=14.2
CRAY_LMOD_NET=ofi/1.0
__LMOD_REF_COUNT_PE_PKGCONFIG_PRODUCTS=PE_LIBSCI:1;PE_MPICH:1;PE_DSMML:1;PE_XPMEM:1
PE_MPICH_MODULE_NAME=cray-mpich
RCCL_DIR=/pfs/lustref1/flash/project_462000031/lazzaroa/openmpi_on_ss11/rccl
LIBGL_DEBUG=quiet
FCFLAGS=-O -I/pfs/lustref1/flash/project_462000031/lazzaroa/openmpi_on_ss11/install_cxi/include -I/opt/rocm-6.3.4/include
PE_LIBSCI_VOLATILE_PKGCONFIG_PATH=/opt/cray/pe/libsci/25.03.0/@PRGENV@/@PE_LIBSCI_GENCOMPS@/@PE_LIBSCI_TARGET@/lib/pkgconfig
JDK_HOME=/usr/lib64/jvm/java-11-openjdk-11
__LMOD_REF_COUNT_PE_MPICH_FIXED_PRGENV=GNU:1
PE_MPICH_GTL_DIR_amd_gfx940=-L/opt/cray/pe/mpich/8.1.32/gtl/lib
PE_MPICH_GTL_DIR_amd_gfx942=-L/opt/cray/pe/mpich/8.1.32/gtl/lib
OUTPUT_DIR=/pfs/lustref1/flash/project_462000031/lazzaroa/openmpi_on_ss11/osu/ompi/collectives
SLURM_JOB_NAME=sbatch
PROFILEREAD=true
TMPDIR=/tmp
PERFTOOLS_VERSION=25.03.0
SLURM_JOB_GPUS=0,1,2,3,4,5,6,7
__LMOD_REF_COUNT_CMAKE_PREFIX_PATH=/opt/rocm-6.3.4/lib/cmake/hip:1;/appl/lumi/SW/system/EB/lumi-tools/24.05:1
LMOD_sys=Linux
_ModuleTable010_=bmRfcGF0aChcIk1PRFVMRVBBVEhcIixcIi9hcHBsL2x1bWkvbW9kdWxlcy9lYXN5YnVpbGQvc3lzdGVtXCIpIiwKfSwKZm4gPSAiL2FwcGwvbHVtaS9tb2R1bGVzL2luaXQtTFVNSS1Tb2Z0d2FyZVN0YWNrL2luaXQtbHVtaS8wLjIubHVhIiwKZnVsbE5hbWUgPSAiaW5pdC1sdW1pLzAuMiIsCmxvYWRPcmRlciA9IDgsCnByb3BUID0gewpsbW9kID0gewpzdGlja3kgPSAxLAp9LAp9LApzdGFja0RlcHRoID0gMCwKc3RhdHVzID0gImFjdGl2ZSIsCnVzZXJOYW1lID0gImluaXQtbHVtaSIsCndWID0gIjAwMDAwMDAwMC4wMDAwMDAwMDIuKnpmaW5hbCIsCn0sCmxpYmZhYnJpYyA9IHsKZm4gPSAiL29wdC9jcmF5L21vZHVsZWZpbGVzL2xpYmZhYnJpYy8xLjIyLjAiLApmdWxsTmFt
PE_PKGCONFIG_LIBS=rocm-6.3.4:libsci_mpi:libsci:mpich:dsmml
SLURM_JOBID=16560243
_ModuleTable001_=X01vZHVsZVRhYmxlXyA9IHsKTVR2ZXJzaW9uID0gMywKY19yZWJ1aWxkVGltZSA9IGZhbHNlLApjX3Nob3J0VGltZSA9IGZhbHNlLApkZXB0aFQgPSB7fSwKZmFtaWx5ID0gewpQcmdFbnYgPSAiUHJnRW52LWdudSIsCmNvbXBpbGVyID0gImdjYy1uYXRpdmUiLApjcmF5cGUgPSAiY3JheXBlIiwKY3JheXBlX2NwdSA9ICJjcmF5cGUteDg2LXJvbWUiLApjcmF5cGVfbmV0d29yayA9ICJjcmF5cGUtbmV0d29yay1vZmkiLApnY2NfY29tcGlsZXIgPSAiZ2NjLW5hdGl2ZSIsCmxpYnNjaSA9ICJjcmF5LWxpYnNjaSIsCm1waSA9ICJjcmF5LW1waWNoIiwKfSwKbVQgPSB7Ck1vZHVsZUxhYmVsID0gewpmbiA9ICIvYXBwbC9sdW1pL21vZHVsZXMvU3R5bGVNb2RpZmllcnMvTW9kdWxl
SLURM_CONF=/etc/slurm/slurm.conf
LOADEDMODULES=craype-x86-rome:libfabric/1.22.0:craype-network-ofi:perftools-base/25.03.0:xpmem/2.11.5-1.3_g73ade43320bc:ModuleLabel/label:lumi-tools/24.05:init-lumi/0.2:cray-python/3.11.7:gcc-native/14.2:craype/2.7.34:cray-dsmml/0.3.1:cray-mpich/8.1.32:cray-libsci/25.03.0:PrgEnv-gnu/8.6.0:rocm/6.3.4
LMOD_AVAIL_STYLE=<label>:PEhierarchy:system
FC=gfortran-14
CRAYPE_NETWORK_TARGET=ofi
_ModuleTable006_=cHl0aG9uIiwKd1YgPSAiXjAwMDAwMDAzLjAwMDAwMDAxMS4wMDAwMDAwMDcuKnpmaW5hbCIsCn0sCmNyYXlwZSA9IHsKZm4gPSAiL29wdC9jcmF5L3BlL2xtb2QvbW9kdWxlZmlsZXMvY29yZS9jcmF5cGUvMi43LjM0Lmx1YSIsCmZ1bGxOYW1lID0gImNyYXlwZS8yLjcuMzQiLApsb2FkT3JkZXIgPSAxMSwKcHJvcFQgPSB7fSwKc3RhY2tEZXB0aCA9IDEsCnN0YXR1cyA9ICJhY3RpdmUiLAp1c2VyTmFtZSA9ICJjcmF5cGUiLAp3ViA9ICJeMDAwMDAwMDIuMDAwMDAwMDA3LjAwMDAwMDAzNC4qemZpbmFsIiwKfSwKWyJjcmF5cGUtbmV0d29yay1vZmkiXSA9IHsKYWN0aW9uQSA9IHsKInByZXBlbmRfcGF0aChcIk1PRFVMRVBBVEhcIixcIi9vcHQvY3JheS9wZS9sbW9kL21vZHVs
__LMOD_REF_COUNT_MANPATH=/opt/rocm-6.3.4/share/man:1;/opt/cray/pe/libsci/25.03.0/share/man:1;/opt/cray/pe/mpich/8.1.32/ofi/man:1;/opt/cray/pe/mpich/8.1.32/man/mpich:1;/opt/cray/pe/dsmml/0.3.1/dsmml/man:1;/opt/cray/pe/craype/2.7.34/man:1;/opt/cray/pe/python/3.11.7/share/man:1;/appl/lumi/SW/system/EB/lumi-tools/24.05/share/man:1;/opt/cray/pe/perftools/25.03.0/man:1;/opt/cray/pe/papi/7.2.0.1/share/pdoc/man:1;/opt/cray/libfabric/1.22.0/share/man:1;/opt/cray/pe/lmod/lmod/share/man:1;/users/lazzaroa/.local/share/man:1;/usr/local/man:1;/usr/share/man:1
_ModuleTable003_=UHJnRW52LWdudSIsCndWID0gIl4wMDAwMDAwOC4wMDAwMDAwMDYuKnpmaW5hbCIsCn0sClsiY3JheS1kc21tbCJdID0gewpmbiA9ICIvb3B0L2NyYXkvcGUvbG1vZC9tb2R1bGVmaWxlcy9jb3JlL2NyYXktZHNtbWwvMC4zLjEubHVhIiwKZnVsbE5hbWUgPSAiY3JheS1kc21tbC8wLjMuMSIsCmxvYWRPcmRlciA9IDEyLApwcm9wVCA9IHt9LApzdGFja0RlcHRoID0gMSwKc3RhdHVzID0gImFjdGl2ZSIsCnVzZXJOYW1lID0gImNyYXktZHNtbWwiLAp3ViA9ICJeMDAwMDAwMDAuMDAwMDAwMDAzLjAwMDAwMDAwMS4qemZpbmFsIiwKfSwKWyJjcmF5LWxpYnNjaSJdID0gewpmbiA9ICIvb3B0L2NyYXkvcGUvbG1vZC9tb2R1bGVmaWxlcy9jb21waWxlci9nbnUvMTIuMC9jcmF5LWxp
SLURM_JOB_QOS=normal
LMOD_ROOT=/opt/cray/pe/lmod
SLURM_TOPOLOGY_ADDR_PATTERN=node
SSH_TTY=/dev/pts/10
PAT_RT_PERFCTR_DISABLE_COMPONENTS=nvml,rocm_smi
LUMI_LMOD_FAMILY_CRAYPE_NETWORK=craype-network-ofi
CRAY_MPICH_ROOTDIR=/opt/cray/pe/mpich/8.1.32
_ModuleTable013_=IiwKfSwKcm9jbSA9IHsKZm4gPSAiL29wdC9jcmF5L3BlL2xtb2QvbW9kdWxlZmlsZXMvY29yZS9yb2NtLzYuMy40Lmx1YSIsCmZ1bGxOYW1lID0gInJvY20vNi4zLjQiLApsb2FkT3JkZXIgPSAxNiwKcHJvcFQgPSB7fSwKc3RhY2tEZXB0aCA9IDAsCnN0YXR1cyA9ICJhY3RpdmUiLAp1c2VyTmFtZSA9ICJyb2NtIiwKd1YgPSAiXjAwMDAwMDA2LjAwMDAwMDAwMy4wMDAwMDAwMDQuKnpmaW5hbCIsCn0sCnhwbWVtID0gewpmbiA9ICIvb3B0L2NyYXkvbW9kdWxlZmlsZXMveHBtZW0vMi4xMS41LTEuM19nNzNhZGU0MzMyMGJjIiwKZnVsbE5hbWUgPSAieHBtZW0vMi4xMS41LTEuM19nNzNhZGU0MzMyMGJjIiwKbG9hZE9yZGVyID0gNSwKcHJvcFQgPSB7fSwKc3RhY2tEZXB0aCA9
MOTD_SHOWN=pam
MAIL=/var/spool/mail/lazzaroa
SLURM_CPUS_ON_NODE=56
CXX=g++-14
SLURM_JOB_NUM_NODES=1
_ModuleTable016_=L2NyYXlwZS10YXJnZXRzL2RlZmF1bHQiCiwgIi9hcHBsL2x1bWkvbW9kdWxlcy9Tb2Z0d2FyZVN0YWNrIiwgIi9hcHBsL2x1bWkvbW9kdWxlcy9TdHlsZU1vZGlmaWVycyIKLCAiL2FwcGwvbHVtaS9tb2R1bGVzL2luaXQtTFVNSS1Tb2Z0d2FyZVN0YWNrIiwgIi9vcHQvY3JheS9tb2R1bGVmaWxlcyIsCn0sCnN5c3RlbUJhc2VNUEFUSCA9ICIvb3B0L2NyYXkvcGUvbW9kdWxlZmlsZXMvTGludXg6L29wdC9jcmF5L3BlL21vZHVsZWZpbGVzL0NvcmU6L29wdC9jcmF5L3BlL2xtb2QvbG1vZC9tb2R1bGVmaWxlcy9Db3JlOi9vcHQvY3JheS9wZS9sbW9kL21vZHVsZWZpbGVzL2NvcmU6L29wdC9jcmF5L3BlL2xtb2QvbW9kdWxlZmlsZXMvY3JheXBlLXRhcmdldHMvZGVmYXVsdDov
LESSKEY=/etc/lesskey.bin
LUMI_LMOD_FAMILY_COMPILER=gcc-native
_ModuleTable009_=bW9kL21vZHVsZWZpbGVzL21peF9jb21waWxlcnNcIikiLCAicHJlcGVuZF9wYXRoKFwiTU9EVUxFUEFUSFwiLFwiL29wdC9jcmF5L3BlL2xtb2QvbW9kdWxlZmlsZXMvY29tbmV0L2dudS8xMi4wL29maS8xLjBcIikiLAp9LApmbiA9ICIvb3B0L2NyYXkvcGUvbG1vZC9tb2R1bGVmaWxlcy9jb3JlL2djYy1uYXRpdmUvMTQuMi5sdWEiLApmdWxsTmFtZSA9ICJnY2MtbmF0aXZlLzE0LjIiLApsb2FkT3JkZXIgPSAxMCwKcHJvcFQgPSB7fSwKc3RhY2tEZXB0aCA9IDEsCnN0YXR1cyA9ICJhY3RpdmUiLAp1c2VyTmFtZSA9ICJnY2MtbmF0aXZlIiwKd1YgPSAiXjAwMDAwMDE0LjAwMDAwMDAwMi4qemZpbmFsIiwKfSwKWyJpbml0LWx1bWkiXSA9IHsKYWN0aW9uQSA9IHsKInByZXBl
TERM=xterm-256color
SHELL=/bin/bash
LUMI_LMOD_FAMILY_COMPILER_VERSION=14.2
CRAY_MPICH_VER=8.1.32
LMOD_ADMIN_FILE=/appl/lumi/LUMI-SoftwareStack/LMOD/admin.list
XDG_SESSION_CLASS=user
PE_MPICH_FIXED_PRGENV=GNU
CRAY_LIBSCI_PREFIX=/opt/cray/pe/libsci/25.03.0/GNU/12.3/x86_64
CRAY_ROCM_VERSION=6.3.4
LMOD_FAMILY_PRGENV=PrgEnv-gnu
SLURM_JOB_UID=10013986
_ModuleTable_Sz_=17
CRAY_PYTHON_PREFIX=/opt/cray/pe/python/3.11.7
CRAY_LIBSCI_VERSION=25.03.0
SLURM_JOB_PARTITION=standard-g
LMOD_FAMILY_COMPILER=gcc-native
CRAY_DSMML_BASEDIR=/opt/cray/pe/dsmml/0.3.1
SLURM_HINT=nomultithread
CRAY_XPMEM_POST_LINK_OPTS=-L/usr/lib64
PE_MPICH_GENCOMPILERS_GNU=12.3
SLURM_JOB_USER=lazzaroa
SLURM_NPROCS=8
LUMI_LMOD_FAMILY_CRAYPE_CPU_VERSION=false
SHLVL=3
SLURM_SUBMIT_HOST=uan01
PYTHONPATH=/opt/cray/pe/python/3.11.7
CRAY_LIBSCI_PREFIX_DIR=/opt/cray/pe/libsci/25.03.0/GNU/12.3/x86_64
G_FILENAME_ENCODING=@locale,UTF-8,ISO-8859-15,CP1252
SLURM_JOB_ACCOUNT=project_462000031
GPUBIND=/pfs/lustref1/flash/project_462000031/lazzaroa/openmpi_on_ss11/select_gpu.sh
MANPATH=/pfs/lustref1/flash/project_462000031/lazzaroa/openmpi_on_ss11/install_rccl/man:/pfs/lustref1/flash/project_462000031/lazzaroa/openmpi_on_ss11/install_ompi/share/man:/pfs/lustref1/flash/project_462000031/lazzaroa/openmpi_on_ss11/install_libfabric/share/man:/pfs/lustref1/flash/project_462000031/lazzaroa/openmpi_on_ss11/install_cxi/share/man:/pfs/lustref1/flash/project_462000031/lazzaroa/openmpi_on_ss11/install_cxi/man:/opt/rocm-6.3.4/share/man:/opt/cray/pe/libsci/25.03.0/share/man:/opt/cray/pe/mpich/8.1.32/ofi/man:/opt/cray/pe/mpich/8.1.32/man/mpich:/opt/cray/pe/dsmml/0.3.1/dsmml/man:/opt/cray/pe/craype/2.7.34/man:/opt/cray/pe/python/3.11.7/share/man:/appl/lumi/SW/system/EB/lumi-tools/24.05/share/man:/opt/cray/pe/perftools/25.03.0/man:/opt/cray/pe/papi/7.2.0.1/share/pdoc/man:/opt/cray/libfabric/1.22.0/share/man:/opt/cray/pe/lmod/lmod/share/man:/users/lazzaroa/.local/share/man:/usr/local/man:/usr/share/man
CRAY_DSMML_VERSION=0.3.1
CPPFLAGS=-I/pfs/lustref1/flash/project_462000031/lazzaroa/openmpi_on_ss11/install_cxi/include -I/opt/rocm-6.3.4/include
CRAY_ROCM_INCLUDE_OPTS=-I/opt/rocm-6.3.4/include -I/opt/rocm-6.3.4/include/rocprofiler -I/opt/rocm-6.3.4/include/roctracer -I/opt/rocm-6.3.4/include/hip -D__HIP_PLATFORM_AMD__
MPICH_DIR=/opt/cray/pe/mpich/8.1.32/ofi/gnu/12.3
EBVERSIONLUMIMINTOOLS=24.05
HYDRA_BOOTSTRAP=slurm
PE_MPICH_GTL_LIBS_nvidia90=-lmpi_gtl_cuda
ROOT_DIR=/pfs/lustref1/flash/project_462000031/lazzaroa/openmpi_on_ss11
LUMI_LMOD_FAMILY_GCC_COMPILER_VERSION=14.2
MODULEPATH=/opt/cray/pe/lmod/modulefiles/mpi/gnu/12.0/ofi/1.0/cray-mpich/8.0:/opt/cray/pe/lmod/modulefiles/comnet/gnu/12.0/ofi/1.0:/opt/cray/pe/lmod/modulefiles/mix_compilers:/opt/cray/pe/lmod/modulefiles/compiler/gnu/12.0:/appl/lumi/modules/easybuild/system:/opt/cray/pe/lmod/modulefiles/perftools/25.03.0:/opt/cray/pe/lmod/modulefiles/net/ofi/1.0:/opt/cray/pe/lmod/modulefiles/cpu/x86-rome/1.0:/opt/cray/pe/modulefiles/Linux:/opt/cray/pe/modulefiles/Core:/opt/cray/pe/lmod/lmod/modulefiles/Core:/opt/cray/pe/lmod/modulefiles/core:/opt/cray/pe/lmod/modulefiles/craype-targets/default:/appl/lumi/modules/SoftwareStack:/appl/lumi/modules/StyleModifiers:/appl/lumi/modules/init-LUMI-SoftwareStack:/opt/cray/modulefiles
CRAY_MPICH_DIR=/opt/cray/pe/mpich/8.1.32/ofi/gnu/12.3
CRAY_PYTHON_VERSION=3.11.7
SLURM_GTIDS=0
LMOD_FAMILY_CRAYPE=craype
LOGNAME=lazzaroa
DBUS_SESSION_BUS_ADDRESS=unix:path=/run/user/10013986/bus
CRAY_MPICH_VERSION=8.1.32
XDG_RUNTIME_DIR=/run/user/10013986
PREFIX_OMPI=/pfs/lustref1/flash/project_462000031/lazzaroa/openmpi_on_ss11/install_ompi
LDFLAGS=-g -O -L/pfs/lustref1/flash/project_462000031/lazzaroa/openmpi_on_ss11/install_cxi/lib -L/opt/rocm-6.3.4/lib
MODULEPATH_ROOT=/opt/cray/pe/modulefiles
LMOD_PACKAGE_PATH=/appl/lumi/LUMI-SoftwareStack/LMOD
PE_MPICH_GTL_LIBS_amd_gfx906=-lmpi_gtl_hsa
PE_DSMML_PKGCONFIG_LIBS=dsmml
JRE_HOME=/usr/lib64/jvm/java-11-openjdk-11
PE_LIBSCI_PKGCONFIG_VARIABLES=PE_LIBSCI_OMP_REQUIRES_@openmp@:PE_SCI_EXT_LIBPATH:PE_SCI_EXT_LIBNAME
XDG_CONFIG_DIRS=/etc/xdg
PATH=/pfs/lustref1/flash/project_462000031/lazzaroa/openmpi_on_ss11/install_rccl/bin:/pfs/lustref1/flash/project_462000031/lazzaroa/openmpi_on_ss11/install_ompi/bin:/pfs/lustref1/flash/project_462000031/lazzaroa/openmpi_on_ss11/install_libfabric/bin:/pfs/lustref1/flash/project_462000031/lazzaroa/openmpi_on_ss11/install_cxi/bin:/opt/rocm-6.3.4/bin:/opt/cray/pe/mpich/8.1.32/ofi/gnu/12.3/bin:/opt/cray/pe/mpich/8.1.32/bin:/opt/cray/pe/craype/2.7.34/bin:/opt/cray/pe/gcc-native/14/bin:/opt/cray/pe/python/3.11.7/bin:/appl/lumi/SW/system/EB/lumi-tools/24.05/bin:/opt/cray/pe/perftools/25.03.0/bin:/opt/cray/pe/papi/7.2.0.1/bin:/opt/cray/libfabric/1.22.0/bin:/users/lazzaroa/.local/bin:/users/lazzaroa/bin:/usr/local/bin:/usr/bin:/bin:/usr/lib/mit/bin:/usr/lib/mit/sbin:/opt/cray/pe/bin
PE_MPICH_GTL_LIBS_amd_gfx908=-lmpi_gtl_hsa
SLURM_JOB_ID=16560243
_ModuleTable014_=IDAsCnN0YXR1cyA9ICJhY3RpdmUiLAp1c2VyTmFtZSA9ICJ4cG1lbSIsCndWID0gIjAwMDAwMDAwMi4wMDAwMDAwMTEuMDAwMDAwMDA1Lip6ZmluYWwtLjAwMDAwMDAwMS4wMDAwMDAwMDMuKl8uKmcuMDAwMDAwMDczLiphZGUuMDAwMDQzMzIwLipiYy4qemZpbmFsIiwKfSwKfSwKbXBhdGhBID0gewoiL29wdC9jcmF5L3BlL2xtb2QvbW9kdWxlZmlsZXMvbXBpL2dudS8xMi4wL29maS8xLjAvY3JheS1tcGljaC84LjAiCiwgIi9vcHQvY3JheS9wZS9sbW9kL21vZHVsZWZpbGVzL2NvbW5ldC9nbnUvMTIuMC9vZmkvMS4wIgosICIvb3B0L2NyYXkvcGUvbG1vZC9tb2R1bGVmaWxlcy9taXhfY29tcGlsZXJzIgosICIvb3B0L2NyYXkvcGUvbG1vZC9tb2R1bGVmaWxlcy9jb21waWxl
JAVA_BINDIR=/usr/lib64/jvm/java-11-openjdk-11/bin
PE_MPICH_GTL_DIR_nvidia90=-L/opt/cray/pe/mpich/8.1.32/gtl/lib
__LMOD_REF_COUNT_PE_PRODUCT_LIST=CRAYPE:1;CRAYPE_X86_ROME:1;PERFTOOLS:1;CRAYPAT:1;CRAY_ROCM:1
_LMFILES_=/opt/cray/pe/lmod/modulefiles/craype-targets/default/craype-x86-rome.lua:/opt/cray/modulefiles/libfabric/1.22.0:/opt/cray/pe/lmod/modulefiles/craype-targets/default/craype-network-ofi.lua:/opt/cray/pe/lmod/modulefiles/core/perftools-base/25.03.0.lua:/opt/cray/modulefiles/xpmem/2.11.5-1.3_g73ade43320bc:/appl/lumi/modules/StyleModifiers/ModuleLabel/label.lua:/appl/lumi/modules/easybuild/system/lumi-tools/24.05.lua:/appl/lumi/modules/init-LUMI-SoftwareStack/init-lumi/0.2.lua:/opt/cray/pe/lmod/modulefiles/core/cray-python/3.11.7.lua:/opt/cray/pe/lmod/modulefiles/core/gcc-native/14.2.lua:/opt/cray/pe/lmod/modulefiles/core/craype/2.7.34.lua:/opt/cray/pe/lmod/modulefiles/core/cray-dsmml/0.3.1.lua:/opt/cray/pe/lmod/modulefiles/comnet/gnu/12.0/ofi/1.0/cray-mpich/8.1.32.lua:/opt/cray/pe/lmod/modulefiles/compiler/gnu/12.0/cray-libsci/25.03.0.lua:/opt/cray/pe/lmod/modulefiles/core/PrgEnv-gnu/8.6.0.lua:/opt/cray/pe/lmod/modulefiles/core/rocm/6.3.4.lua
LMOD_FAMILY_LIBSCI_VERSION=25.03.0
MODULESHOME=/opt/cray/pe/lmod/lmod
PKG_CONFIG_PATH=/pfs/lustref1/flash/project_462000031/lazzaroa/openmpi_on_ss11/install_rccl/lib/pkgconfig:/pfs/lustref1/flash/project_462000031/lazzaroa/openmpi_on_ss11/install_ompi/lib/pkgconfig:/pfs/lustref1/flash/project_462000031/lazzaroa/openmpi_on_ss11/install_libfabric/lib/pkgconfig:/pfs/lustref1/flash/project_462000031/lazzaroa/openmpi_on_ss11/install_cxi/lib/pkgconfig:/usr/lib64/pkgconfig:/opt/cray/pe/dsmml/0.3.1/dsmml/lib/pkgconfig:/opt/cray/pe/craype/2.7.34/pkg-config:/opt/cray/libfabric/1.22.0/lib64/pkgconfig
LMOD_SETTARG_FULL_SUPPORT=no
G_BROKEN_FILENAMES=1
PE_GNU_FIXED_PKGCONFIG_PATH=/opt/cray/pe/mpich/8.1.32/ofi/gnu/12.3/lib/pkgconfig
_ModuleTable011_=ZSA9ICJsaWJmYWJyaWMvMS4yMi4wIiwKbG9hZE9yZGVyID0gMiwKcHJvcFQgPSB7fSwKc3RhY2tEZXB0aCA9IDEsCnN0YXR1cyA9ICJhY3RpdmUiLAp1c2VyTmFtZSA9ICJsaWJmYWJyaWMiLAp3ViA9ICJeMDAwMDAwMDEuMDAwMDAwMDIyLip6ZmluYWwiLAp9LApbImx1bWktdG9vbHMiXSA9IHsKZm4gPSAiL2FwcGwvbHVtaS9tb2R1bGVzL2Vhc3lidWlsZC9zeXN0ZW0vbHVtaS10b29scy8yNC4wNS5sdWEiLApmdWxsTmFtZSA9ICJsdW1pLXRvb2xzLzI0LjA1IiwKbG9hZE9yZGVyID0gNywKcHJvcFQgPSB7Cmxtb2QgPSB7CnN0aWNreSA9IDEsCn0sCn0sCnN0YWNrRGVwdGggPSAxLApzdGF0dXMgPSAiYWN0aXZlIiwKdXNlck5hbWUgPSAibHVtaS10b29scyIsCndWID0gIjAw
PREFIX_LIBFABRIC=/pfs/lustref1/flash/project_462000031/lazzaroa/openmpi_on_ss11/install_libfabric
PE_MPICH_GTL_LIBS_amd_gfx90a=-lmpi_gtl_hsa
HISTSIZE=1000
CRAYPE_DIR=/opt/cray/pe/craype/2.7.34
LMOD_PKG=/opt/cray/pe/lmod/lmod
__LMOD_REF_COUNT_PE_MPICH_PKGCONFIG_LIBS=mpich:1
OFFLOAD_INIT=on_start
__LMOD_REF_COUNT_PE_PKGCONFIG_LIBS=rocm-6.3.4:1;libsci_mpi:1;libsci:1;mpich:1;dsmml:1
CPU=x86_64
SSH_SENDS_LOCALE=yes
CRAYPE_VERSION=2.7.34
EBU_USER_PREFIX=/project/project_462000031/lazzaroa/EasyBuild
_ModuleTable005_=aWNoLzguMS4zMi5sdWEiLApmdWxsTmFtZSA9ICJjcmF5LW1waWNoLzguMS4zMiIsCmxvYWRPcmRlciA9IDEzLApwcm9wVCA9IHt9LApzdGFja0RlcHRoID0gMSwKc3RhdHVzID0gImFjdGl2ZSIsCnVzZXJOYW1lID0gImNyYXktbXBpY2giLAp3ViA9ICJeMDAwMDAwMDguMDAwMDAwMDAxLjAwMDAwMDAzMi4qemZpbmFsIiwKfSwKWyJjcmF5LXB5dGhvbiJdID0gewpmbiA9ICIvb3B0L2NyYXkvcGUvbG1vZC9tb2R1bGVmaWxlcy9jb3JlL2NyYXktcHl0aG9uLzMuMTEuNy5sdWEiLApmdWxsTmFtZSA9ICJjcmF5LXB5dGhvbi8zLjExLjciLApsb2FkT3JkZXIgPSA5LApwcm9wVCA9IHt9LApzdGFja0RlcHRoID0gMCwKc3RhdHVzID0gImFjdGl2ZSIsCnVzZXJOYW1lID0gImNyYXkt
LMOD_CMD=/opt/cray/pe/lmod/lmod/libexec/lmod
SLURM_LOCALID=0
CRAY_MPICH_PREFIX=/opt/cray/pe/mpich/8.1.32/ofi/gnu/12.3
PE_GCC_EXTERNAL=native
LESSOPEN=lessopen.sh %s
CRAYPAT_OPTS_EXECUTABLE=libexec64/opts
CRAY_XPMEM_INCLUDE_OPTS=-I/usr/include
PE_LIBSCI_GENCOMPS_GNU_x86_64=123
LMOD_DIR=/opt/cray/pe/lmod/lmod/libexec
LMOD_FAMILY_MPI=cray-mpich
BASH_FUNC_module%%=() {  if [ -z "${LMOD_SH_DBG_ON+x}" ]; then
 case "$-" in 
 *v*x*)
 __lmod_sh_dbg='vx'
 ;;
 *v*)
 __lmod_sh_dbg='v'
 ;;
 *x*)
 __lmod_sh_dbg='x'
 ;;
 esac;
 fi;
 if [ -n "${__lmod_sh_dbg:-}" ]; then
 set +$__lmod_sh_dbg;
 echo "Shell debugging temporarily silenced: export LMOD_SH_DBG_ON=1 for Lmod's output" 1>&2;
 fi;
 eval "$($LMOD_CMD shell "$@")" && eval "$(${LMOD_SETTARG_CMD:-:} -s sh)";
 __lmod_my_status=$?;
 if [ -n "${__lmod_sh_dbg:-}" ]; then
 echo "Shell debugging restarted" 1>&2;
 set -$__lmod_sh_dbg;
 fi;
 unset __lmod_sh_dbg;
 return $__lmod_my_status
}
BASH_FUNC_ml%%=() {  eval "$($LMOD_DIR/ml_cmd "$@")"
}
_=/usr/bin/env
========
_n8_software_16560243
========
with LinkX
-- mpirun /pfs/lustref1/flash/project_462000031/lazzaroa/openmpi_on_ss11/osu/osu-ompi//libexec/osu-micro-benchmarks//mpi/collective/osu_alltoall -d rocm D D
[nid005195:128393] Rank 1 bound to package[0][core:7-13]
[nid005195:128393] Rank 2 bound to package[0][core:14-20]
[nid005195:128393] Rank 5 bound to package[0][core:35-41]
[nid005195:128393] Rank 3 bound to package[0][core:21-27]
[nid005195:128393] Rank 4 bound to package[0][core:28-34]
[nid005195:128393] Rank 0 bound to package[0][core:0-6]
[nid005195:128393] Rank 7 bound to package[0][core:49-55]
[nid005195:128393] Rank 6 bound to package[0][core:42-48]

# OSU MPI-ROCM All-to-All Personalized Exchange Latency Test v7.5.2
# Datatype: MPI_CHAR.
# Size       Avg Latency(us)
1                      60.73
2                      60.82
4                      60.52
8                      60.94
16                     60.42
32                     60.31
64                     60.39
128                    60.74
256                    60.73
512                    60.90
1024                   61.31
2048                   61.65
4096                   86.38
8192                   84.47
16384                  85.96
32768                  85.28
65536                  87.29
131072                 93.94
262144                107.32
524288                149.60
1048576               237.55
-- mpirun /pfs/lustref1/flash/project_462000031/lazzaroa/openmpi_on_ss11/osu/osu-ompi//libexec/osu-micro-benchmarks//mpi/collective/osu_allreduce -d rocm D D
[nid005195:128633] Rank 1 bound to package[0][core:7-13]
[nid005195:128633] Rank 2 bound to package[0][core:14-20]
[nid005195:128633] Rank 3 bound to package[0][core:21-27]
[nid005195:128633] Rank 0 bound to package[0][core:0-6]
[nid005195:128633] Rank 4 bound to package[0][core:28-34]
[nid005195:128633] Rank 5 bound to package[0][core:35-41]
[nid005195:128633] Rank 6 bound to package[0][core:42-48]
[nid005195:128633] Rank 7 bound to package[0][core:49-55]

# OSU MPI-ROCM Allreduce Latency Test v7.5.2
# Datatype: MPI_INT.
# Size       Avg Latency(us)
4                     267.23
8                      77.75
16                     77.00
32                     76.91
64                     76.83
128                    80.40
256                    79.25
512                    79.04
1024                   79.81
2048                   81.67
4096                   83.75
8192                   90.50
16384                  98.52
32768                 115.40
65536                 133.61
131072                155.52
262144                180.07
524288                245.05
1048576               367.21
-- mpirun /pfs/lustref1/flash/project_462000031/lazzaroa/openmpi_on_ss11/osu/osu-ompi//libexec/osu-micro-benchmarks//mpi/collective/osu_allgather -d rocm D D
[nid005195:128894] Rank 0 bound to package[0][core:0-6]
[nid005195:128894] Rank 1 bound to package[0][core:7-13]
[nid005195:128894] Rank 2 bound to package[0][core:14-20]
[nid005195:128894] Rank 3 bound to package[0][core:21-27]
[nid005195:128894] Rank 4 bound to package[0][core:28-34]
[nid005195:128894] Rank 6 bound to package[0][core:42-48]
[nid005195:128894] Rank 5 bound to package[0][core:35-41]
[nid005195:128894] Rank 7 bound to package[0][core:49-55]

# OSU MPI-ROCM Allgather Latency Test v7.5.2
# Datatype: MPI_CHAR.
# Size       Avg Latency(us)
1                      44.14
2                      44.80
4                      44.63
8                      45.25
16                     43.89
32                     43.96
64                     43.97
128                    44.09
256                    44.23
512                    44.80
1024                   45.20
2048                   49.20
4096                   63.12
8192                   64.92
16384                  66.24
32768                  68.62
65536                  74.92
131072                 87.60
262144                113.43
524288                164.92
1048576               267.58
-- mpirun /pfs/lustref1/flash/project_462000031/lazzaroa/openmpi_on_ss11/osu/osu-ompi//libexec/osu-micro-benchmarks//mpi/collective/osu_allreduce H H
[nid005195:129154] Rank 0 bound to package[0][core:0-6]
[nid005195:129154] Rank 1 bound to package[0][core:7-13]
[nid005195:129154] Rank 2 bound to package[0][core:14-20]
[nid005195:129154] Rank 3 bound to package[0][core:21-27]
[nid005195:129154] Rank 4 bound to package[0][core:28-34]
[nid005195:129154] Rank 6 bound to package[0][core:42-48]
[nid005195:129154] Rank 5 bound to package[0][core:35-41]
[nid005195:129154] Rank 7 bound to package[0][core:49-55]

# OSU MPI Allreduce Latency Test v7.5.2
# Datatype: MPI_INT.
# Size       Avg Latency(us)
4                       4.65
8                       4.69
16                      4.81
32                      4.96
64                      5.63
128                     5.81
256                     6.20
512                     6.35
1024                    6.54
2048                    7.50
4096                    9.02
8192                   14.71
16384                  18.67
32768                  24.02
65536                  37.05
131072                 59.56
262144                112.49
524288                209.44
1048576               424.95
-- mpirun /pfs/lustref1/flash/project_462000031/lazzaroa/openmpi_on_ss11/osu/osu-ompi//libexec/osu-micro-benchmarks//mpi/collective/osu_alltoall H H
[nid005195:129339] Rank 0 bound to package[0][core:0-6]
[nid005195:129339] Rank 1 bound to package[0][core:7-13]
[nid005195:129339] Rank 3 bound to package[0][core:21-27]
[nid005195:129339] Rank 2 bound to package[0][core:14-20]
[nid005195:129339] Rank 5 bound to package[0][core:35-41]
[nid005195:129339] Rank 7 bound to package[0][core:49-55]
[nid005195:129339] Rank 4 bound to package[0][core:28-34]
[nid005195:129339] Rank 6 bound to package[0][core:42-48]

# OSU MPI All-to-All Personalized Exchange Latency Test v7.5.2
# Datatype: MPI_CHAR.
# Size       Avg Latency(us)
1                       8.30
2                       8.33
4                       8.18
8                       8.19
16                      8.25
32                      8.24
64                      8.92
128                     8.85
256                    11.00
512                    10.97
1024                   11.61
2048                   13.19
4096                   16.23
8192                   11.96
16384                  15.50
32768                  18.49
65536                  30.75
131072                 49.89
262144                 83.81
524288                131.99
1048576               255.28
-- mpirun /pfs/lustref1/flash/project_462000031/lazzaroa/openmpi_on_ss11/osu/osu-ompi//libexec/osu-micro-benchmarks//mpi/collective/osu_allgather H H
[nid005195:129562] Rank 1 bound to package[0][core:7-13]
[nid005195:129562] Rank 0 bound to package[0][core:0-6]
[nid005195:129562] Rank 2 bound to package[0][core:14-20]
[nid005195:129562] Rank 3 bound to package[0][core:21-27]
[nid005195:129562] Rank 4 bound to package[0][core:28-34]
[nid005195:129562] Rank 5 bound to package[0][core:35-41]
[nid005195:129562] Rank 7 bound to package[0][core:49-55]
[nid005195:129562] Rank 6 bound to package[0][core:42-48]

# OSU MPI Allgather Latency Test v7.5.2
# Datatype: MPI_CHAR.
# Size       Avg Latency(us)
1                       4.43
2                       4.39
4                       4.34
8                       4.33
16                      4.61
32                      4.97
64                      5.39
128                     5.56
256                     5.77
512                     6.20
1024                    7.19
2048                    8.83
4096                   10.93
8192                   15.72
16384                  25.55
32768                  49.87
65536                 107.67
131072                208.80
262144                423.51
524288                802.16
1048576              1625.60
no OpenMPI internal transport, only libfabric. Use CXI directly
-- mpirun /pfs/lustref1/flash/project_462000031/lazzaroa/openmpi_on_ss11/osu/osu-ompi//libexec/osu-micro-benchmarks//mpi/collective/osu_alltoall -d rocm D D
[nid005195:129763] Rank 0 bound to package[0][core:0-6]
[nid005195:129763] Rank 2 bound to package[0][core:14-20]
[nid005195:129763] Rank 1 bound to package[0][core:7-13]
[nid005195:129763] Rank 4 bound to package[0][core:28-34]
[nid005195:129763] Rank 3 bound to package[0][core:21-27]
[nid005195:129763] Rank 5 bound to package[0][core:35-41]
[nid005195:129763] Rank 7 bound to package[0][core:49-55]
[nid005195:129763] Rank 6 bound to package[0][core:42-48]

# OSU MPI-ROCM All-to-All Personalized Exchange Latency Test v7.5.2
# Datatype: MPI_CHAR.
# Size       Avg Latency(us)
1                      21.88
2                      22.12
4                      22.13
8                      23.24
16                     21.87
32                     21.98
64                     22.00
128                    22.11
256                    22.60
512                    29.47
1024                   23.22
2048                   23.71
4096                   25.03
8192                 8644.72
16384                8025.82
32768                4788.20
65536                 147.55
131072                152.95
262144                207.90
524288                366.84
1048576               685.27
-- mpirun /pfs/lustref1/flash/project_462000031/lazzaroa/openmpi_on_ss11/osu/osu-ompi//libexec/osu-micro-benchmarks//mpi/collective/osu_allreduce -d rocm D D
[nid005195:130264] Rank 0 bound to package[0][core:0-6]
[nid005195:130264] Rank 2 bound to package[0][core:14-20]
[nid005195:130264] Rank 1 bound to package[0][core:7-13]
[nid005195:130264] Rank 4 bound to package[0][core:28-34]
[nid005195:130264] Rank 3 bound to package[0][core:21-27]
[nid005195:130264] Rank 5 bound to package[0][core:35-41]
[nid005195:130264] Rank 6 bound to package[0][core:42-48]
[nid005195:130264] Rank 7 bound to package[0][core:49-55]

# OSU MPI-ROCM Allreduce Latency Test v7.5.2
# Datatype: MPI_INT.
# Size       Avg Latency(us)
4                      33.70
8                      33.36
16                     33.05
32                     33.13
64                     33.33
128                    34.40
256                    36.00
512                    36.17
1024                   36.66
2048                   46.39
4096                   39.54
8192                   44.95
16384                 933.14
32768                3992.41
65536                5168.63
131072               5545.42
262144               5764.82
524288               7724.05
1048576              7618.68
-- mpirun /pfs/lustref1/flash/project_462000031/lazzaroa/openmpi_on_ss11/osu/osu-ompi//libexec/osu-micro-benchmarks//mpi/collective/osu_allgather -d rocm D D
[nid005195:130632] Rank 0 bound to package[0][core:0-6]
[nid005195:130632] Rank 1 bound to package[0][core:7-13]
[nid005195:130632] Rank 2 bound to package[0][core:14-20]
[nid005195:130632] Rank 3 bound to package[0][core:21-27]
[nid005195:130632] Rank 4 bound to package[0][core:28-34]
[nid005195:130632] Rank 5 bound to package[0][core:35-41]
[nid005195:130632] Rank 6 bound to package[0][core:42-48]
[nid005195:130632] Rank 7 bound to package[0][core:49-55]

# OSU MPI-ROCM Allgather Latency Test v7.5.2
# Datatype: MPI_CHAR.
# Size       Avg Latency(us)
1                      23.11
2                      23.29
4                      23.32
8                      24.46
16                     23.11
32                     23.90
64                     24.59
128                    25.04
256                    25.19
512                    25.91
1024                   35.01
2048                 1349.82
4096                 3267.55
8192                 4493.87
16384                 826.82
32768                 851.04
65536                 180.54
131072                208.03
262144                287.52
524288                437.58
1048576               758.11
-- mpirun /pfs/lustref1/flash/project_462000031/lazzaroa/openmpi_on_ss11/osu/osu-ompi//libexec/osu-micro-benchmarks//mpi/collective/osu_allreduce H H
[nid005195:00567] Rank 0 bound to package[0][core:0-6]
[nid005195:00567] Rank 2 bound to package[0][core:14-20]
[nid005195:00567] Rank 1 bound to package[0][core:7-13]
[nid005195:00567] Rank 3 bound to package[0][core:21-27]
[nid005195:00567] Rank 4 bound to package[0][core:28-34]
[nid005195:00567] Rank 5 bound to package[0][core:35-41]
[nid005195:00567] Rank 6 bound to package[0][core:42-48]
[nid005195:00567] Rank 7 bound to package[0][core:49-55]

# OSU MPI Allreduce Latency Test v7.5.2
# Datatype: MPI_INT.
# Size       Avg Latency(us)
4                      10.87
8                      10.86
16                     10.89
32                     11.21
64                     11.08
128                    11.61
256                    13.21
512                    13.37
1024                   13.75
2048                   22.11
4096                   16.12
8192                   28.43
16384                  31.84
32768                  36.90
65536                  54.84
131072                 83.91
262144                128.34
524288                211.19
1048576               374.31
-- mpirun /pfs/lustref1/flash/project_462000031/lazzaroa/openmpi_on_ss11/osu/osu-ompi//libexec/osu-micro-benchmarks//mpi/collective/osu_alltoall H H
[nid005195:01082] Rank 0 bound to package[0][core:0-6]
[nid005195:01082] Rank 1 bound to package[0][core:7-13]
[nid005195:01082] Rank 2 bound to package[0][core:14-20]
[nid005195:01082] Rank 3 bound to package[0][core:21-27]
[nid005195:01082] Rank 5 bound to package[0][core:35-41]
[nid005195:01082] Rank 4 bound to package[0][core:28-34]
[nid005195:01082] Rank 7 bound to package[0][core:49-55]
[nid005195:01082] Rank 6 bound to package[0][core:42-48]

# OSU MPI All-to-All Personalized Exchange Latency Test v7.5.2
# Datatype: MPI_CHAR.
# Size       Avg Latency(us)
1                      10.96
2                      10.98
4                      10.97
8                      11.00
16                     10.59
32                     10.93
64                     10.74
128                    10.89
256                    11.56
512                    17.58
1024                   12.06
2048                   12.52
4096                   13.43
8192                   16.70
16384                  26.34
32768                  40.22
65536                  66.85
131072                118.79
262144                227.17
524288                441.11
1048576               886.68
-- mpirun /pfs/lustref1/flash/project_462000031/lazzaroa/openmpi_on_ss11/osu/osu-ompi//libexec/osu-micro-benchmarks//mpi/collective/osu_allgather H H
[nid005195:01402] Rank 0 bound to package[0][core:0-6]
[nid005195:01402] Rank 1 bound to package[0][core:7-13]
[nid005195:01402] Rank 3 bound to package[0][core:21-27]
[nid005195:01402] Rank 2 bound to package[0][core:14-20]
[nid005195:01402] Rank 4 bound to package[0][core:28-34]
[nid005195:01402] Rank 5 bound to package[0][core:35-41]
[nid005195:01402] Rank 6 bound to package[0][core:42-48]
[nid005195:01402] Rank 7 bound to package[0][core:49-55]

# OSU MPI Allgather Latency Test v7.5.2
# Datatype: MPI_CHAR.
# Size       Avg Latency(us)
1                      10.46
2                      10.45
4                      10.43
8                      10.46
16                     10.48
32                     10.67
64                     11.81
128                    12.79
256                    12.94
512                    13.38
1024                   21.46
2048                   15.36
4096                   17.80
8192                   25.14
16384                  35.81
32768                  51.24
65536                  77.68
131072                131.02
262144                239.15
524288                456.71
1048576               897.79
========
_n8_hybrid_16560243
========
no OpenMPI internal transport, only libfabric. Use CXI directly
-- mpirun /pfs/lustref1/flash/project_462000031/lazzaroa/openmpi_on_ss11/osu/osu-ompi//libexec/osu-micro-benchmarks//mpi/collective/osu_alltoall -d rocm D D
[nid005195:01720] Rank 0 bound to package[0][core:0-6]
[nid005195:01720] Rank 1 bound to package[0][core:7-13]
[nid005195:01720] Rank 2 bound to package[0][core:14-20]
[nid005195:01720] Rank 3 bound to package[0][core:21-27]
[nid005195:01720] Rank 5 bound to package[0][core:35-41]
[nid005195:01720] Rank 6 bound to package[0][core:42-48]
[nid005195:01720] Rank 4 bound to package[0][core:28-34]
[nid005195:01720] Rank 7 bound to package[0][core:49-55]

# OSU MPI-ROCM All-to-All Personalized Exchange Latency Test v7.5.2
# Datatype: MPI_CHAR.
# Size       Avg Latency(us)
1                      23.97
2                      24.08
4                      24.14
8                      25.21
16                     23.88
32                     23.86
64                     23.98
128                    24.08
256                    24.57
512                    24.77
1024                   25.08
2048                   25.39
4096                   26.15
8192                   36.36
16384                 111.33
32768                  44.10
65536                  66.72
131072                112.12
262144                204.84
524288                559.24
1048576               832.41
-- mpirun /pfs/lustref1/flash/project_462000031/lazzaroa/openmpi_on_ss11/osu/osu-ompi//libexec/osu-micro-benchmarks//mpi/collective/osu_allreduce -d rocm D D
[nid005195:01978] Rank 1 bound to package[0][core:7-13]
[nid005195:01978] Rank 0 bound to package[0][core:0-6]
[nid005195:01978] Rank 2 bound to package[0][core:14-20]
[nid005195:01978] Rank 3 bound to package[0][core:21-27]
[nid005195:01978] Rank 4 bound to package[0][core:28-34]
[nid005195:01978] Rank 5 bound to package[0][core:35-41]
[nid005195:01978] Rank 6 bound to package[0][core:42-48]
[nid005195:01978] Rank 7 bound to package[0][core:49-55]

# OSU MPI-ROCM Allreduce Latency Test v7.5.2
# Datatype: MPI_INT.
# Size       Avg Latency(us)
4                      34.53
8                      33.88
16                     33.87
32                     34.03
64                     33.98
128                    34.89
256                    36.80
512                    37.31
1024                   37.83
2048                   39.05
4096                   41.02
8192                   45.50
16384                  53.19
32768                 104.83
65536                  80.39
131072                791.64
262144               2128.81
524288               1815.68
1048576              3298.71
-- mpirun /pfs/lustref1/flash/project_462000031/lazzaroa/openmpi_on_ss11/osu/osu-ompi//libexec/osu-micro-benchmarks//mpi/collective/osu_allgather -d rocm D D
[nid005195:02255] Rank 0 bound to package[0][core:0-6]
[nid005195:02255] Rank 1 bound to package[0][core:7-13]
[nid005195:02255] Rank 2 bound to package[0][core:14-20]
[nid005195:02255] Rank 3 bound to package[0][core:21-27]
[nid005195:02255] Rank 6 bound to package[0][core:42-48]
[nid005195:02255] Rank 4 bound to package[0][core:28-34]
[nid005195:02255] Rank 5 bound to package[0][core:35-41]
[nid005195:02255] Rank 7 bound to package[0][core:49-55]

# OSU MPI-ROCM Allgather Latency Test v7.5.2
# Datatype: MPI_CHAR.
# Size       Avg Latency(us)
1                      24.37
2                      24.54
4                      24.58
8                      25.68
16                     24.35
32                     25.12
64                     25.83
128                    25.91
256                    26.13
512                    26.59
1024                   27.26
2048                  673.24
4096                 1010.91
8192                 2011.63
16384                2525.73
32768                1754.18
65536                2353.90
131072               1898.01
262144               1481.53
524288               1430.59
1048576              1064.82
-- mpirun /pfs/lustref1/flash/project_462000031/lazzaroa/openmpi_on_ss11/osu/osu-ompi//libexec/osu-micro-benchmarks//mpi/collective/osu_allreduce H H
[nid005195:02696] Rank 0 bound to package[0][core:0-6]
[nid005195:02696] Rank 1 bound to package[0][core:7-13]
[nid005195:02696] Rank 2 bound to package[0][core:14-20]
[nid005195:02696] Rank 3 bound to package[0][core:21-27]
[nid005195:02696] Rank 4 bound to package[0][core:28-34]
[nid005195:02696] Rank 5 bound to package[0][core:35-41]
[nid005195:02696] Rank 7 bound to package[0][core:49-55]
[nid005195:02696] Rank 6 bound to package[0][core:42-48]

# OSU MPI Allreduce Latency Test v7.5.2
# Datatype: MPI_INT.
# Size       Avg Latency(us)
4                      11.49
8                      11.51
16                     11.52
32                     11.62
64                     11.64
128                    12.01
256                    14.78
512                    15.02
1024                   15.27
2048                   16.05
4096                   17.17
8192                   30.73
16384                  33.11
32768                  37.41
65536                  51.90
131072                 86.02
262144                156.89
524288                319.85
1048576               707.19
-- mpirun /pfs/lustref1/flash/project_462000031/lazzaroa/openmpi_on_ss11/osu/osu-ompi//libexec/osu-micro-benchmarks//mpi/collective/osu_alltoall H H
[nid005195:02877] Rank 0 bound to package[0][core:0-6]
[nid005195:02877] Rank 1 bound to package[0][core:7-13]
[nid005195:02877] Rank 2 bound to package[0][core:14-20]
[nid005195:02877] Rank 3 bound to package[0][core:21-27]
[nid005195:02877] Rank 4 bound to package[0][core:28-34]
[nid005195:02877] Rank 5 bound to package[0][core:35-41]
[nid005195:02877] Rank 7 bound to package[0][core:49-55]
[nid005195:02877] Rank 6 bound to package[0][core:42-48]

# OSU MPI All-to-All Personalized Exchange Latency Test v7.5.2
# Datatype: MPI_CHAR.
# Size       Avg Latency(us)
1                      12.67
2                      12.66
4                      12.65
8                      12.31
16                     12.29
32                     12.23
64                     12.28
128                    12.42
256                    13.52
512                    13.73
1024                   14.03
2048                   14.37
4096                   14.40
8192                   16.13
16384                  22.91
32768                  37.92
65536                  64.65
131072                118.03
262144                234.13
524288                480.55
1048576               969.69
-- mpirun /pfs/lustref1/flash/project_462000031/lazzaroa/openmpi_on_ss11/osu/osu-ompi//libexec/osu-micro-benchmarks//mpi/collective/osu_allgather H H
[nid005195:03113] Rank 0 bound to package[0][core:0-6]
[nid005195:03113] Rank 2 bound to package[0][core:14-20]
[nid005195:03113] Rank 1 bound to package[0][core:7-13]
[nid005195:03113] Rank 4 bound to package[0][core:28-34]
[nid005195:03113] Rank 3 bound to package[0][core:21-27]
[nid005195:03113] Rank 5 bound to package[0][core:35-41]
[nid005195:03113] Rank 6 bound to package[0][core:42-48]
[nid005195:03113] Rank 7 bound to package[0][core:49-55]

# OSU MPI Allgather Latency Test v7.5.2
# Datatype: MPI_CHAR.
# Size       Avg Latency(us)
1                      10.98
2                      11.02
4                      10.91
8                      10.85
16                     10.90
32                     10.99
64                     12.04
128                    13.55
256                    14.11
512                    14.36
1024                   14.89
2048                   15.54
4096                   17.01
8192                   21.35
16384                  29.01
32768                  41.30
65536                  65.90
131072                114.60
262144                213.06
524288                412.21
1048576               811.10
-- mpirun /pfs/lustref1/flash/project_462000031/lazzaroa/openmpi_on_ss11/osu/osu-ompi//libexec/osu-micro-benchmarks//xccl/collective/osu_xccl_alltoall -d rocm D D
[nid005195:03319] Rank 0 bound to package[0][core:0-6]
[nid005195:03319] Rank 2 bound to package[0][core:14-20]
[nid005195:03319] Rank 1 bound to package[0][core:7-13]
[nid005195:03319] Rank 4 bound to package[0][core:28-34]
[nid005195:03319] Rank 3 bound to package[0][core:21-27]
[nid005195:03319] Rank 7 bound to package[0][core:49-55]
[nid005195:03319] Rank 5 bound to package[0][core:35-41]
[nid005195:03319] Rank 6 bound to package[0][core:42-48]
#Using RCCL
#Using RCCL
#Using RCCL
#Using RCCL
#Using RCCL
#Using RCCL
#Using RCCL
#Using RCCL

# OSU RCCL-ROCM All-to-All Personalized Exchange Latency Test v7.5.2
# Size       Avg Latency(us)
1                      34.72
2                      30.80
4                      30.80
8                      30.88
16                     30.83
32                     30.89
64                     30.99
128                    30.94
256                    31.06
512                    31.22
1024                   31.61
2048                   32.46
4096                   34.13
8192                   34.98
16384                  38.50
32768                  45.50
65536                  44.63
131072                 51.62
262144                 69.35
524288                103.29
1048576               171.67
-- mpirun /pfs/lustref1/flash/project_462000031/lazzaroa/openmpi_on_ss11/osu/osu-ompi//libexec/osu-micro-benchmarks//xccl/collective/osu_xccl_allreduce -d rocm D D
[nid005195:03738] Rank 0 bound to package[0][core:0-6]
[nid005195:03738] Rank 1 bound to package[0][core:7-13]
[nid005195:03738] Rank 2 bound to package[0][core:14-20]
[nid005195:03738] Rank 3 bound to package[0][core:21-27]
[nid005195:03738] Rank 6 bound to package[0][core:42-48]
[nid005195:03738] Rank 5 bound to package[0][core:35-41]
[nid005195:03738] Rank 4 bound to package[0][core:28-34]
[nid005195:03738] Rank 7 bound to package[0][core:49-55]
#Using RCCL
#Using RCCL
#Using RCCL
#Using RCCL
#Using RCCL
#Using RCCL
#Using RCCL
#Using RCCL

# OSU RCCL-ROCM Allreduce Latency Test v7.5.2
# Size       Avg Latency(us)
4                      37.17
8                      36.91
16                     36.77
32                     38.60
64                     41.90
128                    47.61
256                    47.58
512                    48.08
1024                   48.37
2048                   49.10
4096                   50.16
8192                   51.82
16384                  53.04
32768                  52.98
65536                  52.51
131072                 53.04
262144                 96.02
524288                119.91
1048576               130.88
-- mpirun /pfs/lustref1/flash/project_462000031/lazzaroa/openmpi_on_ss11/osu/osu-ompi//libexec/osu-micro-benchmarks//xccl/collective/osu_xccl_allgather -d rocm D D
[nid005195:04032] Rank 0 bound to package[0][core:0-6]
[nid005195:04032] Rank 1 bound to package[0][core:7-13]
[nid005195:04032] Rank 3 bound to package[0][core:21-27]
[nid005195:04032] Rank 2 bound to package[0][core:14-20]
[nid005195:04032] Rank 4 bound to package[0][core:28-34]
[nid005195:04032] Rank 7 bound to package[0][core:49-55]
[nid005195:04032] Rank 6 bound to package[0][core:42-48]
[nid005195:04032] Rank 5 bound to package[0][core:35-41]
#Using RCCL
#Using RCCL
#Using RCCL
#Using RCCL
#Using RCCL
#Using RCCL
#Using RCCL
#Using RCCL

# OSU RCCL-ROCM Allgather Latency Test v7.5.2
# Size       Avg Latency(us)
1                      38.16
2                      37.65
4                      37.64
8                      37.83
16                     37.83
32                     37.85
64                     37.93
128                    38.03
256                    38.05
512                    38.19
1024                   38.93
2048                   41.78
4096                   42.17
8192                   42.32
16384                  42.30
32768                  43.48
65536                  64.22
131072                 66.57
262144                 72.50
524288                 87.04
1048576               119.90
RCCL-tests
-- mpirun alltoall_perf -d uint8 -b 1 -e 128M -f 2 -g 1
[nid005195:04328] Rank 0 bound to package[0][core:0-6]
[nid005195:04328] Rank 1 bound to package[0][core:7-13]
[nid005195:04328] Rank 2 bound to package[0][core:14-20]
[nid005195:04328] Rank 3 bound to package[0][core:21-27]
[nid005195:04328] Rank 5 bound to package[0][core:35-41]
[nid005195:04328] Rank 4 bound to package[0][core:28-34]
[nid005195:04328] Rank 7 bound to package[0][core:49-55]
[nid005195:04328] Rank 6 bound to package[0][core:42-48]
# Collective test starting: alltoall_perf
# nThread 1 nGpus 1 minBytes 1 maxBytes 134217728 step: 2(factor) warmup iters: 5 iters: 20 agg iters: 1 validation: 1 graph: 0
#
rccl-tests: Version develop_deprecated:40b1b17
# Using devices
#  Rank  0 Group  0 Pid   4355 on  nid005195 device  0 [0000:d1:00] AMD Instinct MI250X
#  Rank  1 Group  0 Pid   4356 on  nid005195 device  0 [0000:d6:00] AMD Instinct MI250X
#  Rank  2 Group  0 Pid   4357 on  nid005195 device  0 [0000:c9:00] AMD Instinct MI250X
#  Rank  3 Group  0 Pid   4358 on  nid005195 device  0 [0000:ce:00] AMD Instinct MI250X
#  Rank  4 Group  0 Pid   4360 on  nid005195 device  0 [0000:d9:00] AMD Instinct MI250X
#  Rank  5 Group  0 Pid   4359 on  nid005195 device  0 [0000:de:00] AMD Instinct MI250X
#  Rank  6 Group  0 Pid   4366 on  nid005195 device  0 [0000:c1:00] AMD Instinct MI250X
#  Rank  7 Group  0 Pid   4362 on  nid005195 device  0 [0000:c6:00] AMD Instinct MI250X
#
#                                                              out-of-place                       in-place          
#       size         count      type   redop    root     time   algbw   busbw #wrong     time   algbw   busbw #wrong                               
#        (B)    (elements)                               (us)  (GB/s)  (GB/s)            (us)  (GB/s)  (GB/s)                                      
           0             0     uint8    none      -1     0.11    0.00    0.00      0     0.09    0.00    0.00    N/A
           0             0     uint8    none      -1     0.08    0.00    0.00      0     0.08    0.00    0.00    N/A
           0             0     uint8    none      -1     0.08    0.00    0.00      0     0.08    0.00    0.00    N/A
           0             0     uint8    none      -1     0.08    0.00    0.00      0     0.08    0.00    0.00    N/A
           0             0     uint8    none      -1     0.08    0.00    0.00      0     0.08    0.00    0.00    N/A
           0             0     uint8    none      -1     0.08    0.00    0.00      0     0.08    0.00    0.00    N/A
           0             0     uint8    none      -1     0.08    0.00    0.00      0     0.08    0.00    0.00    N/A
         128            16     uint8    none      -1    12.74    0.01    0.01      0    11.93    0.01    0.01    N/A
         256            32     uint8    none      -1    12.55    0.02    0.02      0    11.69    0.02    0.02    N/A
         512            64     uint8    none      -1    12.20    0.04    0.04      0    12.32    0.04    0.04    N/A
        1024           128     uint8    none      -1    12.08    0.08    0.07      0    11.82    0.09    0.08    N/A
        2048           256     uint8    none      -1    12.21    0.17    0.15      0    11.90    0.17    0.15    N/A
        4096           512     uint8    none      -1    12.57    0.33    0.29      0    11.58    0.35    0.31    N/A
        8192          1024     uint8    none      -1    11.84    0.69    0.61      0    12.27    0.67    0.58    N/A
       16384          2048     uint8    none      -1    12.88    1.27    1.11      0    12.75    1.29    1.12    N/A
       32768          4096     uint8    none      -1    14.91    2.20    1.92      0    14.58    2.25    1.97    N/A
       65536          8192     uint8    none      -1    15.29    4.29    3.75      0    15.15    4.33    3.79    N/A
      131072         16384     uint8    none      -1    18.41    7.12    6.23      0    18.89    6.94    6.07    N/A
      262144         32768     uint8    none      -1    26.28    9.97    8.73      0    26.15   10.02    8.77    N/A
      524288         65536     uint8    none      -1    27.04   19.39   16.96      0    26.08   20.10   17.59    N/A
     1048576        131072     uint8    none      -1    32.01   32.76   28.66      0    32.01   32.76   28.66    N/A
     2097152        262144     uint8    none      -1    49.83   42.08   36.82      0    50.10   41.86   36.63    N/A
     4194304        524288     uint8    none      -1    84.52   49.62   43.42      0    84.57   49.59   43.40    N/A
     8388608       1048576     uint8    none      -1    155.2   54.05   47.30      0    155.0   54.13   47.36    N/A
    16777216       2097152     uint8    none      -1    265.7   63.15   55.26      0    267.8   62.66   54.82    N/A
    33554432       4194304     uint8    none      -1    491.8   68.23   59.70      0    493.5   67.99   59.49    N/A
    67108864       8388608     uint8    none      -1    943.3   71.14   62.25      0    947.3   70.84   61.99    N/A
   134217728      16777216     uint8    none      -1   1851.6   72.49   63.43      0   1855.5   72.34   63.29    N/A
# Errors with asterisks indicate errors that have exceeded the maximum threshold.
# Out of bounds values : 0 OK
# Avg bus bandwidth    : 15.5867 
#
# Collective test concluded: alltoall_perf

-- mpirun all_reduce_perf -d uint8 -b 1 -e 128M -f 2 -g 1
[nid005195:04633] Rank 0 bound to package[0][core:0-6]
[nid005195:04633] Rank 1 bound to package[0][core:7-13]
[nid005195:04633] Rank 2 bound to package[0][core:14-20]
[nid005195:04633] Rank 3 bound to package[0][core:21-27]
[nid005195:04633] Rank 5 bound to package[0][core:35-41]
[nid005195:04633] Rank 4 bound to package[0][core:28-34]
[nid005195:04633] Rank 7 bound to package[0][core:49-55]
[nid005195:04633] Rank 6 bound to package[0][core:42-48]
# Collective test starting: all_reduce_perf
# nThread 1 nGpus 1 minBytes 1 maxBytes 134217728 step: 2(factor) warmup iters: 5 iters: 20 agg iters: 1 validation: 1 graph: 0
#
rccl-tests: Version develop_deprecated:40b1b17
# Using devices
#  Rank  0 Group  0 Pid   4676 on  nid005195 device  0 [0000:d1:00] AMD Instinct MI250X
#  Rank  1 Group  0 Pid   4677 on  nid005195 device  0 [0000:d6:00] AMD Instinct MI250X
#  Rank  2 Group  0 Pid   4678 on  nid005195 device  0 [0000:c9:00] AMD Instinct MI250X
#  Rank  3 Group  0 Pid   4679 on  nid005195 device  0 [0000:ce:00] AMD Instinct MI250X
#  Rank  4 Group  0 Pid   4681 on  nid005195 device  0 [0000:d9:00] AMD Instinct MI250X
#  Rank  5 Group  0 Pid   4680 on  nid005195 device  0 [0000:de:00] AMD Instinct MI250X
#  Rank  6 Group  0 Pid   4688 on  nid005195 device  0 [0000:c1:00] AMD Instinct MI250X
#  Rank  7 Group  0 Pid   4684 on  nid005195 device  0 [0000:c6:00] AMD Instinct MI250X
#
#                                                              out-of-place                       in-place          
#       size         count      type   redop    root     time   algbw   busbw #wrong     time   algbw   busbw #wrong                               
#        (B)    (elements)                               (us)  (GB/s)  (GB/s)            (us)  (GB/s)  (GB/s)                                      
           1             1     uint8     sum      -1    59.41    0.00    0.00      0    27.09    0.00    0.00      0
           2             2     uint8     sum      -1    31.41    0.00    0.00      0    28.68    0.00    0.00      0
           4             4     uint8     sum      -1    26.92    0.00    0.00      0    21.52    0.00    0.00      0
           8             8     uint8     sum      -1    21.61    0.00    0.00      0    22.09    0.00    0.00      0
          16            16     uint8     sum      -1    21.24    0.00    0.00      0    21.60    0.00    0.00      0
          32            32     uint8     sum      -1    23.69    0.00    0.00      0    22.79    0.00    0.00      0
          64            64     uint8     sum      -1    26.20    0.00    0.00      0    27.09    0.00    0.00      0
         128           128     uint8     sum      -1    32.89    0.00    0.01      0    33.44    0.00    0.01      0
         256           256     uint8     sum      -1    32.74    0.01    0.01      0    32.51    0.01    0.01      0
         512           512     uint8     sum      -1    34.05    0.02    0.03      0    32.21    0.02    0.03      0
        1024          1024     uint8     sum      -1    32.54    0.03    0.06      0    33.26    0.03    0.05      0
        2048          2048     uint8     sum      -1    33.20    0.06    0.11      0    33.18    0.06    0.11      0
        4096          4096     uint8     sum      -1    34.35    0.12    0.21      0    34.04    0.12    0.21      0
        8192          8192     uint8     sum      -1    35.84    0.23    0.40      0    34.87    0.23    0.41      0
       16384         16384     uint8     sum      -1    38.05    0.43    0.75      0    38.96    0.42    0.74      0
       32768         32768     uint8     sum      -1    38.33    0.85    1.50      0    38.21    0.86    1.50      0
       65536         65536     uint8     sum      -1    38.83    1.69    2.95      0    38.07    1.72    3.01      0
      131072        131072     uint8     sum      -1    38.37    3.42    5.98      0    38.39    3.41    5.98      0
      262144        262144     uint8     sum      -1    75.45    3.47    6.08      0    73.71    3.56    6.22      0
      524288        524288     uint8     sum      -1    100.6    5.21    9.12      0    100.6    5.21    9.12      0
     1048576       1048576     uint8     sum      -1    113.1    9.27   16.23      0    112.7    9.30   16.28      0
     2097152       2097152     uint8     sum      -1    136.7   15.34   26.84      0    137.5   15.26   26.70      0
     4194304       4194304     uint8     sum      -1    187.5   22.37   39.16      0    188.2   22.28   38.99      0
     8388608       8388608     uint8     sum      -1    297.1   28.23   49.41      0    296.3   28.32   49.55      0
    16777216      16777216     uint8     sum      -1    297.3   56.43   98.76      0    292.8   57.31  100.29      0
    33554432      33554432     uint8     sum      -1    515.4   65.11  113.94      0    502.1   66.83  116.96      0
    67108864      67108864     uint8     sum      -1    956.2   70.18  122.82      0    921.2   72.85  127.48      0
   134217728     134217728     uint8     sum      -1   1841.5   72.88  127.55      0   1764.2   76.08  133.13      0
# Errors with asterisks indicate errors that have exceeded the maximum threshold.
# Out of bounds values : 0 OK
# Avg bus bandwidth    : 22.4769 
#
# Collective test concluded: all_reduce_perf

-- mpirun all_gather_perf -d uint8 -b 1 -e 128M -f 2 -g 1
[nid005195:04948] Rank 0 bound to package[0][core:0-6]
[nid005195:04948] Rank 1 bound to package[0][core:7-13]
[nid005195:04948] Rank 3 bound to package[0][core:21-27]
[nid005195:04948] Rank 2 bound to package[0][core:14-20]
[nid005195:04948] Rank 4 bound to package[0][core:28-34]
[nid005195:04948] Rank 6 bound to package[0][core:42-48]
[nid005195:04948] Rank 5 bound to package[0][core:35-41]
[nid005195:04948] Rank 7 bound to package[0][core:49-55]
# Collective test starting: all_gather_perf
# nThread 1 nGpus 1 minBytes 1 maxBytes 134217728 step: 2(factor) warmup iters: 5 iters: 20 agg iters: 1 validation: 1 graph: 0
#
rccl-tests: Version develop_deprecated:40b1b17
# Using devices
#  Rank  0 Group  0 Pid   4975 on  nid005195 device  0 [0000:d1:00] AMD Instinct MI250X
#  Rank  1 Group  0 Pid   4976 on  nid005195 device  0 [0000:d6:00] AMD Instinct MI250X
#  Rank  2 Group  0 Pid   4978 on  nid005195 device  0 [0000:c9:00] AMD Instinct MI250X
#  Rank  3 Group  0 Pid   4977 on  nid005195 device  0 [0000:ce:00] AMD Instinct MI250X
#  Rank  4 Group  0 Pid   4979 on  nid005195 device  0 [0000:d9:00] AMD Instinct MI250X
#  Rank  5 Group  0 Pid   4983 on  nid005195 device  0 [0000:de:00] AMD Instinct MI250X
#  Rank  6 Group  0 Pid   4980 on  nid005195 device  0 [0000:c1:00] AMD Instinct MI250X
#  Rank  7 Group  0 Pid   4987 on  nid005195 device  0 [0000:c6:00] AMD Instinct MI250X
#
#                                                              out-of-place                       in-place          
#       size         count      type   redop    root     time   algbw   busbw #wrong     time   algbw   busbw #wrong                               
#        (B)    (elements)                               (us)  (GB/s)  (GB/s)            (us)  (GB/s)  (GB/s)                                      
           0             0     uint8    none      -1     0.16    0.00    0.00      0     0.14    0.00    0.00      0
           0             0     uint8    none      -1     0.13    0.00    0.00      0     0.13    0.00    0.00      0
           0             0     uint8    none      -1     0.13    0.00    0.00      0     0.13    0.00    0.00      0
           0             0     uint8    none      -1     0.13    0.00    0.00      0     0.13    0.00    0.00      0
           0             0     uint8    none      -1     0.13    0.00    0.00      0     0.13    0.00    0.00      0
           0             0     uint8    none      -1     0.13    0.00    0.00      0     0.13    0.00    0.00      0
           0             0     uint8    none      -1     0.13    0.00    0.00      0     0.13    0.00    0.00      0
         128            16     uint8    none      -1    25.08    0.01    0.00      0    25.19    0.01    0.00      0
         256            32     uint8    none      -1    28.37    0.01    0.01      0    26.86    0.01    0.01      0
         512            64     uint8    none      -1    25.77    0.02    0.02      0    22.53    0.02    0.02      0
        1024           128     uint8    none      -1    22.05    0.05    0.04      0    21.88    0.05    0.04      0
        2048           256     uint8    none      -1    22.23    0.09    0.08      0    22.12    0.09    0.08      0
        4096           512     uint8    none      -1    22.90    0.18    0.16      0    21.92    0.19    0.16      0
        8192          1024     uint8    none      -1    23.44    0.35    0.31      0    23.18    0.35    0.31      0
       16384          2048     uint8    none      -1    25.20    0.65    0.57      0    24.80    0.66    0.58      0
       32768          4096     uint8    none      -1    25.99    1.26    1.10      0    24.95    1.31    1.15      0
       65536          8192     uint8    none      -1    26.02    2.52    2.20      0    25.22    2.60    2.27      0
      131072         16384     uint8    none      -1    25.85    5.07    4.44      0    25.94    5.05    4.42      0
      262144         32768     uint8    none      -1    26.52    9.89    8.65      0    26.25    9.98    8.74      0
      524288         65536     uint8    none      -1    44.99   11.65   10.20      0    42.59   12.31   10.77      0
     1048576        131072     uint8    none      -1    45.92   22.83   19.98      0    44.93   23.34   20.42      0
     2097152        262144     uint8    none      -1    51.35   40.84   35.73      0    51.64   40.61   35.53      0
     4194304        524288     uint8    none      -1    66.77   62.81   54.96      0    66.18   63.38   55.46      0
     8388608       1048576     uint8    none      -1    102.3   82.03   71.78      0    100.6   83.40   72.98      0
    16777216       2097152     uint8    none      -1    157.9  106.24   92.96      0    157.3  106.68   93.35      0
    33554432       4194304     uint8    none      -1    270.9  123.87  108.38      0    269.7  124.41  108.86      0
    67108864       8388608     uint8    none      -1    499.3  134.42  117.62      0    498.6  134.60  117.77      0
   134217728      16777216     uint8    none      -1    959.4  139.89  122.41      0    961.3  139.63  122.17      0
# Errors with asterisks indicate errors that have exceeded the maximum threshold.
# Out of bounds values : 0 OK
# Avg bus bandwidth    : 23.3337 
#
# Collective test concluded: all_gather_perf

with OpenMPI internal transport
-- mpirun /pfs/lustref1/flash/project_462000031/lazzaroa/openmpi_on_ss11/osu/osu-ompi//libexec/osu-micro-benchmarks//mpi/collective/osu_alltoall -d rocm D D
[nid005195:05251] Rank 0 bound to package[0][core:0-6]
[nid005195:05251] Rank 1 bound to package[0][core:7-13]
[nid005195:05251] Rank 2 bound to package[0][core:14-20]
[nid005195:05251] Rank 3 bound to package[0][core:21-27]
[nid005195:05251] Rank 5 bound to package[0][core:35-41]
[nid005195:05251] Rank 4 bound to package[0][core:28-34]
[nid005195:05251] Rank 7 bound to package[0][core:49-55]
[nid005195:05251] Rank 6 bound to package[0][core:42-48]

# OSU MPI-ROCM All-to-All Personalized Exchange Latency Test v7.5.2
# Datatype: MPI_CHAR.
# Size       Avg Latency(us)
1                     186.27
2                     187.14
4                     186.86
8                     188.12
16                    187.05
32                    190.99
64                    188.40
128                   196.06
256                   196.41
512                   208.16
1024                  208.71
2048                  212.13
4096                  217.05
8192                  237.55
16384                 269.62
32768                 517.86
65536                 818.03
131072               1446.50
262144               2670.99
524288               5115.84
1048576             10037.65
-- mpirun /pfs/lustref1/flash/project_462000031/lazzaroa/openmpi_on_ss11/osu/osu-ompi//libexec/osu-micro-benchmarks//mpi/collective/osu_allreduce -d rocm D D
[nid005195:05548] Rank 1 bound to package[0][core:7-13]
[nid005195:05548] Rank 2 bound to package[0][core:14-20]
[nid005195:05548] Rank 0 bound to package[0][core:0-6]
[nid005195:05548] Rank 3 bound to package[0][core:21-27]
[nid005195:05548] Rank 5 bound to package[0][core:35-41]
[nid005195:05548] Rank 4 bound to package[0][core:28-34]
[nid005195:05548] Rank 7 bound to package[0][core:49-55]
[nid005195:05548] Rank 6 bound to package[0][core:42-48]

# OSU MPI-ROCM Allreduce Latency Test v7.5.2
# Datatype: MPI_INT.
# Size       Avg Latency(us)
4                      70.13
8                      69.33
16                     69.26
32                     69.14
64                     68.97
128                    69.72
256                    69.80
512                    81.03
1024                   82.41
2048                   81.86
4096                   82.06
8192                  156.31
16384                 159.40
32768                 172.78
65536                 261.31
131072                422.09
262144                696.13
524288               1271.21
1048576              2455.41
-- mpirun /pfs/lustref1/flash/project_462000031/lazzaroa/openmpi_on_ss11/osu/osu-ompi//libexec/osu-micro-benchmarks//mpi/collective/osu_allgather -d rocm D D
[nid005195:05825] Rank 1 bound to package[0][core:7-13]
[nid005195:05825] Rank 2 bound to package[0][core:14-20]
[nid005195:05825] Rank 0 bound to package[0][core:0-6]
[nid005195:05825] Rank 3 bound to package[0][core:21-27]
[nid005195:05825] Rank 4 bound to package[0][core:28-34]
[nid005195:05825] Rank 6 bound to package[0][core:42-48]
[nid005195:05825] Rank 5 bound to package[0][core:35-41]
[nid005195:05825] Rank 7 bound to package[0][core:49-55]

# OSU MPI-ROCM Allgather Latency Test v7.5.2
# Datatype: MPI_CHAR.
# Size       Avg Latency(us)
1                      91.09
2                      90.75
4                      89.95
8                      92.65
16                     90.71
32                     89.86
64                     89.53
128                    92.19
256                    92.38
512                    93.70
1024                   95.19
2048                  101.14
4096                  107.33
8192                  177.69
16384                 287.25
32768                 445.20
65536                 723.73
131072               1270.81
262144               2428.00
524288               4806.81
1048576              9490.51
-- mpirun /pfs/lustref1/flash/project_462000031/lazzaroa/openmpi_on_ss11/osu/osu-ompi//libexec/osu-micro-benchmarks//mpi/collective/osu_allreduce H H
[nid005195:06106] Rank 0 bound to package[0][core:0-6]
[nid005195:06106] Rank 1 bound to package[0][core:7-13]
[nid005195:06106] Rank 3 bound to package[0][core:21-27]
[nid005195:06106] Rank 2 bound to package[0][core:14-20]
[nid005195:06106] Rank 4 bound to package[0][core:28-34]
[nid005195:06106] Rank 6 bound to package[0][core:42-48]
[nid005195:06106] Rank 5 bound to package[0][core:35-41]
[nid005195:06106] Rank 7 bound to package[0][core:49-55]

# OSU MPI Allreduce Latency Test v7.5.2
# Datatype: MPI_INT.
# Size       Avg Latency(us)
4                       3.29
8                       3.27
16                      3.47
32                      3.79
64                      3.84
128                     4.11
256                     4.21
512                     6.31
1024                    7.02
2048                    9.53
4096                   11.31
8192                   14.56
16384                  18.05
32768                  23.92
65536                  36.71
131072                 60.39
262144                183.27
524288                365.10
1048576               678.75
-- mpirun /pfs/lustref1/flash/project_462000031/lazzaroa/openmpi_on_ss11/osu/osu-ompi//libexec/osu-micro-benchmarks//mpi/collective/osu_alltoall H H
[nid005195:06303] Rank 0 bound to package[0][core:0-6]
[nid005195:06303] Rank 2 bound to package[0][core:14-20]
[nid005195:06303] Rank 1 bound to package[0][core:7-13]
[nid005195:06303] Rank 4 bound to package[0][core:28-34]
[nid005195:06303] Rank 3 bound to package[0][core:21-27]
[nid005195:06303] Rank 5 bound to package[0][core:35-41]
[nid005195:06303] Rank 6 bound to package[0][core:42-48]
[nid005195:06303] Rank 7 bound to package[0][core:49-55]

# OSU MPI All-to-All Personalized Exchange Latency Test v7.5.2
# Datatype: MPI_CHAR.
# Size       Avg Latency(us)
1                       5.43
2                       5.22
4                       5.21
8                       5.22
16                      5.35
32                      5.41
64                      5.44
128                     5.55
256                     5.64
512                     8.32
1024                    8.40
2048                    8.56
4096                    9.22
8192                    9.93
16384                  13.41
32768                  18.25
65536                  30.74
131072                 50.06
262144                 81.85
524288                131.86
1048576               249.14
-- mpirun /pfs/lustref1/flash/project_462000031/lazzaroa/openmpi_on_ss11/osu/osu-ompi//libexec/osu-micro-benchmarks//mpi/collective/osu_allgather H H
[nid005195:06494] Rank 0 bound to package[0][core:0-6]
[nid005195:06494] Rank 1 bound to package[0][core:7-13]
[nid005195:06494] Rank 2 bound to package[0][core:14-20]
[nid005195:06494] Rank 3 bound to package[0][core:21-27]
[nid005195:06494] Rank 4 bound to package[0][core:28-34]
[nid005195:06494] Rank 5 bound to package[0][core:35-41]
[nid005195:06494] Rank 7 bound to package[0][core:49-55]
[nid005195:06494] Rank 6 bound to package[0][core:42-48]

# OSU MPI Allgather Latency Test v7.5.2
# Datatype: MPI_CHAR.
# Size       Avg Latency(us)
1                       3.06
2                       2.98
4                       2.99
8                       3.23
16                      3.19
32                      3.24
64                      3.13
128                     4.07
256                     4.99
512                     6.10
1024                    6.37
2048                    7.38
4096                    9.60
8192                   14.70
16384                  27.35
32768                  53.90
65536                 107.34
131072                211.83
262144                400.44
524288                803.88
1048576              1504.17
