ROOT_DIR = /pfs/lustref1/flash/project_462000031/lazzaroa/openmpi_on_ss11
/pfs/lustref1/flash/project_462000031/lazzaroa/openmpi_on_ss11 ~/flash_coe/openmpi_on_ss11/osu/ompi/collectives
ROOT_DIR = /pfs/lustref1/flash/project_462000031/lazzaroa/openmpi_on_ss11

Lmod is automatically replacing "cce/19.0.0" with "gcc-native/14.2".


Lmod is automatically replacing "PrgEnv-cray/8.6.0" with "PrgEnv-gnu/8.6.0".


Due to MODULEPATH changes, the following have been reloaded:
  1) cray-libsci/25.03.0     2) cray-mpich/8.1.32


Currently Loaded Modules:
  1) craype-x86-rome                      9) cray-python/3.11.7
  2) libfabric/1.22.0                    10) gcc-native/14.2
  3) craype-network-ofi                  11) craype/2.7.34
  4) perftools-base/25.03.0              12) cray-dsmml/0.3.1
  5) xpmem/2.11.5-1.3_g73ade43320bc      13) cray-mpich/8.1.32
  6) ModuleLabel/label              (S)  14) cray-libsci/25.03.0
  7) lumi-tools/24.05               (S)  15) PrgEnv-gnu/8.6.0
  8) init-lumi/0.2                  (S)  16) rocm/6.3.4

  Where:
   S:  Module is Sticky, requires --force to unload or purge
ROCM_PATH = /opt/rocm-6.3.4
XPMEM Lib path  = /usr/lib64
/pfs/lustref1/flash/project_462000031/lazzaroa/openmpi_on_ss11/install_libfabric
/pfs/lustref1/flash/project_462000031/lazzaroa/openmpi_on_ss11/install_rccl
~/flash_coe/openmpi_on_ss11/osu/ompi/collectives
============
#!/bin/bash

for NNODES in 1 2 4 8 16 32 64; do
#for NNODES in 4; do
#for NNODES in 64; do
sbatch -N $NNODES <<EOF
#!/bin/bash
#SBATCH --ntasks-per-node=8
#SBATCH -A project_462000031
#SBATCH -p standard-g
#SBATCH --gres=gpu:8
#SBATCH --exclusive
#SBATCH --network=single_node_vni
#SBATCH -o lumi-slurm-%j-coll_N${NNODES}.out
#SBATCH --time=0:30:00

# load runtime environment
ORIGINAL_SCRIPT=\$(scontrol show job "\$SLURM_JOB_ID" | awk -F= '/Command=/{print \$2}')
export OUTPUT_DIR=\$SLURM_SUBMIT_DIR
export ROOT_DIR=\$( cd -- "\$( dirname -- "\${ORIGINAL_SCRIPT}" )/../../.." &> /dev/null && pwd -P )
echo "ROOT_DIR = "\$ROOT_DIR

# Enable OpenMPI and RCCL
USE_CPE=0 source \$ROOT_DIR/sourceme_rccl.sh

# LUMI Binding
export BINDING="--bind-to core --map-by L3cache:pe=7 --mca hwloc_base_binding_policy core --mca hwloc_base_mem_bind policy:bind"

export PRTE_MCA_ras_base_launch_orted_on_hn=1
export PMIX_MCA_gds=^shmem2
#export NCCL_DEBUG=INFO
#export FI_LOG_LEVEL=debug

echo "============"
cat $0
echo "============"

env

for FI_CXI_RX_MATCH_MODE in software hybrid; do
    export FI_CXI_RX_MATCH_MODE=\$FI_CXI_RX_MATCH_MODE

    SUFFIX="_n\${SLURM_NTASKS}_\${FI_CXI_RX_MATCH_MODE}_\${SLURM_JOB_ID}"

    echo "========"
    echo \$SUFFIX
    echo "========"

    # Consider validation
#    OSU_ARGS=" -c "
    OSU_ARGS=" "

#    if false; then
    if [ "\${FI_CXI_RX_MATCH_MODE}" == "software" ]; then
    (
        echo "with LinkX"

        export FI_SHM_USE_XPMEM=0 # otherwise the D2D breaks with LNX
        export FI_PROVIDER=lnx
        export FI_LNX_PROV_LINKS=shm+cxi # changed in the binding script
        export OMPI_MCA_opal_common_ofi_provider_include=lnx
        export OMPI_MCA_mtl_ofi_av=table
        export OMPI_MCA_pml=cm
        export OMPI_MCA_mtl=ofi
	export OMPI_MCA_smsc=xpmem

	# opts
#	export FI_CXI_RDZV_THRESHOLD=4096

	CMDS=("osu_alltoall -d rocm D D" "osu_allreduce -d rocm D D" "osu_allgather -d rocm D D")
#  	CMDS=("osu_allgather -d rocm D D" "osu_allgather H H")
        for cmd in "\${CMDS[@]}"; do
    	    run_osu_cmd "\$cmd" "mpi/collective" "_lnx\${SUFFIX}"
        done

        export FI_SHM_USE_XPMEM=1

	CMDS=("osu_allreduce H H" "osu_alltoall H H" "osu_allgather H H")
        for cmd in "\${CMDS[@]}"; do
    	    run_osu_cmd "\$cmd" "mpi/collective" "_lnx\${SUFFIX}"
        done

    )
    fi # only software
#    fi

    (
        echo "no OpenMPI internal transport, only libfabric. Use CXI directly"

        export FI_SHM_USE_XPMEM=1
	export FI_PROVIDER=cxi
    	unset FI_LNX_PROV_LINKS
    	export OMPI_MCA_opal_common_ofi_provider_include=cxi
    	export OMPI_MCA_mtl_ofi_av=table
    	export OMPI_MCA_pml=cm
    	export OMPI_MCA_mtl=ofi
	export OMPI_MCA_smsc=xpmem

        CMDS=("osu_alltoall -d rocm D D" "osu_allreduce -d rocm D D" "osu_allgather -d rocm D D" "osu_allreduce H H" "osu_alltoall H H" "osu_allgather H H")
#       CMDS=("osu_allgather -d rocm D D" "osu_allgather H H")
        for cmd in "\${CMDS[@]}"; do
            run_osu_cmd "\$cmd" "mpi/collective" "_cxi\${SUFFIX}"
        done
    )

    if [ "\${FI_CXI_RX_MATCH_MODE}" == "hybrid" ]; then
    (

        # No validation available for RCCL
    	OSU_ARGS=" "

	CMDS=("osu_xccl_alltoall -d rocm D D" "osu_xccl_allreduce -d rocm D D" "osu_xccl_allgather -d rocm D D")
    	for cmd in "\${CMDS[@]}"; do
            run_osu_cmd "\$cmd" "xccl/collective" "\${SUFFIX}"
     	done
    )

#    if false; then
    (
        echo "RCCL-tests"

	FLAGS="-d uint8 -b 1 -e 128M -f 2 -g 1"
	CMDS=("alltoall_perf \${FLAGS}" "all_reduce_perf \${FLAGS}" "all_gather_perf \${FLAGS}")
    	for cmd in "\${CMDS[@]}"; do
	    logname=\$(echo "\${cmd}" | sed -e 's/ /_/g' -e 's/-//g')
	    echo -- mpirun \$cmd
	    mpirun \${BINDING} --report-bindings \${GPUBIND} \${PREFIX_RCCL}/bin/\$cmd \${FLAGS} | tee \${OUTPUT_DIR}/\${logname}"\${SUFFIX}.txt"
	done
    )
#    fi

    fi # only hybrid

done

if [ "${NNODES}" == "1" ]; then
(
    echo "with OpenMPI internal transport"

    SUFFIX="_n\${SLURM_NTASKS}_\${SLURM_JOB_ID}"

    unset FI_SHM_USE_XPMEM
    unset FI_PROVIDER
    unset FI_CXI_RX_MATCH_MODE
    unset FI_LNX_PROV_LINKS
    unset OMPI_MCA_opal_common_ofi_provider_include
    unset OMPI_MCA_mtl_ofi_av
    export OMPI_MCA_pml=ob1
    # CUDA
    #  export OMPI_MCA_btl=vader,smcuda,self
    # ROCM
    export OMPI_MCA_btl=vader,sm,self
    unset OMPI_MCA_mtl
    export OMPI_MCA_smsc=xpmem # Only OpenMPI

    CMDS=("osu_alltoall -d rocm D D" "osu_allreduce -d rocm D D" "osu_allgather -d rocm D D" "osu_allreduce H H" "osu_alltoall H H" "osu_allgather H H")
    for cmd in "\${CMDS[@]}"; do
        run_osu_cmd "\$cmd" "mpi/collective" "_ob1\${SUFFIX}"
    done
)
fi # single node

EOF


done
============
HYDRA_LAUNCHER_EXTRA_ARGS=--external-launcher
__LMOD_REF_COUNT_PE_LIBSCI_REQUIRED_PRODUCTS=PE_MPICH:1
CRAY_LMOD_MPI=cray-mpich/8.0
LUMI_LMOD_FAMILY_MPI=cray-mpich
LMOD_FAMILY_CRAYPE_NETWORK_VERSION=false
LC_ALL=en_US.UTF-8
SLURM_MEM_PER_CPU=0
LS_COLORS=no=00:fi=00:di=01;33:ln=01;36:pi=40;33:so=01;35:do=01;35:bd=40;33;01:cd=40;33;01:or=40;31;01:su=37;41:sg=30;43:tw=30;42:ow=34;42:st=37;44:ex=00;35:*.tar=01;31:*.tgz=01;31:*.arj=01;31:*.taz=01;31:*.lzh=01;31:*.zip=01;31:*.z=01;31:*.Z=01;31:*.gz=01;31:*.bz2=01;31:*.deb=01;31:*.rpm=01;31:*.jar=01;31:*.jpg=01;35:*.jpeg=01;35:*.gif=01;35:*.bmp=01;35:*.pbm=01;35:*.pgm=01;35:*.ppm=01;35:*.tga=01;35:*.xbm=01;35:*.xpm=01;35:*.tif=01;35:*.tiff=01;35:*.png=01;35:*.mov=01;35:*.mpg=01;35:*.mpeg=01;35:*.avi=01;35:*.fli=01;35:*.gl=01;35:*.dl=01;35:*.xcf=01;35:*.xwd=01;35:*.flac=01;35:*.mp3=01;35:*.mpc=01;35:*.ogg=01;35:*.wav=01;35:
LD_LIBRARY_PATH=/pfs/lustref1/flash/project_462000031/lazzaroa/openmpi_on_ss11/install_rccl/lib:/pfs/lustref1/flash/project_462000031/lazzaroa/openmpi_on_ss11/install_ompi/lib:/pfs/lustref1/flash/project_462000031/lazzaroa/openmpi_on_ss11/install_libfabric/lib:/pfs/lustref1/flash/project_462000031/lazzaroa/openmpi_on_ss11/install_cxi/lib:/opt/rocm-6.3.4/lib/roctracer:/opt/rocm-6.3.4/lib/rocprofiler:/opt/rocm-6.3.4/lib:/opt/cray/pe/python/3.11.7/lib:/opt/cray/pe/papi/7.2.0.1/lib64:/opt/cray/libfabric/1.22.0/lib64
HOSTTYPE=x86_64
CRAY_DSMML_ROOTDIR=/opt/cray/pe/dsmml/0.3.1
LIBFABRIC_DIR=/pfs/lustref1/flash/project_462000031/lazzaroa/openmpi_on_ss11/libfabric
_ModuleTable017_=YXBwbC9sdW1pL21vZHVsZXMvU29mdHdhcmVTdGFjazovYXBwbC9sdW1pL21vZHVsZXMvU3R5bGVNb2RpZmllcnM6L2FwcGwvbHVtaS9tb2R1bGVzL2luaXQtTFVNSS1Tb2Z0d2FyZVN0YWNrOi9vcHQvY3JheS9tb2R1bGVmaWxlcyIsCn0K
SLURM_NODEID=0
CRAY_DSMML_DIR=/opt/cray/pe/dsmml/0.3.1/dsmml
SLURM_TASK_PID=85799
__LMOD_REF_COUNT_PATH=/opt/rocm-6.3.4/bin:1;/opt/cray/pe/mpich/8.1.32/ofi/gnu/12.3/bin:1;/opt/cray/pe/mpich/8.1.32/bin:1;/opt/cray/pe/craype/2.7.34/bin:1;/opt/cray/pe/gcc-native/14/bin:1;/opt/cray/pe/python/3.11.7/bin:1;/appl/lumi/SW/system/EB/lumi-tools/24.05/bin:1;/opt/cray/pe/perftools/25.03.0/bin:1;/opt/cray/pe/papi/7.2.0.1/bin:1;/opt/cray/libfabric/1.22.0/bin:1;/users/lazzaroa/.local/bin:1;/users/lazzaroa/bin:1;/usr/local/bin:1;/usr/bin:1;/bin:1;/usr/lib/mit/bin:1;/usr/lib/mit/sbin:1;/opt/cray/pe/bin:1
_ModuleTable002_=TGFiZWwvbGFiZWwubHVhIiwKZnVsbE5hbWUgPSAiTW9kdWxlTGFiZWwvbGFiZWwiLApsb2FkT3JkZXIgPSA2LApwcm9wVCA9IHsKbG1vZCA9IHsKc3RpY2t5ID0gMSwKfSwKfSwKc3RhY2tEZXB0aCA9IDEsCnN0YXR1cyA9ICJhY3RpdmUiLAp1c2VyTmFtZSA9ICJNb2R1bGVMYWJlbC9sYWJlbCIsCndWID0gInNsYWJlbC4qemZpbmFsIiwKfSwKWyJQcmdFbnYtZ251Il0gPSB7CmZuID0gIi9vcHQvY3JheS9wZS9sbW9kL21vZHVsZWZpbGVzL2NvcmUvUHJnRW52LWdudS84LjYuMC5sdWEiLApmdWxsTmFtZSA9ICJQcmdFbnYtZ251LzguNi4wIiwKbG9hZE9yZGVyID0gMTUsCnByb3BUID0ge30sCnN0YWNrRGVwdGggPSAxLApzdGF0dXMgPSAiYWN0aXZlIiwKdXNlck5hbWUgPSAi
PE_MPICH_GTL_DIR_amd_gfx90a=-L/opt/cray/pe/mpich/8.1.32/gtl/lib
PE_LIBSCI_OMP_REQUIRES= 
SSH_CONNECTION=178.197.255.23 57398 193.167.209.163 22
LUMI_LMOD_FAMILY_CRAYPE=craype
LUMI_LMOD_FAMILY_CRAYPE_VERSION=2.7.34
LESSCLOSE=lessclose.sh %s %s
CRAY_LD_LIBRARY_PATH=/opt/cray/pe/libsci/25.03.0/GNU/12.3/x86_64/lib:/opt/cray/pe/mpich/8.1.32/ofi/gnu/12.3/lib:/opt/cray/pe/mpich/8.1.32/gtl/lib:/opt/cray/pe/dsmml/0.3.1/dsmml/lib:/opt/cray/pe/perftools/25.03.0/lib64
SLURM_PRIO_PROCESS=0
XKEYSYMDB=/usr/X11R6/lib/X11/XKeysymDB
PE_ENV=GNU
__LMOD_REF_COUNT_PE_DSMML_PKGCONFIG_LIBS=dsmml:1
__LMOD_REF_COUNT_PE_FORTRAN_PKGCONFIG_LIBS=mpichf90:1
LMOD_FAMILY_CRAYPE_CPU=craype-x86-rome
EBDEVELLUMIMINTOOLS=/appl/lumi/SW/system/EB/lumi-tools/24.05/easybuild/lumi-tools-24.05-easybuild-devel
CRAYPAT_LD_LIBRARY_PATH=/opt/cray/pe/perftools/25.03.0/lib64
GCC_PREFIX=/usr/lib64/gcc/x86_64-suse-linux/14
CRAY_LMOD_COMPILER=gnu/12.0
LMOD_MODULERCFILE=/appl/lumi/LUMI-SoftwareStack/LMOD/modulerc.lua
CRAY_DSMML_PREFIX=/opt/cray/pe/dsmml/0.3.1/dsmml
PE_PRODUCT_LIST=CRAYPE:CRAYPE_X86_ROME:PERFTOOLS:CRAYPAT:CRAY_ROCM
LMOD_FAMILY_MPI_VERSION=8.1.32
CRAYPAT_ROOT=/opt/cray/pe/perftools/25.03.0
PE_PERFTOOLS_MPICH_LIBDIR=/opt/cray/pe/mpich/8.1.32/ofi/gnu/12.3/lib
PMIX_MCA_gds=^shmem2
c=gnu
I_MPI_HYDRA_BOOTSTRAP_EXEC_EXTRA_ARGS=--external-launcher
PE_MPICH_GTL_DIR_amd_gfx906=-L/opt/cray/pe/mpich/8.1.32/gtl/lib
PE_LIBSCI_MODULE_NAME=cray-libsci/25.03.0
LANG=en_US.UTF-8
SLURM_SUBMIT_DIR=/pfs/lustref1/flash/project_462000031/lazzaroa/openmpi_on_ss11/osu/ompi/collectives
GIT_HOOKS_PRE_COMMIT_HPE_CRAY_CHECKPATCH_SKIP=1
PE_MPICH_GTL_DIR_amd_gfx908=-L/opt/cray/pe/mpich/8.1.32/gtl/lib
PE_DSMML_MODULE_NAME=cray-dsmml
WINDOWMANAGER=xterm
_ModuleTable008_=ID0gIi9vcHQvY3JheS9wZS9sbW9kL21vZHVsZWZpbGVzL2NyYXlwZS10YXJnZXRzL2RlZmF1bHQvY3JheXBlLXg4Ni1yb21lLmx1YSIsCmZ1bGxOYW1lID0gImNyYXlwZS14ODYtcm9tZSIsCmxvYWRPcmRlciA9IDEsCnByb3BUID0ge30sCnN0YWNrRGVwdGggPSAwLApzdGF0dXMgPSAiYWN0aXZlIiwKdXNlck5hbWUgPSAiY3JheXBlLXg4Ni1yb21lIiwKd1YgPSAiTS4qemZpbmFsIiwKfSwKWyJnY2MtbmF0aXZlIl0gPSB7CmFjdGlvbkEgPSB7CgoicHJlcGVuZF9wYXRoKFwiTU9EVUxFUEFUSFwiLFwiL29wdC9jcmF5L3BlL2xtb2QvbW9kdWxlZmlsZXMvY29tcGlsZXIvZ251LzEyLjBcIikiCiwgInByZXBlbmRfcGF0aChcIk1PRFVMRVBBVEhcIixcIi9vcHQvY3JheS9wZS9s
HIP_LIB_PATH=/opt/rocm-6.3.4/lib
OMPI_MCA_plm_slurm_args=--external-launcher
LESS=-M -I -R
PE_MPICH_GTL_LIBS_nvidia70=-lmpi_gtl_cuda
LUMI_LMOD_FAMILY_PRGENV=PrgEnv-gnu
LMOD_FAMILY_COMPILER_VERSION=14.2
HOSTNAME=nid005362
LMOD_SYSTEM_DEFAULT_MODULES=craype-x86-rome:craype-network-ofi:perftools-base:xpmem:PrgEnv-cray:init-lumi
EBROOTLUMIMINTOOLS=/appl/lumi/SW/system/EB/lumi-tools/24.05
OLDPWD=/pfs/lustref1/flash/project_462000031/lazzaroa/openmpi_on_ss11
LUMI_LMOD_FAMILY_CRAYPE_NETWORK_VERSION=false
CSHEDIT=emacs
ENVIRONMENT=BATCH
GPG_TTY=/dev/pts/10
LESS_ADVANCED_PREPROCESSOR=no
__LMOD_REF_COUNT_PE_MPICH_GENCOMPILERS_GNU=12.3:1
COLORTERM=1
__LMOD_REF_COUNT_XDG_DATA_DIRS=/appl/lumi/SW/system/EB/lumi-tools/24.05/share:1;/usr/share:1
OSU_HOME=/pfs/lustref1/flash/project_462000031/lazzaroa/openmpi_on_ss11/osu/osu-ompi//libexec/osu-micro-benchmarks/
FPATH=/opt/cray/pe/lmod/lmod/init/ksh_funcs
_ModuleTable007_=ZWZpbGVzL25ldC9vZmkvMS4wXCIpIiwKfSwKZm4gPSAiL29wdC9jcmF5L3BlL2xtb2QvbW9kdWxlZmlsZXMvY3JheXBlLXRhcmdldHMvZGVmYXVsdC9jcmF5cGUtbmV0d29yay1vZmkubHVhIiwKZnVsbE5hbWUgPSAiY3JheXBlLW5ldHdvcmstb2ZpIiwKbG9hZE9yZGVyID0gMywKcHJvcFQgPSB7fSwKc3RhY2tEZXB0aCA9IDAsCnN0YXR1cyA9ICJhY3RpdmUiLAp1c2VyTmFtZSA9ICJjcmF5cGUtbmV0d29yay1vZmkiLAp3ViA9ICJNLip6ZmluYWwiLAp9LApbImNyYXlwZS14ODYtcm9tZSJdID0gewphY3Rpb25BID0gewoicHJlcGVuZF9wYXRoKFwiTU9EVUxFUEFUSFwiLFwiL29wdC9jcmF5L3BlL2xtb2QvbW9kdWxlZmlsZXMvY3B1L3g4Ni1yb21lLzEuMFwiKSIsCn0sCmZu
CRAY_PERFTOOLS_VERSION=25.03.0
ROCR_VISIBLE_DEVICES=0,1,2,3,4,5,6,7
LUMI_LMOD_FAMILY_PRGENV_VERSION=8.6.0
PRTE_MCA_ras_base_launch_orted_on_hn=1
ROCM_PATH=/opt/rocm-6.3.4
OMPI_DIR=/pfs/lustref1/flash/project_462000031/lazzaroa/openmpi_on_ss11/openmpi5
LMOD_FAMILY_CRAYPE_NETWORK=craype-network-ofi
JAVA_HOME=/usr/lib64/jvm/java-11-openjdk-11
__LMOD_STACK_LMOD_AVAIL_STYLE=PGxhYmVsPjpQRWhpZXJhcmNoeTpzeXN0ZW0=
LMOD_FAMILY_CRAYPE_VERSION=2.7.34
PE_XPMEM_PKGCONFIG_LIBS=cray-xpmem
CRAY_ROCM_POST_LINK_OPTS= -L/opt/rocm-6.3.4/lib -L/opt/rocm-6.3.4/lib/rocprofiler -L/opt/rocm-6.3.4/lib/roctracer -lamdhip64
SLURM_PROCID=0
APP2_STATE=25.03.0
LMOD_FAMILY_GCC_COMPILER=gcc-native
CFLAGS=-g -O -Wno-error=maybe-uninitialized -I/pfs/lustref1/flash/project_462000031/lazzaroa/openmpi_on_ss11/install_cxi/include -I/opt/rocm-6.3.4/include
SLURM_JOB_GID=10013986
MACHTYPE=x86_64-suse-linux
I_MPI_HYDRA_BOOTSTRAP=slurm
LMOD_RC=/appl/lumi/LUMI-SoftwareStack/LMOD/lmodrc.lua
__LMOD_REF_COUNT_LD_LIBRARY_PATH=/opt/rocm-6.3.4/lib/roctracer:1;/opt/rocm-6.3.4/lib/rocprofiler:1;/opt/rocm-6.3.4/lib:1;/opt/cray/pe/python/3.11.7/lib:1;/opt/cray/pe/papi/7.2.0.1/lib64:1;/opt/cray/libfabric/1.22.0/lib64:1
CRAY_ROCM_PREFIX=/opt/rocm-6.3.4
__LMOD_REF_COUNT_PKG_CONFIG_PATH=/usr/lib64/pkgconfig:1;/opt/cray/pe/dsmml/0.3.1/dsmml/lib/pkgconfig:1;/opt/cray/pe/craype/2.7.34/pkg-config:1;/opt/cray/libfabric/1.22.0/lib64/pkgconfig:1
BINDING=--bind-to core --map-by L3cache:pe=7 --mca hwloc_base_binding_policy core --mca hwloc_base_mem_bind policy:bind
OSU_INSTALL=/pfs/lustref1/flash/project_462000031/lazzaroa/openmpi_on_ss11/osu/osu-ompi/
GNU_VERSION=14.2
SLURMD_NODENAME=nid005362
PE_PKGCONFIG_PRODUCTS=PE_LIBSCI:PE_MPICH:PE_DSMML:PE_XPMEM
_ModuleTable015_=ci9nbnUvMTIuMCIKLCAiL2FwcGwvbHVtaS9tb2R1bGVzL2Vhc3lidWlsZC9zeXN0ZW0iCiwgIi9vcHQvY3JheS9wZS9sbW9kL21vZHVsZWZpbGVzL3BlcmZ0b29scy8yNS4wMy4wIgosICIvb3B0L2NyYXkvcGUvbG1vZC9tb2R1bGVmaWxlcy9uZXQvb2ZpLzEuMCIKLCAiL29wdC9jcmF5L3BlL2xtb2QvbW9kdWxlZmlsZXMvY3B1L3g4Ni1yb21lLzEuMCIKLCAiL29wdC9jcmF5L3BlL21vZHVsZWZpbGVzL0xpbnV4IiwgIi9vcHQvY3JheS9wZS9tb2R1bGVmaWxlcy9Db3JlIgosICIvb3B0L2NyYXkvcGUvbG1vZC9sbW9kL21vZHVsZWZpbGVzL0NvcmUiCiwgIi9vcHQvY3JheS9wZS9sbW9kL21vZHVsZWZpbGVzL2NvcmUiCiwgIi9vcHQvY3JheS9wZS9sbW9kL21vZHVsZWZpbGVz
SLURM_JOB_END_TIME=1772917476
LUMI_LMOD_FAMILY_LIBSCI=cray-libsci
CRAY_MPICH_BASEDIR=/opt/cray/pe/mpich/8.1.32/ofi
PE_MPICH_GTL_DIR_nvidia80=-L/opt/cray/pe/mpich/8.1.32/gtl/lib
_ModuleTable004_=YnNjaS8yNS4wMy4wLmx1YSIsCmZ1bGxOYW1lID0gImNyYXktbGlic2NpLzI1LjAzLjAiLApsb2FkT3JkZXIgPSAxNCwKcHJvcFQgPSB7fSwKc3RhY2tEZXB0aCA9IDEsCnN0YXR1cyA9ICJhY3RpdmUiLAp1c2VyTmFtZSA9ICJjcmF5LWxpYnNjaSIsCndWID0gIl4wMDAwMDAyNS4wMDAwMDAwMDMuKnpmaW5hbCIsCn0sClsiY3JheS1tcGljaCJdID0gewphY3Rpb25BID0gewoicHJlcGVuZF9wYXRoKFwiTU9EVUxFUEFUSFwiLFwiL29wdC9jcmF5L3BlL2xtb2QvbW9kdWxlZmlsZXMvbXBpL2dudS8xMi4wL29maS8xLjAvY3JheS1tcGljaC84LjBcIikiLAp9LApmbiA9ICIvb3B0L2NyYXkvcGUvbG1vZC9tb2R1bGVmaWxlcy9jb21uZXQvZ251LzEyLjAvb2ZpLzEuMC9jcmF5LW1w
PE_LIBSCI_GENCOMPILERS_GNU_x86_64=12.3
MINICOM=-c on
SLURM_TASKS_PER_NODE=8(x2)
__LMOD_REF_COUNT_PYTHONPATH=/opt/cray/pe/python/3.11.7:1
PRTE_MCA_plm_slurm_args=--external-launcher
PE_MPICH_PKGCONFIG_VARIABLES=PE_MPICH_GTL_DIR_@accelerator@:PE_MPICH_GTL_LIBS_@accelerator@
PREFIX_CXI=/pfs/lustref1/flash/project_462000031/lazzaroa/openmpi_on_ss11/install_cxi
PE_MPICH_PKGCONFIG_LIBS=mpich
USE_SRUN=0
OSTYPE=linux
CC=gcc-14
XDG_SESSION_ID=297145
CRAY_DSMML_VER=0.3.1
__LMOD_REF_COUNT_PYTHON_PATH=/opt/cray/pe/python/3.11.7:1
LUMI_LMOD_FAMILY_MPI_VERSION=8.1.32
SLURM_NNODES=2
USER=lazzaroa
LUMI_LMOD_FAMILY_LIBSCI_VERSION=25.03.0
CXXFLAGS=-g -O -I/pfs/lustref1/flash/project_462000031/lazzaroa/openmpi_on_ss11/install_cxi/include -I/opt/rocm-6.3.4/include
PAGER=less
LUMI_LMOD_FAMILY_GCC_COMPILER=gcc-native
CRAY_PYTHON_LEVEL=3.11.7
LMOD_FAMILY_PRGENV_VERSION=8.6.0
LMOD_FAMILY_LIBSCI=cray-libsci
_ModuleTable012_=MDAwMDAyNC4wMDAwMDAwMDUuKnpmaW5hbCIsCn0sClsicGVyZnRvb2xzLWJhc2UiXSA9IHsKYWN0aW9uQSA9IHsKInByZXBlbmRfcGF0aChcIk1PRFVMRVBBVEhcIixcIi9vcHQvY3JheS9wZS9sbW9kL21vZHVsZWZpbGVzL3BlcmZ0b29scy8yNS4wMy4wXCIpIiwKfSwKZm4gPSAiL29wdC9jcmF5L3BlL2xtb2QvbW9kdWxlZmlsZXMvY29yZS9wZXJmdG9vbHMtYmFzZS8yNS4wMy4wLmx1YSIsCmZ1bGxOYW1lID0gInBlcmZ0b29scy1iYXNlLzI1LjAzLjAiLApsb2FkT3JkZXIgPSA0LApwcm9wVCA9IHt9LApzdGFja0RlcHRoID0gMCwKc3RhdHVzID0gImFjdGl2ZSIsCnVzZXJOYW1lID0gInBlcmZ0b29scy1iYXNlIiwKd1YgPSAiXjAwMDAwMDI1LjAwMDAwMDAwMy4qemZpbmFs
PE_MPICH_GTL_LIBS_ponteVecchio=-lmpi_gtl_ze
CRAY_CPU_TARGET=x86-rome
PE_GCC_LEVEL=14
SLURM_JOB_START_TIME=1772915676
PE_LIBSCI_VOLATILE_PRGENV=GNU
SLURM_NTASKS_PER_NODE=8
PKGCONFIG_ENABLED=1
__LMOD_REF_COUNT_MODULEPATH=/opt/cray/pe/lmod/modulefiles/mpi/gnu/12.0/ofi/1.0/cray-mpich/8.0:1;/opt/cray/pe/lmod/modulefiles/comnet/gnu/12.0/ofi/1.0:1;/opt/cray/pe/lmod/modulefiles/mix_compilers:1;/opt/cray/pe/lmod/modulefiles/compiler/gnu/12.0:1;/appl/lumi/modules/easybuild/system:1;/opt/cray/pe/lmod/modulefiles/perftools/25.03.0:1;/opt/cray/pe/lmod/modulefiles/net/ofi/1.0:1;/opt/cray/pe/lmod/modulefiles/cpu/x86-rome/1.0:1;/opt/cray/pe/modulefiles/Linux:1;/opt/cray/pe/modulefiles/Core:1;/opt/cray/pe/lmod/lmod/modulefiles/Core:1;/opt/cray/pe/lmod/modulefiles/core:1;/opt/cray/pe/lmod/modulefiles/craype-targets/default:1;/appl/lumi/modules/SoftwareStack:1;/appl/lumi/modules/StyleModifiers:1;/appl/lumi/modules/init-LUMI-SoftwareStack:1;/opt/cray/modulefiles:1
MORE=-sl
CRAY_PERFTOOLS_PREFIX=/opt/cray/pe/perftools/25.03.0
PE_FORTRAN_PKGCONFIG_LIBS=mpichf90
CRAY_ROCM_DIR=/opt/rocm-6.3.4
__LMOD_REF_COUNT_CRAY_LD_LIBRARY_PATH=/opt/cray/pe/libsci/25.03.0/GNU/12.3/x86_64/lib:1;/opt/cray/pe/mpich/8.1.32/ofi/gnu/12.3/lib:1;/opt/cray/pe/mpich/8.1.32/gtl/lib:1;/opt/cray/pe/dsmml/0.3.1/dsmml/lib:1;/opt/cray/pe/perftools/25.03.0/lib64:1
GCC_VERSION=14.2
CRAY_LIBSCI_BASE_DIR=/opt/cray/pe/libsci/25.03.0
PWD=/users/lazzaroa/flash_coe/openmpi_on_ss11/osu/ompi/collectives
LUMI_LMOD_FAMILY_CRAYPE_CPU=craype-x86-rome
PE_MPICH_GTL_DIR_ponteVecchio=-L/opt/cray/pe/mpich/8.1.32/gtl/lib
PE_MPICH_GTL_DIR_nvidia70=-L/opt/cray/pe/mpich/8.1.32/gtl/lib
SLURM_JOB_NODELIST=nid[005362-005363]
HOME=/users/lazzaroa
SLURM_CLUSTER_NAME=lumi
PELOCAL_PRGENV=true
CMAKE_PREFIX_PATH=/opt/rocm-6.3.4/lib/cmake/hip:/appl/lumi/SW/system/EB/lumi-tools/24.05
PE_LIBSCI_REQUIRED_PRODUCTS=PE_MPICH
SLURM_NODELIST=nid[005362-005363]
PE_MPICH_GTL_LIBS_amd_gfx942=-lmpi_gtl_hsa
PE_MPICH_GTL_LIBS_amd_gfx940=-lmpi_gtl_hsa
LIBCXI_DIR=/pfs/lustref1/flash/project_462000031/lazzaroa/openmpi_on_ss11/libfabric/libcxi
SLURM_GPUS_ON_NODE=8
SLURM_NETWORK=single_node_vni
HOST=uan01
SSH_CLIENT=178.197.255.23 57398 22
__LMOD_REF_COUNT_PE_GNU_FIXED_PKGCONFIG_PATH=/opt/cray/pe/mpich/8.1.32/ofi/gnu/12.3/lib/pkgconfig:1
__LMOD_REF_COUNT_LMOD_MODULERCFILE=/appl/lumi/LUMI-SoftwareStack/LMOD/modulerc.lua:1
LMOD_VERSION=8.7.55
XNLSPATH=/usr/X11R6/lib/X11/nls
PE_MPICH_FORTRAN_PKGCONFIG_LIBS=mpichf90
SLURM_NTASKS=16
PE_LIBSCI_PKGCONFIG_LIBS=libsci_mpi:libsci
XDG_SESSION_TYPE=tty
PREFIX_RCCL=/pfs/lustref1/flash/project_462000031/lazzaroa/openmpi_on_ss11/install_rccl
SDK_HOME=/usr/lib64/jvm/java-11-openjdk-11
CRAY_LMOD_CPU=x86-rome/1.0
PE_MPICH_GTL_LIBS_nvidia80=-lmpi_gtl_cuda
PE_LIBSCI_OMP_REQUIRES_openmp=_mp
LMOD_FAMILY_CRAYPE_CPU_VERSION=false
SLURM_JOB_CPUS_PER_NODE=56(x2)
GCC_PATH=/opt/cray/pe/gcc-native/14/bin
BASH_ENV=/opt/cray/pe/lmod/lmod/init/bash
XDG_DATA_DIRS=/appl/lumi/SW/system/EB/lumi-tools/24.05/share:/usr/share
_LUMI_INIT_FIRST_LOAD=1
__LMOD_REF_COUNT_PE_MPICH_FORTRAN_PKGCONFIG_LIBS=mpichf90:1
SLURM_TOPOLOGY_ADDR=nid005362
SLURM_THREADS_PER_CORE=1
PYTHON_PATH=/opt/cray/pe/python/3.11.7
LMOD_FAMILY_GCC_COMPILER_VERSION=14.2
CRAY_LMOD_NET=ofi/1.0
__LMOD_REF_COUNT_PE_PKGCONFIG_PRODUCTS=PE_LIBSCI:1;PE_MPICH:1;PE_DSMML:1;PE_XPMEM:1
PE_MPICH_MODULE_NAME=cray-mpich
RCCL_DIR=/pfs/lustref1/flash/project_462000031/lazzaroa/openmpi_on_ss11/rccl
LIBGL_DEBUG=quiet
FCFLAGS=-O -I/pfs/lustref1/flash/project_462000031/lazzaroa/openmpi_on_ss11/install_cxi/include -I/opt/rocm-6.3.4/include
PE_LIBSCI_VOLATILE_PKGCONFIG_PATH=/opt/cray/pe/libsci/25.03.0/@PRGENV@/@PE_LIBSCI_GENCOMPS@/@PE_LIBSCI_TARGET@/lib/pkgconfig
JDK_HOME=/usr/lib64/jvm/java-11-openjdk-11
__LMOD_REF_COUNT_PE_MPICH_FIXED_PRGENV=GNU:1
PE_MPICH_GTL_DIR_amd_gfx940=-L/opt/cray/pe/mpich/8.1.32/gtl/lib
PE_MPICH_GTL_DIR_amd_gfx942=-L/opt/cray/pe/mpich/8.1.32/gtl/lib
OUTPUT_DIR=/pfs/lustref1/flash/project_462000031/lazzaroa/openmpi_on_ss11/osu/ompi/collectives
SLURM_JOB_NAME=sbatch
PROFILEREAD=true
TMPDIR=/tmp
PERFTOOLS_VERSION=25.03.0
SLURM_JOB_GPUS=0,1,2,3,4,5,6,7
__LMOD_REF_COUNT_CMAKE_PREFIX_PATH=/opt/rocm-6.3.4/lib/cmake/hip:1;/appl/lumi/SW/system/EB/lumi-tools/24.05:1
LMOD_sys=Linux
_ModuleTable010_=bmRfcGF0aChcIk1PRFVMRVBBVEhcIixcIi9hcHBsL2x1bWkvbW9kdWxlcy9lYXN5YnVpbGQvc3lzdGVtXCIpIiwKfSwKZm4gPSAiL2FwcGwvbHVtaS9tb2R1bGVzL2luaXQtTFVNSS1Tb2Z0d2FyZVN0YWNrL2luaXQtbHVtaS8wLjIubHVhIiwKZnVsbE5hbWUgPSAiaW5pdC1sdW1pLzAuMiIsCmxvYWRPcmRlciA9IDgsCnByb3BUID0gewpsbW9kID0gewpzdGlja3kgPSAxLAp9LAp9LApzdGFja0RlcHRoID0gMCwKc3RhdHVzID0gImFjdGl2ZSIsCnVzZXJOYW1lID0gImluaXQtbHVtaSIsCndWID0gIjAwMDAwMDAwMC4wMDAwMDAwMDIuKnpmaW5hbCIsCn0sCmxpYmZhYnJpYyA9IHsKZm4gPSAiL29wdC9jcmF5L21vZHVsZWZpbGVzL2xpYmZhYnJpYy8xLjIyLjAiLApmdWxsTmFt
PE_PKGCONFIG_LIBS=rocm-6.3.4:libsci_mpi:libsci:mpich:dsmml
SLURM_JOBID=16560244
_ModuleTable001_=X01vZHVsZVRhYmxlXyA9IHsKTVR2ZXJzaW9uID0gMywKY19yZWJ1aWxkVGltZSA9IGZhbHNlLApjX3Nob3J0VGltZSA9IGZhbHNlLApkZXB0aFQgPSB7fSwKZmFtaWx5ID0gewpQcmdFbnYgPSAiUHJnRW52LWdudSIsCmNvbXBpbGVyID0gImdjYy1uYXRpdmUiLApjcmF5cGUgPSAiY3JheXBlIiwKY3JheXBlX2NwdSA9ICJjcmF5cGUteDg2LXJvbWUiLApjcmF5cGVfbmV0d29yayA9ICJjcmF5cGUtbmV0d29yay1vZmkiLApnY2NfY29tcGlsZXIgPSAiZ2NjLW5hdGl2ZSIsCmxpYnNjaSA9ICJjcmF5LWxpYnNjaSIsCm1waSA9ICJjcmF5LW1waWNoIiwKfSwKbVQgPSB7Ck1vZHVsZUxhYmVsID0gewpmbiA9ICIvYXBwbC9sdW1pL21vZHVsZXMvU3R5bGVNb2RpZmllcnMvTW9kdWxl
SLURM_CONF=/etc/slurm/slurm.conf
LOADEDMODULES=craype-x86-rome:libfabric/1.22.0:craype-network-ofi:perftools-base/25.03.0:xpmem/2.11.5-1.3_g73ade43320bc:ModuleLabel/label:lumi-tools/24.05:init-lumi/0.2:cray-python/3.11.7:gcc-native/14.2:craype/2.7.34:cray-dsmml/0.3.1:cray-mpich/8.1.32:cray-libsci/25.03.0:PrgEnv-gnu/8.6.0:rocm/6.3.4
LMOD_AVAIL_STYLE=<label>:PEhierarchy:system
FC=gfortran-14
CRAYPE_NETWORK_TARGET=ofi
_ModuleTable006_=cHl0aG9uIiwKd1YgPSAiXjAwMDAwMDAzLjAwMDAwMDAxMS4wMDAwMDAwMDcuKnpmaW5hbCIsCn0sCmNyYXlwZSA9IHsKZm4gPSAiL29wdC9jcmF5L3BlL2xtb2QvbW9kdWxlZmlsZXMvY29yZS9jcmF5cGUvMi43LjM0Lmx1YSIsCmZ1bGxOYW1lID0gImNyYXlwZS8yLjcuMzQiLApsb2FkT3JkZXIgPSAxMSwKcHJvcFQgPSB7fSwKc3RhY2tEZXB0aCA9IDEsCnN0YXR1cyA9ICJhY3RpdmUiLAp1c2VyTmFtZSA9ICJjcmF5cGUiLAp3ViA9ICJeMDAwMDAwMDIuMDAwMDAwMDA3LjAwMDAwMDAzNC4qemZpbmFsIiwKfSwKWyJjcmF5cGUtbmV0d29yay1vZmkiXSA9IHsKYWN0aW9uQSA9IHsKInByZXBlbmRfcGF0aChcIk1PRFVMRVBBVEhcIixcIi9vcHQvY3JheS9wZS9sbW9kL21vZHVs
__LMOD_REF_COUNT_MANPATH=/opt/rocm-6.3.4/share/man:1;/opt/cray/pe/libsci/25.03.0/share/man:1;/opt/cray/pe/mpich/8.1.32/ofi/man:1;/opt/cray/pe/mpich/8.1.32/man/mpich:1;/opt/cray/pe/dsmml/0.3.1/dsmml/man:1;/opt/cray/pe/craype/2.7.34/man:1;/opt/cray/pe/python/3.11.7/share/man:1;/appl/lumi/SW/system/EB/lumi-tools/24.05/share/man:1;/opt/cray/pe/perftools/25.03.0/man:1;/opt/cray/pe/papi/7.2.0.1/share/pdoc/man:1;/opt/cray/libfabric/1.22.0/share/man:1;/opt/cray/pe/lmod/lmod/share/man:1;/users/lazzaroa/.local/share/man:1;/usr/local/man:1;/usr/share/man:1
_ModuleTable003_=UHJnRW52LWdudSIsCndWID0gIl4wMDAwMDAwOC4wMDAwMDAwMDYuKnpmaW5hbCIsCn0sClsiY3JheS1kc21tbCJdID0gewpmbiA9ICIvb3B0L2NyYXkvcGUvbG1vZC9tb2R1bGVmaWxlcy9jb3JlL2NyYXktZHNtbWwvMC4zLjEubHVhIiwKZnVsbE5hbWUgPSAiY3JheS1kc21tbC8wLjMuMSIsCmxvYWRPcmRlciA9IDEyLApwcm9wVCA9IHt9LApzdGFja0RlcHRoID0gMSwKc3RhdHVzID0gImFjdGl2ZSIsCnVzZXJOYW1lID0gImNyYXktZHNtbWwiLAp3ViA9ICJeMDAwMDAwMDAuMDAwMDAwMDAzLjAwMDAwMDAwMS4qemZpbmFsIiwKfSwKWyJjcmF5LWxpYnNjaSJdID0gewpmbiA9ICIvb3B0L2NyYXkvcGUvbG1vZC9tb2R1bGVmaWxlcy9jb21waWxlci9nbnUvMTIuMC9jcmF5LWxp
SLURM_JOB_QOS=normal
LMOD_ROOT=/opt/cray/pe/lmod
SLURM_TOPOLOGY_ADDR_PATTERN=node
SSH_TTY=/dev/pts/10
PAT_RT_PERFCTR_DISABLE_COMPONENTS=nvml,rocm_smi
LUMI_LMOD_FAMILY_CRAYPE_NETWORK=craype-network-ofi
CRAY_MPICH_ROOTDIR=/opt/cray/pe/mpich/8.1.32
_ModuleTable013_=IiwKfSwKcm9jbSA9IHsKZm4gPSAiL29wdC9jcmF5L3BlL2xtb2QvbW9kdWxlZmlsZXMvY29yZS9yb2NtLzYuMy40Lmx1YSIsCmZ1bGxOYW1lID0gInJvY20vNi4zLjQiLApsb2FkT3JkZXIgPSAxNiwKcHJvcFQgPSB7fSwKc3RhY2tEZXB0aCA9IDAsCnN0YXR1cyA9ICJhY3RpdmUiLAp1c2VyTmFtZSA9ICJyb2NtIiwKd1YgPSAiXjAwMDAwMDA2LjAwMDAwMDAwMy4wMDAwMDAwMDQuKnpmaW5hbCIsCn0sCnhwbWVtID0gewpmbiA9ICIvb3B0L2NyYXkvbW9kdWxlZmlsZXMveHBtZW0vMi4xMS41LTEuM19nNzNhZGU0MzMyMGJjIiwKZnVsbE5hbWUgPSAieHBtZW0vMi4xMS41LTEuM19nNzNhZGU0MzMyMGJjIiwKbG9hZE9yZGVyID0gNSwKcHJvcFQgPSB7fSwKc3RhY2tEZXB0aCA9
MOTD_SHOWN=pam
MAIL=/var/spool/mail/lazzaroa
SLURM_CPUS_ON_NODE=56
CXX=g++-14
SLURM_JOB_NUM_NODES=2
_ModuleTable016_=L2NyYXlwZS10YXJnZXRzL2RlZmF1bHQiCiwgIi9hcHBsL2x1bWkvbW9kdWxlcy9Tb2Z0d2FyZVN0YWNrIiwgIi9hcHBsL2x1bWkvbW9kdWxlcy9TdHlsZU1vZGlmaWVycyIKLCAiL2FwcGwvbHVtaS9tb2R1bGVzL2luaXQtTFVNSS1Tb2Z0d2FyZVN0YWNrIiwgIi9vcHQvY3JheS9tb2R1bGVmaWxlcyIsCn0sCnN5c3RlbUJhc2VNUEFUSCA9ICIvb3B0L2NyYXkvcGUvbW9kdWxlZmlsZXMvTGludXg6L29wdC9jcmF5L3BlL21vZHVsZWZpbGVzL0NvcmU6L29wdC9jcmF5L3BlL2xtb2QvbG1vZC9tb2R1bGVmaWxlcy9Db3JlOi9vcHQvY3JheS9wZS9sbW9kL21vZHVsZWZpbGVzL2NvcmU6L29wdC9jcmF5L3BlL2xtb2QvbW9kdWxlZmlsZXMvY3JheXBlLXRhcmdldHMvZGVmYXVsdDov
LESSKEY=/etc/lesskey.bin
LUMI_LMOD_FAMILY_COMPILER=gcc-native
_ModuleTable009_=bW9kL21vZHVsZWZpbGVzL21peF9jb21waWxlcnNcIikiLCAicHJlcGVuZF9wYXRoKFwiTU9EVUxFUEFUSFwiLFwiL29wdC9jcmF5L3BlL2xtb2QvbW9kdWxlZmlsZXMvY29tbmV0L2dudS8xMi4wL29maS8xLjBcIikiLAp9LApmbiA9ICIvb3B0L2NyYXkvcGUvbG1vZC9tb2R1bGVmaWxlcy9jb3JlL2djYy1uYXRpdmUvMTQuMi5sdWEiLApmdWxsTmFtZSA9ICJnY2MtbmF0aXZlLzE0LjIiLApsb2FkT3JkZXIgPSAxMCwKcHJvcFQgPSB7fSwKc3RhY2tEZXB0aCA9IDEsCnN0YXR1cyA9ICJhY3RpdmUiLAp1c2VyTmFtZSA9ICJnY2MtbmF0aXZlIiwKd1YgPSAiXjAwMDAwMDE0LjAwMDAwMDAwMi4qemZpbmFsIiwKfSwKWyJpbml0LWx1bWkiXSA9IHsKYWN0aW9uQSA9IHsKInByZXBl
TERM=xterm-256color
SHELL=/bin/bash
LUMI_LMOD_FAMILY_COMPILER_VERSION=14.2
CRAY_MPICH_VER=8.1.32
LMOD_ADMIN_FILE=/appl/lumi/LUMI-SoftwareStack/LMOD/admin.list
XDG_SESSION_CLASS=user
PE_MPICH_FIXED_PRGENV=GNU
CRAY_LIBSCI_PREFIX=/opt/cray/pe/libsci/25.03.0/GNU/12.3/x86_64
CRAY_ROCM_VERSION=6.3.4
LMOD_FAMILY_PRGENV=PrgEnv-gnu
SLURM_JOB_UID=10013986
_ModuleTable_Sz_=17
CRAY_PYTHON_PREFIX=/opt/cray/pe/python/3.11.7
CRAY_LIBSCI_VERSION=25.03.0
SLURM_JOB_PARTITION=standard-g
LMOD_FAMILY_COMPILER=gcc-native
CRAY_DSMML_BASEDIR=/opt/cray/pe/dsmml/0.3.1
SLURM_HINT=nomultithread
CRAY_XPMEM_POST_LINK_OPTS=-L/usr/lib64
PE_MPICH_GENCOMPILERS_GNU=12.3
SLURM_JOB_USER=lazzaroa
SLURM_NPROCS=16
LUMI_LMOD_FAMILY_CRAYPE_CPU_VERSION=false
SHLVL=3
SLURM_SUBMIT_HOST=uan01
PYTHONPATH=/opt/cray/pe/python/3.11.7
CRAY_LIBSCI_PREFIX_DIR=/opt/cray/pe/libsci/25.03.0/GNU/12.3/x86_64
G_FILENAME_ENCODING=@locale,UTF-8,ISO-8859-15,CP1252
SLURM_JOB_ACCOUNT=project_462000031
GPUBIND=/pfs/lustref1/flash/project_462000031/lazzaroa/openmpi_on_ss11/select_gpu.sh
MANPATH=/pfs/lustref1/flash/project_462000031/lazzaroa/openmpi_on_ss11/install_rccl/man:/pfs/lustref1/flash/project_462000031/lazzaroa/openmpi_on_ss11/install_ompi/share/man:/pfs/lustref1/flash/project_462000031/lazzaroa/openmpi_on_ss11/install_libfabric/share/man:/pfs/lustref1/flash/project_462000031/lazzaroa/openmpi_on_ss11/install_cxi/share/man:/pfs/lustref1/flash/project_462000031/lazzaroa/openmpi_on_ss11/install_cxi/man:/opt/rocm-6.3.4/share/man:/opt/cray/pe/libsci/25.03.0/share/man:/opt/cray/pe/mpich/8.1.32/ofi/man:/opt/cray/pe/mpich/8.1.32/man/mpich:/opt/cray/pe/dsmml/0.3.1/dsmml/man:/opt/cray/pe/craype/2.7.34/man:/opt/cray/pe/python/3.11.7/share/man:/appl/lumi/SW/system/EB/lumi-tools/24.05/share/man:/opt/cray/pe/perftools/25.03.0/man:/opt/cray/pe/papi/7.2.0.1/share/pdoc/man:/opt/cray/libfabric/1.22.0/share/man:/opt/cray/pe/lmod/lmod/share/man:/users/lazzaroa/.local/share/man:/usr/local/man:/usr/share/man
CRAY_DSMML_VERSION=0.3.1
CPPFLAGS=-I/pfs/lustref1/flash/project_462000031/lazzaroa/openmpi_on_ss11/install_cxi/include -I/opt/rocm-6.3.4/include
CRAY_ROCM_INCLUDE_OPTS=-I/opt/rocm-6.3.4/include -I/opt/rocm-6.3.4/include/rocprofiler -I/opt/rocm-6.3.4/include/roctracer -I/opt/rocm-6.3.4/include/hip -D__HIP_PLATFORM_AMD__
MPICH_DIR=/opt/cray/pe/mpich/8.1.32/ofi/gnu/12.3
EBVERSIONLUMIMINTOOLS=24.05
HYDRA_BOOTSTRAP=slurm
PE_MPICH_GTL_LIBS_nvidia90=-lmpi_gtl_cuda
ROOT_DIR=/pfs/lustref1/flash/project_462000031/lazzaroa/openmpi_on_ss11
LUMI_LMOD_FAMILY_GCC_COMPILER_VERSION=14.2
MODULEPATH=/opt/cray/pe/lmod/modulefiles/mpi/gnu/12.0/ofi/1.0/cray-mpich/8.0:/opt/cray/pe/lmod/modulefiles/comnet/gnu/12.0/ofi/1.0:/opt/cray/pe/lmod/modulefiles/mix_compilers:/opt/cray/pe/lmod/modulefiles/compiler/gnu/12.0:/appl/lumi/modules/easybuild/system:/opt/cray/pe/lmod/modulefiles/perftools/25.03.0:/opt/cray/pe/lmod/modulefiles/net/ofi/1.0:/opt/cray/pe/lmod/modulefiles/cpu/x86-rome/1.0:/opt/cray/pe/modulefiles/Linux:/opt/cray/pe/modulefiles/Core:/opt/cray/pe/lmod/lmod/modulefiles/Core:/opt/cray/pe/lmod/modulefiles/core:/opt/cray/pe/lmod/modulefiles/craype-targets/default:/appl/lumi/modules/SoftwareStack:/appl/lumi/modules/StyleModifiers:/appl/lumi/modules/init-LUMI-SoftwareStack:/opt/cray/modulefiles
CRAY_MPICH_DIR=/opt/cray/pe/mpich/8.1.32/ofi/gnu/12.3
CRAY_PYTHON_VERSION=3.11.7
SLURM_GTIDS=0
LMOD_FAMILY_CRAYPE=craype
LOGNAME=lazzaroa
DBUS_SESSION_BUS_ADDRESS=unix:path=/run/user/10013986/bus
CRAY_MPICH_VERSION=8.1.32
XDG_RUNTIME_DIR=/run/user/10013986
PREFIX_OMPI=/pfs/lustref1/flash/project_462000031/lazzaroa/openmpi_on_ss11/install_ompi
LDFLAGS=-g -O -L/pfs/lustref1/flash/project_462000031/lazzaroa/openmpi_on_ss11/install_cxi/lib -L/opt/rocm-6.3.4/lib
MODULEPATH_ROOT=/opt/cray/pe/modulefiles
LMOD_PACKAGE_PATH=/appl/lumi/LUMI-SoftwareStack/LMOD
PE_MPICH_GTL_LIBS_amd_gfx906=-lmpi_gtl_hsa
PE_DSMML_PKGCONFIG_LIBS=dsmml
JRE_HOME=/usr/lib64/jvm/java-11-openjdk-11
PE_LIBSCI_PKGCONFIG_VARIABLES=PE_LIBSCI_OMP_REQUIRES_@openmp@:PE_SCI_EXT_LIBPATH:PE_SCI_EXT_LIBNAME
XDG_CONFIG_DIRS=/etc/xdg
PATH=/pfs/lustref1/flash/project_462000031/lazzaroa/openmpi_on_ss11/install_rccl/bin:/pfs/lustref1/flash/project_462000031/lazzaroa/openmpi_on_ss11/install_ompi/bin:/pfs/lustref1/flash/project_462000031/lazzaroa/openmpi_on_ss11/install_libfabric/bin:/pfs/lustref1/flash/project_462000031/lazzaroa/openmpi_on_ss11/install_cxi/bin:/opt/rocm-6.3.4/bin:/opt/cray/pe/mpich/8.1.32/ofi/gnu/12.3/bin:/opt/cray/pe/mpich/8.1.32/bin:/opt/cray/pe/craype/2.7.34/bin:/opt/cray/pe/gcc-native/14/bin:/opt/cray/pe/python/3.11.7/bin:/appl/lumi/SW/system/EB/lumi-tools/24.05/bin:/opt/cray/pe/perftools/25.03.0/bin:/opt/cray/pe/papi/7.2.0.1/bin:/opt/cray/libfabric/1.22.0/bin:/users/lazzaroa/.local/bin:/users/lazzaroa/bin:/usr/local/bin:/usr/bin:/bin:/usr/lib/mit/bin:/usr/lib/mit/sbin:/opt/cray/pe/bin
PE_MPICH_GTL_LIBS_amd_gfx908=-lmpi_gtl_hsa
SLURM_JOB_ID=16560244
_ModuleTable014_=IDAsCnN0YXR1cyA9ICJhY3RpdmUiLAp1c2VyTmFtZSA9ICJ4cG1lbSIsCndWID0gIjAwMDAwMDAwMi4wMDAwMDAwMTEuMDAwMDAwMDA1Lip6ZmluYWwtLjAwMDAwMDAwMS4wMDAwMDAwMDMuKl8uKmcuMDAwMDAwMDczLiphZGUuMDAwMDQzMzIwLipiYy4qemZpbmFsIiwKfSwKfSwKbXBhdGhBID0gewoiL29wdC9jcmF5L3BlL2xtb2QvbW9kdWxlZmlsZXMvbXBpL2dudS8xMi4wL29maS8xLjAvY3JheS1tcGljaC84LjAiCiwgIi9vcHQvY3JheS9wZS9sbW9kL21vZHVsZWZpbGVzL2NvbW5ldC9nbnUvMTIuMC9vZmkvMS4wIgosICIvb3B0L2NyYXkvcGUvbG1vZC9tb2R1bGVmaWxlcy9taXhfY29tcGlsZXJzIgosICIvb3B0L2NyYXkvcGUvbG1vZC9tb2R1bGVmaWxlcy9jb21waWxl
JAVA_BINDIR=/usr/lib64/jvm/java-11-openjdk-11/bin
PE_MPICH_GTL_DIR_nvidia90=-L/opt/cray/pe/mpich/8.1.32/gtl/lib
__LMOD_REF_COUNT_PE_PRODUCT_LIST=CRAYPE:1;CRAYPE_X86_ROME:1;PERFTOOLS:1;CRAYPAT:1;CRAY_ROCM:1
_LMFILES_=/opt/cray/pe/lmod/modulefiles/craype-targets/default/craype-x86-rome.lua:/opt/cray/modulefiles/libfabric/1.22.0:/opt/cray/pe/lmod/modulefiles/craype-targets/default/craype-network-ofi.lua:/opt/cray/pe/lmod/modulefiles/core/perftools-base/25.03.0.lua:/opt/cray/modulefiles/xpmem/2.11.5-1.3_g73ade43320bc:/appl/lumi/modules/StyleModifiers/ModuleLabel/label.lua:/appl/lumi/modules/easybuild/system/lumi-tools/24.05.lua:/appl/lumi/modules/init-LUMI-SoftwareStack/init-lumi/0.2.lua:/opt/cray/pe/lmod/modulefiles/core/cray-python/3.11.7.lua:/opt/cray/pe/lmod/modulefiles/core/gcc-native/14.2.lua:/opt/cray/pe/lmod/modulefiles/core/craype/2.7.34.lua:/opt/cray/pe/lmod/modulefiles/core/cray-dsmml/0.3.1.lua:/opt/cray/pe/lmod/modulefiles/comnet/gnu/12.0/ofi/1.0/cray-mpich/8.1.32.lua:/opt/cray/pe/lmod/modulefiles/compiler/gnu/12.0/cray-libsci/25.03.0.lua:/opt/cray/pe/lmod/modulefiles/core/PrgEnv-gnu/8.6.0.lua:/opt/cray/pe/lmod/modulefiles/core/rocm/6.3.4.lua
LMOD_FAMILY_LIBSCI_VERSION=25.03.0
MODULESHOME=/opt/cray/pe/lmod/lmod
PKG_CONFIG_PATH=/pfs/lustref1/flash/project_462000031/lazzaroa/openmpi_on_ss11/install_rccl/lib/pkgconfig:/pfs/lustref1/flash/project_462000031/lazzaroa/openmpi_on_ss11/install_ompi/lib/pkgconfig:/pfs/lustref1/flash/project_462000031/lazzaroa/openmpi_on_ss11/install_libfabric/lib/pkgconfig:/pfs/lustref1/flash/project_462000031/lazzaroa/openmpi_on_ss11/install_cxi/lib/pkgconfig:/usr/lib64/pkgconfig:/opt/cray/pe/dsmml/0.3.1/dsmml/lib/pkgconfig:/opt/cray/pe/craype/2.7.34/pkg-config:/opt/cray/libfabric/1.22.0/lib64/pkgconfig
LMOD_SETTARG_FULL_SUPPORT=no
G_BROKEN_FILENAMES=1
PE_GNU_FIXED_PKGCONFIG_PATH=/opt/cray/pe/mpich/8.1.32/ofi/gnu/12.3/lib/pkgconfig
_ModuleTable011_=ZSA9ICJsaWJmYWJyaWMvMS4yMi4wIiwKbG9hZE9yZGVyID0gMiwKcHJvcFQgPSB7fSwKc3RhY2tEZXB0aCA9IDEsCnN0YXR1cyA9ICJhY3RpdmUiLAp1c2VyTmFtZSA9ICJsaWJmYWJyaWMiLAp3ViA9ICJeMDAwMDAwMDEuMDAwMDAwMDIyLip6ZmluYWwiLAp9LApbImx1bWktdG9vbHMiXSA9IHsKZm4gPSAiL2FwcGwvbHVtaS9tb2R1bGVzL2Vhc3lidWlsZC9zeXN0ZW0vbHVtaS10b29scy8yNC4wNS5sdWEiLApmdWxsTmFtZSA9ICJsdW1pLXRvb2xzLzI0LjA1IiwKbG9hZE9yZGVyID0gNywKcHJvcFQgPSB7Cmxtb2QgPSB7CnN0aWNreSA9IDEsCn0sCn0sCnN0YWNrRGVwdGggPSAxLApzdGF0dXMgPSAiYWN0aXZlIiwKdXNlck5hbWUgPSAibHVtaS10b29scyIsCndWID0gIjAw
PREFIX_LIBFABRIC=/pfs/lustref1/flash/project_462000031/lazzaroa/openmpi_on_ss11/install_libfabric
PE_MPICH_GTL_LIBS_amd_gfx90a=-lmpi_gtl_hsa
HISTSIZE=1000
CRAYPE_DIR=/opt/cray/pe/craype/2.7.34
LMOD_PKG=/opt/cray/pe/lmod/lmod
__LMOD_REF_COUNT_PE_MPICH_PKGCONFIG_LIBS=mpich:1
OFFLOAD_INIT=on_start
__LMOD_REF_COUNT_PE_PKGCONFIG_LIBS=rocm-6.3.4:1;libsci_mpi:1;libsci:1;mpich:1;dsmml:1
CPU=x86_64
SSH_SENDS_LOCALE=yes
CRAYPE_VERSION=2.7.34
EBU_USER_PREFIX=/project/project_462000031/lazzaroa/EasyBuild
_ModuleTable005_=aWNoLzguMS4zMi5sdWEiLApmdWxsTmFtZSA9ICJjcmF5LW1waWNoLzguMS4zMiIsCmxvYWRPcmRlciA9IDEzLApwcm9wVCA9IHt9LApzdGFja0RlcHRoID0gMSwKc3RhdHVzID0gImFjdGl2ZSIsCnVzZXJOYW1lID0gImNyYXktbXBpY2giLAp3ViA9ICJeMDAwMDAwMDguMDAwMDAwMDAxLjAwMDAwMDAzMi4qemZpbmFsIiwKfSwKWyJjcmF5LXB5dGhvbiJdID0gewpmbiA9ICIvb3B0L2NyYXkvcGUvbG1vZC9tb2R1bGVmaWxlcy9jb3JlL2NyYXktcHl0aG9uLzMuMTEuNy5sdWEiLApmdWxsTmFtZSA9ICJjcmF5LXB5dGhvbi8zLjExLjciLApsb2FkT3JkZXIgPSA5LApwcm9wVCA9IHt9LApzdGFja0RlcHRoID0gMCwKc3RhdHVzID0gImFjdGl2ZSIsCnVzZXJOYW1lID0gImNyYXkt
LMOD_CMD=/opt/cray/pe/lmod/lmod/libexec/lmod
SLURM_LOCALID=0
CRAY_MPICH_PREFIX=/opt/cray/pe/mpich/8.1.32/ofi/gnu/12.3
PE_GCC_EXTERNAL=native
LESSOPEN=lessopen.sh %s
CRAYPAT_OPTS_EXECUTABLE=libexec64/opts
CRAY_XPMEM_INCLUDE_OPTS=-I/usr/include
PE_LIBSCI_GENCOMPS_GNU_x86_64=123
LMOD_DIR=/opt/cray/pe/lmod/lmod/libexec
LMOD_FAMILY_MPI=cray-mpich
BASH_FUNC_module%%=() {  if [ -z "${LMOD_SH_DBG_ON+x}" ]; then
 case "$-" in 
 *v*x*)
 __lmod_sh_dbg='vx'
 ;;
 *v*)
 __lmod_sh_dbg='v'
 ;;
 *x*)
 __lmod_sh_dbg='x'
 ;;
 esac;
 fi;
 if [ -n "${__lmod_sh_dbg:-}" ]; then
 set +$__lmod_sh_dbg;
 echo "Shell debugging temporarily silenced: export LMOD_SH_DBG_ON=1 for Lmod's output" 1>&2;
 fi;
 eval "$($LMOD_CMD shell "$@")" && eval "$(${LMOD_SETTARG_CMD:-:} -s sh)";
 __lmod_my_status=$?;
 if [ -n "${__lmod_sh_dbg:-}" ]; then
 echo "Shell debugging restarted" 1>&2;
 set -$__lmod_sh_dbg;
 fi;
 unset __lmod_sh_dbg;
 return $__lmod_my_status
}
BASH_FUNC_ml%%=() {  eval "$($LMOD_DIR/ml_cmd "$@")"
}
_=/usr/bin/env
========
_n16_software_16560244
========
with LinkX
-- mpirun /pfs/lustref1/flash/project_462000031/lazzaroa/openmpi_on_ss11/osu/osu-ompi//libexec/osu-micro-benchmarks//mpi/collective/osu_alltoall -d rocm D D
[nid005363:91158] Rank 8 bound to package[0][core:0-6]
[nid005363:91158] Rank 9 bound to package[0][core:7-13]
[nid005363:91158] Rank 10 bound to package[0][core:14-20]
[nid005363:91158] Rank 13 bound to package[0][core:35-41]
[nid005363:91158] Rank 12 bound to package[0][core:28-34]
[nid005363:91158] Rank 11 bound to package[0][core:21-27]
[nid005363:91158] Rank 14 bound to package[0][core:42-48]
[nid005363:91158] Rank 15 bound to package[0][core:49-55]
[nid005362:85976] Rank 0 bound to package[0][core:0-6]
[nid005362:85976] Rank 1 bound to package[0][core:7-13]
[nid005362:85976] Rank 2 bound to package[0][core:14-20]
[nid005362:85976] Rank 3 bound to package[0][core:21-27]
[nid005362:85976] Rank 4 bound to package[0][core:28-34]
[nid005362:85976] Rank 5 bound to package[0][core:35-41]
[nid005362:85976] Rank 6 bound to package[0][core:42-48]
[nid005362:85976] Rank 7 bound to package[0][core:49-55]

# OSU MPI-ROCM All-to-All Personalized Exchange Latency Test v7.5.2
# Datatype: MPI_CHAR.
# Size       Avg Latency(us)
1                     121.96
2                      86.75
4                     763.60
8                     702.92
16                    711.68
32                    705.46
64                    707.49
128                   724.07
256                   739.88
512                    91.27
1024                   92.59
2048                   88.29
4096                  103.58
8192                13997.80
16384               10375.95
32768                 236.64
65536                 256.08
131072                292.98
262144                363.52
524288                547.68
1048576               957.37
-- mpirun /pfs/lustref1/flash/project_462000031/lazzaroa/openmpi_on_ss11/osu/osu-ompi//libexec/osu-micro-benchmarks//mpi/collective/osu_allreduce -d rocm D D
[nid005363:91346] Rank 8 bound to package[0][core:0-6]
[nid005363:91346] Rank 9 bound to package[0][core:7-13]
[nid005363:91346] Rank 10 bound to package[0][core:14-20]
[nid005363:91346] Rank 11 bound to package[0][core:21-27]
[nid005363:91346] Rank 12 bound to package[0][core:28-34]
[nid005363:91346] Rank 13 bound to package[0][core:35-41]
[nid005363:91346] Rank 15 bound to package[0][core:49-55]
[nid005363:91346] Rank 14 bound to package[0][core:42-48]
[nid005362:86760] Rank 0 bound to package[0][core:0-6]
[nid005362:86760] Rank 1 bound to package[0][core:7-13]
[nid005362:86760] Rank 2 bound to package[0][core:14-20]
[nid005362:86760] Rank 3 bound to package[0][core:21-27]
[nid005362:86760] Rank 4 bound to package[0][core:28-34]
[nid005362:86760] Rank 6 bound to package[0][core:42-48]
[nid005362:86760] Rank 5 bound to package[0][core:35-41]
[nid005362:86760] Rank 7 bound to package[0][core:49-55]

# OSU MPI-ROCM Allreduce Latency Test v7.5.2
# Datatype: MPI_INT.
# Size       Avg Latency(us)
4                     149.35
8                      73.11
16                     72.73
32                     73.23
64                     71.64
128                    83.54
256                    80.76
512                    81.67
1024                   81.90
2048                   84.26
4096                   99.79
8192                 1966.47
16384                1473.83
32768                1459.26
65536                 583.63
131072               2815.16
262144               3664.98
524288               7624.89
1048576             14530.96
-- mpirun /pfs/lustref1/flash/project_462000031/lazzaroa/openmpi_on_ss11/osu/osu-ompi//libexec/osu-micro-benchmarks//mpi/collective/osu_allgather -d rocm D D
[nid005362:87137] Rank 0 bound to package[0][core:0-6]
[nid005362:87137] Rank 1 bound to package[0][core:7-13]
[nid005362:87137] Rank 2 bound to package[0][core:14-20]
[nid005362:87137] Rank 3 bound to package[0][core:21-27]
[nid005362:87137] Rank 4 bound to package[0][core:28-34]
[nid005362:87137] Rank 5 bound to package[0][core:35-41]
[nid005362:87137] Rank 7 bound to package[0][core:49-55]
[nid005362:87137] Rank 6 bound to package[0][core:42-48]
[nid005363:91508] Rank 8 bound to package[0][core:0-6]
[nid005363:91508] Rank 9 bound to package[0][core:7-13]
[nid005363:91508] Rank 10 bound to package[0][core:14-20]
[nid005363:91508] Rank 11 bound to package[0][core:21-27]
[nid005363:91508] Rank 13 bound to package[0][core:35-41]
[nid005363:91508] Rank 14 bound to package[0][core:42-48]
[nid005363:91508] Rank 15 bound to package[0][core:49-55]
[nid005363:91508] Rank 12 bound to package[0][core:28-34]

# OSU MPI-ROCM Allgather Latency Test v7.5.2
# Datatype: MPI_CHAR.
# Size       Avg Latency(us)
1                     177.19
2                      71.11
4                      88.68
8                      69.53
16                     68.43
32                     68.51
64                     68.92
128                    69.30
256                    73.89
512                    78.44
1024                 1440.00
2048                  985.56
4096                 1382.29
8192                 1296.96
16384                 795.62
32768                2339.48
65536                2585.66
131072               5222.61
262144              10644.18
524288              19578.05
1048576             40136.62
-- mpirun /pfs/lustref1/flash/project_462000031/lazzaroa/openmpi_on_ss11/osu/osu-ompi//libexec/osu-micro-benchmarks//mpi/collective/osu_allreduce H H
[nid005362:87739] Rank 0 bound to package[0][core:0-6]
[nid005362:87739] Rank 1 bound to package[0][core:7-13]
[nid005362:87739] Rank 2 bound to package[0][core:14-20]
[nid005362:87739] Rank 3 bound to package[0][core:21-27]
[nid005362:87739] Rank 4 bound to package[0][core:28-34]
[nid005362:87739] Rank 5 bound to package[0][core:35-41]
[nid005362:87739] Rank 6 bound to package[0][core:42-48]
[nid005362:87739] Rank 7 bound to package[0][core:49-55]
[nid005363:91671] Rank 8 bound to package[0][core:0-6]
[nid005363:91671] Rank 9 bound to package[0][core:7-13]
[nid005363:91671] Rank 10 bound to package[0][core:14-20]
[nid005363:91671] Rank 11 bound to package[0][core:21-27]
[nid005363:91671] Rank 12 bound to package[0][core:28-34]
[nid005363:91671] Rank 13 bound to package[0][core:35-41]
[nid005363:91671] Rank 14 bound to package[0][core:42-48]
[nid005363:91671] Rank 15 bound to package[0][core:49-55]

# OSU MPI Allreduce Latency Test v7.5.2
# Datatype: MPI_INT.
# Size       Avg Latency(us)
4                      13.65
8                      13.64
16                     14.46
32                     14.23
64                     15.56
128                    17.26
256                    17.04
512                    17.69
1024                   18.44
2048                   20.09
4096                   22.88
8192                   32.50
16384                  31.15
32768                  49.20
65536                  95.57
131072                161.76
262144                293.97
524288                545.87
1048576              1047.58
-- mpirun /pfs/lustref1/flash/project_462000031/lazzaroa/openmpi_on_ss11/osu/osu-ompi//libexec/osu-micro-benchmarks//mpi/collective/osu_alltoall H H
[nid005362:87919] Rank 0 bound to package[0][core:0-6]
[nid005362:87919] Rank 2 bound to package[0][core:14-20]
[nid005362:87919] Rank 4 bound to package[0][core:28-34]
[nid005362:87919] Rank 3 bound to package[0][core:21-27]
[nid005362:87919] Rank 5 bound to package[0][core:35-41]
[nid005362:87919] Rank 7 bound to package[0][core:49-55]
[nid005362:87919] Rank 6 bound to package[0][core:42-48]
[nid005363:91815] Rank 8 bound to package[0][core:0-6]
[nid005363:91815] Rank 9 bound to package[0][core:7-13]
[nid005363:91815] Rank 10 bound to package[0][core:14-20]
[nid005363:91815] Rank 11 bound to package[0][core:21-27]
[nid005363:91815] Rank 12 bound to package[0][core:28-34]
[nid005363:91815] Rank 13 bound to package[0][core:35-41]
[nid005363:91815] Rank 14 bound to package[0][core:42-48]
[nid005363:91815] Rank 15 bound to package[0][core:49-55]
[nid005362:87919] Rank 1 bound to package[0][core:7-13]

# OSU MPI All-to-All Personalized Exchange Latency Test v7.5.2
# Datatype: MPI_CHAR.
# Size       Avg Latency(us)
1                      20.00
2                      19.78
4                      26.20
8                      26.50
16                     28.39
32                     28.63
64                     29.15
128                    29.65
256                    33.34
512                    24.02
1024                   26.23
2048                   25.95
4096                   30.05
8192                   29.03
16384                  39.61
32768                  60.10
65536                 101.21
131072                182.12
262144                349.99
524288                679.80
1048576              1280.11
-- mpirun /pfs/lustref1/flash/project_462000031/lazzaroa/openmpi_on_ss11/osu/osu-ompi//libexec/osu-micro-benchmarks//mpi/collective/osu_allgather H H
[nid005362:88176] Rank 0 bound to package[0][core:0-6]
[nid005362:88176] Rank 1 bound to package[0][core:7-13]
[nid005362:88176] Rank 2 bound to package[0][core:14-20]
[nid005362:88176] Rank 3 bound to package[0][core:21-27]
[nid005362:88176] Rank 4 bound to package[0][core:28-34]
[nid005362:88176] Rank 6 bound to package[0][core:42-48]
[nid005362:88176] Rank 5 bound to package[0][core:35-41]
[nid005362:88176] Rank 7 bound to package[0][core:49-55]
[nid005363:91980] Rank 9 bound to package[0][core:7-13]
[nid005363:91980] Rank 8 bound to package[0][core:0-6]
[nid005363:91980] Rank 12 bound to package[0][core:28-34]
[nid005363:91980] Rank 11 bound to package[0][core:21-27]
[nid005363:91980] Rank 10 bound to package[0][core:14-20]
[nid005363:91980] Rank 13 bound to package[0][core:35-41]
[nid005363:91980] Rank 14 bound to package[0][core:42-48]
[nid005363:91980] Rank 15 bound to package[0][core:49-55]

# OSU MPI Allgather Latency Test v7.5.2
# Datatype: MPI_CHAR.
# Size       Avg Latency(us)
1                      10.54
2                      10.49
4                      11.32
8                      11.38
16                     12.48
32                     12.81
64                     13.36
128                    13.95
256                    15.54
512                    17.57
1024                   26.47
2048                   25.55
4096                   41.03
8192                   59.71
16384                  98.65
32768                 174.07
65536                 341.16
131072                664.03
262144               1300.80
524288               2566.88
1048576              5233.91
no OpenMPI internal transport, only libfabric. Use CXI directly
-- mpirun /pfs/lustref1/flash/project_462000031/lazzaroa/openmpi_on_ss11/osu/osu-ompi//libexec/osu-micro-benchmarks//mpi/collective/osu_alltoall -d rocm D D
[nid005362:88424] Rank 0 bound to package[0][core:0-6]
[nid005362:88424] Rank 2 bound to package[0][core:14-20]
[nid005363:92130] Rank 8 bound to package[0][core:0-6]
[nid005363:92130] Rank 9 bound to package[0][core:7-13]
[nid005362:88424] Rank 1 bound to package[0][core:7-13]
[nid005363:92130] Rank 10 bound to package[0][core:14-20]
[nid005363:92130] Rank 11 bound to package[0][core:21-27]
[nid005363:92130] Rank 12 bound to package[0][core:28-34]
[nid005363:92130] Rank 14 bound to package[0][core:42-48]
[nid005362:88424] Rank 3 bound to package[0][core:21-27]
[nid005362:88424] Rank 4 bound to package[0][core:28-34]
[nid005362:88424] Rank 5 bound to package[0][core:35-41]
[nid005362:88424] Rank 6 bound to package[0][core:42-48]
[nid005362:88424] Rank 7 bound to package[0][core:49-55]
[nid005363:92130] Rank 13 bound to package[0][core:35-41]
[nid005363:92130] Rank 15 bound to package[0][core:49-55]

# OSU MPI-ROCM All-to-All Personalized Exchange Latency Test v7.5.2
# Datatype: MPI_CHAR.
# Size       Avg Latency(us)
1                      30.63
2                      30.89
4                     673.90
8                     673.30
16                    674.86
32                    677.61
64                    678.53
128                   693.76
256                   694.93
512                    31.05
1024                   31.63
2048                   32.88
4096                   35.38
8192                10223.46
16384                 273.64
32768                 282.89
65536                 289.21
131072                290.31
262144                403.04
524288                783.46
1048576              1593.95
-- mpirun /pfs/lustref1/flash/project_462000031/lazzaroa/openmpi_on_ss11/osu/osu-ompi//libexec/osu-micro-benchmarks//mpi/collective/osu_allreduce -d rocm D D
[nid005362:89039] Rank 0 bound to package[0][core:0-6]
[nid005362:89039] Rank 1 bound to package[0][core:7-13]
[nid005362:89039] Rank 2 bound to package[0][core:14-20]
[nid005362:89039] Rank 3 bound to package[0][core:21-27]
[nid005362:89039] Rank 4 bound to package[0][core:28-34]
[nid005362:89039] Rank 5 bound to package[0][core:35-41]
[nid005362:89039] Rank 6 bound to package[0][core:42-48]
[nid005362:89039] Rank 7 bound to package[0][core:49-55]
[nid005363:92600] Rank 8 bound to package[0][core:0-6]
[nid005363:92600] Rank 10 bound to package[0][core:14-20]
[nid005363:92600] Rank 9 bound to package[0][core:7-13]
[nid005363:92600] Rank 12 bound to package[0][core:28-34]
[nid005363:92600] Rank 11 bound to package[0][core:21-27]
[nid005363:92600] Rank 13 bound to package[0][core:35-41]
[nid005363:92600] Rank 15 bound to package[0][core:49-55]
[nid005363:92600] Rank 14 bound to package[0][core:42-48]

# OSU MPI-ROCM Allreduce Latency Test v7.5.2
# Datatype: MPI_INT.
# Size       Avg Latency(us)
4                      36.16
8                      37.41
16                     37.39
32                     37.85
64                     37.00
128                    40.44
256                    40.57
512                    41.33
1024                   41.99
2048                   57.71
4096                   53.74
8192                 5343.90
16384                4534.24
32768                5127.80
65536                3939.81
131072               7228.64
262144               8855.21
524288              18923.20
1048576             33620.85
-- mpirun /pfs/lustref1/flash/project_462000031/lazzaroa/openmpi_on_ss11/osu/osu-ompi//libexec/osu-micro-benchmarks//mpi/collective/osu_allgather -d rocm D D
[nid005362:89604] Rank 0 bound to package[0][core:0-6]
[nid005362:89604] Rank 1 bound to package[0][core:7-13]
[nid005363:92764] Rank 8 bound to package[0][core:0-6]
[nid005363:92764] Rank 10 bound to package[0][core:14-20]
[nid005363:92764] Rank 9 bound to package[0][core:7-13]
[nid005363:92764] Rank 11 bound to package[0][core:21-27]
[nid005363:92764] Rank 12 bound to package[0][core:28-34]
[nid005363:92764] Rank 13 bound to package[0][core:35-41]
[nid005362:89604] Rank 2 bound to package[0][core:14-20]
[nid005363:92764] Rank 14 bound to package[0][core:42-48]
[nid005363:92764] Rank 15 bound to package[0][core:49-55]
[nid005362:89604] Rank 3 bound to package[0][core:21-27]
[nid005362:89604] Rank 4 bound to package[0][core:28-34]
[nid005362:89604] Rank 6 bound to package[0][core:42-48]
[nid005362:89604] Rank 5 bound to package[0][core:35-41]
[nid005362:89604] Rank 7 bound to package[0][core:49-55]

# OSU MPI-ROCM Allgather Latency Test v7.5.2
# Datatype: MPI_CHAR.
# Size       Avg Latency(us)
1                      50.50
2                      50.13
4                      48.71
8                      49.13
16                     49.92
32                     51.29
64                     52.21
128                    52.60
256                    73.03
512                  2377.58
1024                 3790.95
2048                 2681.20
4096                 2405.55
8192                 1390.57
16384                1099.04
32768                 851.06
65536                 708.26
131072                929.50
262144               1496.60
524288               2713.85
1048576              5144.60
-- mpirun /pfs/lustref1/flash/project_462000031/lazzaroa/openmpi_on_ss11/osu/osu-ompi//libexec/osu-micro-benchmarks//mpi/collective/osu_allreduce H H
[nid005362:90338] Rank 0 bound to package[0][core:0-6]
[nid005362:90338] Rank 1 bound to package[0][core:7-13]
[nid005362:90338] Rank 2 bound to package[0][core:14-20]
[nid005363:92933] Rank 8 bound to package[0][core:0-6]
[nid005362:90338] Rank 4 bound to package[0][core:28-34]
[nid005362:90338] Rank 5 bound to package[0][core:35-41]
[nid005362:90338] Rank 3 bound to package[0][core:21-27]
[nid005362:90338] Rank 7 bound to package[0][core:49-55]
[nid005362:90338] Rank 6 bound to package[0][core:42-48]
[nid005363:92933] Rank 9 bound to package[0][core:7-13]
[nid005363:92933] Rank 10 bound to package[0][core:14-20]
[nid005363:92933] Rank 11 bound to package[0][core:21-27]
[nid005363:92933] Rank 12 bound to package[0][core:28-34]
[nid005363:92933] Rank 13 bound to package[0][core:35-41]
[nid005363:92933] Rank 15 bound to package[0][core:49-55]
[nid005363:92933] Rank 14 bound to package[0][core:42-48]

# OSU MPI Allreduce Latency Test v7.5.2
# Datatype: MPI_INT.
# Size       Avg Latency(us)
4                      20.31
8                      20.81
16                     20.84
32                     21.47
64                     20.99
128                    24.14
256                    27.05
512                    27.41
1024                   28.39
2048                   41.83
4096                   37.62
8192                   38.87
16384                  45.75
32768                  76.55
65536                 120.40
131072                185.12
262144                312.53
524288                589.24
1048576              1155.88
-- mpirun /pfs/lustref1/flash/project_462000031/lazzaroa/openmpi_on_ss11/osu/osu-ompi//libexec/osu-micro-benchmarks//mpi/collective/osu_alltoall H H
[nid005363:93074] Rank 8 bound to package[0][core:0-6]
[nid005363:93074] Rank 10 bound to package[0][core:14-20]
[nid005363:93074] Rank 9 bound to package[0][core:7-13]
[nid005363:93074] Rank 11 bound to package[0][core:21-27]
[nid005363:93074] Rank 12 bound to package[0][core:28-34]
[nid005363:93074] Rank 13 bound to package[0][core:35-41]
[nid005363:93074] Rank 14 bound to package[0][core:42-48]
[nid005363:93074] Rank 15 bound to package[0][core:49-55]
[nid005362:90522] Rank 0 bound to package[0][core:0-6]
[nid005362:90522] Rank 1 bound to package[0][core:7-13]
[nid005362:90522] Rank 2 bound to package[0][core:14-20]
[nid005362:90522] Rank 3 bound to package[0][core:21-27]
[nid005362:90522] Rank 4 bound to package[0][core:28-34]
[nid005362:90522] Rank 7 bound to package[0][core:49-55]
[nid005362:90522] Rank 5 bound to package[0][core:35-41]
[nid005362:90522] Rank 6 bound to package[0][core:42-48]

# OSU MPI All-to-All Personalized Exchange Latency Test v7.5.2
# Datatype: MPI_CHAR.
# Size       Avg Latency(us)
1                      20.58
2                      20.43
4                      27.34
8                      27.24
16                     28.48
32                     32.13
64                     32.47
128                    41.96
256                    34.33
512                    21.52
1024                   22.08
2048                   22.86
4096                   24.65
8192                   32.78
16384                  52.55
32768                  78.69
65536                 133.28
131072                245.77
262144                485.16
524288                996.73
1048576              2129.38
-- mpirun /pfs/lustref1/flash/project_462000031/lazzaroa/openmpi_on_ss11/osu/osu-ompi//libexec/osu-micro-benchmarks//mpi/collective/osu_allgather H H
[nid005363:93215] Rank 8 bound to package[0][core:0-6]
[nid005362:90772] Rank 0 bound to package[0][core:0-6]
[nid005363:93215] Rank 10 bound to package[0][core:14-20]
[nid005362:90772] Rank 1 bound to package[0][core:7-13]
[nid005363:93215] Rank 9 bound to package[0][core:7-13]
[nid005363:93215] Rank 11 bound to package[0][core:21-27]
[nid005363:93215] Rank 12 bound to package[0][core:28-34]
[nid005363:93215] Rank 13 bound to package[0][core:35-41]
[nid005363:93215] Rank 14 bound to package[0][core:42-48]
[nid005363:93215] Rank 15 bound to package[0][core:49-55]
[nid005362:90772] Rank 2 bound to package[0][core:14-20]
[nid005362:90772] Rank 3 bound to package[0][core:21-27]
[nid005362:90772] Rank 4 bound to package[0][core:28-34]
[nid005362:90772] Rank 5 bound to package[0][core:35-41]
[nid005362:90772] Rank 7 bound to package[0][core:49-55]
[nid005362:90772] Rank 6 bound to package[0][core:42-48]

# OSU MPI Allgather Latency Test v7.5.2
# Datatype: MPI_CHAR.
# Size       Avg Latency(us)
1                      19.66
2                      19.73
4                      18.99
8                      19.28
16                     21.22
32                     22.60
64                     23.42
128                    24.53
256                    41.81
512                    29.38
1024                   32.49
2048                   37.44
4096                   52.23
8192                   75.69
16384                 118.54
32768                 198.48
65536                 352.07
131072                661.03
262144               1284.63
524288               2526.67
1048576              5015.74
========
_n16_hybrid_16560244
========
no OpenMPI internal transport, only libfabric. Use CXI directly
-- mpirun /pfs/lustref1/flash/project_462000031/lazzaroa/openmpi_on_ss11/osu/osu-ompi//libexec/osu-micro-benchmarks//mpi/collective/osu_alltoall -d rocm D D
[nid005362:91008] Rank 0 bound to package[0][core:0-6]
[nid005362:91008] Rank 1 bound to package[0][core:7-13]
[nid005362:91008] Rank 2 bound to package[0][core:14-20]
[nid005362:91008] Rank 5 bound to package[0][core:35-41]
[nid005362:91008] Rank 4 bound to package[0][core:28-34]
[nid005362:91008] Rank 3 bound to package[0][core:21-27]
[nid005362:91008] Rank 6 bound to package[0][core:42-48]
[nid005362:91008] Rank 7 bound to package[0][core:49-55]
[nid005363:93364] Rank 9 bound to package[0][core:7-13]
[nid005363:93364] Rank 10 bound to package[0][core:14-20]
[nid005363:93364] Rank 8 bound to package[0][core:0-6]
[nid005363:93364] Rank 11 bound to package[0][core:21-27]
[nid005363:93364] Rank 12 bound to package[0][core:28-34]
[nid005363:93364] Rank 14 bound to package[0][core:42-48]
[nid005363:93364] Rank 13 bound to package[0][core:35-41]
[nid005363:93364] Rank 15 bound to package[0][core:49-55]

# OSU MPI-ROCM All-to-All Personalized Exchange Latency Test v7.5.2
# Datatype: MPI_CHAR.
# Size       Avg Latency(us)
1                      33.80
2                      34.07
4                     701.30
8                     740.55
16                    722.41
32                    694.22
64                    699.40
128                   708.60
256                   713.81
512                    34.37
1024                   34.59
2048                   35.04
4096                   35.83
8192                   41.53
16384                  52.09
32768                  73.65
65536                 119.83
131072                211.84
262144                404.14
524288                792.82
1048576              1613.93
-- mpirun /pfs/lustref1/flash/project_462000031/lazzaroa/openmpi_on_ss11/osu/osu-ompi//libexec/osu-micro-benchmarks//mpi/collective/osu_allreduce -d rocm D D
[nid005362:91357] Rank 0 bound to package[0][core:0-6]
[nid005362:91357] Rank 1 bound to package[0][core:7-13]
[nid005362:91357] Rank 2 bound to package[0][core:14-20]
[nid005362:91357] Rank 3 bound to package[0][core:21-27]
[nid005362:91357] Rank 4 bound to package[0][core:28-34]
[nid005362:91357] Rank 5 bound to package[0][core:35-41]
[nid005362:91357] Rank 6 bound to package[0][core:42-48]
[nid005362:91357] Rank 7 bound to package[0][core:49-55]
[nid005363:93521] Rank 9 bound to package[0][core:7-13]
[nid005363:93521] Rank 10 bound to package[0][core:14-20]
[nid005363:93521] Rank 11 bound to package[0][core:21-27]
[nid005363:93521] Rank 12 bound to package[0][core:28-34]
[nid005363:93521] Rank 8 bound to package[0][core:0-6]
[nid005363:93521] Rank 13 bound to package[0][core:35-41]
[nid005363:93521] Rank 14 bound to package[0][core:42-48]
[nid005363:93521] Rank 15 bound to package[0][core:49-55]

# OSU MPI-ROCM Allreduce Latency Test v7.5.2
# Datatype: MPI_INT.
# Size       Avg Latency(us)
4                      36.39
8                      37.55
16                     37.61
32                     38.05
64                     36.91
128                    40.55
256                    40.09
512                    40.48
1024                   41.66
2048                   43.19
4096                   47.91
8192                 1333.46
16384                1182.01
32768                 960.90
65536                 135.56
131072               1595.93
262144               4507.77
524288               6228.94
1048576              4046.63
-- mpirun /pfs/lustref1/flash/project_462000031/lazzaroa/openmpi_on_ss11/osu/osu-ompi//libexec/osu-micro-benchmarks//mpi/collective/osu_allgather -d rocm D D
[nid005363:93674] Rank 8 bound to package[0][core:0-6]
[nid005363:93674] Rank 10 bound to package[0][core:14-20]
[nid005363:93674] Rank 9 bound to package[0][core:7-13]
[nid005363:93674] Rank 11 bound to package[0][core:21-27]
[nid005363:93674] Rank 12 bound to package[0][core:28-34]
[nid005363:93674] Rank 13 bound to package[0][core:35-41]
[nid005363:93674] Rank 15 bound to package[0][core:49-55]
[nid005363:93674] Rank 14 bound to package[0][core:42-48]
[nid005362:91684] Rank 0 bound to package[0][core:0-6]
[nid005362:91684] Rank 2 bound to package[0][core:14-20]
[nid005362:91684] Rank 3 bound to package[0][core:21-27]
[nid005362:91684] Rank 4 bound to package[0][core:28-34]
[nid005362:91684] Rank 1 bound to package[0][core:7-13]
[nid005362:91684] Rank 5 bound to package[0][core:35-41]
[nid005362:91684] Rank 7 bound to package[0][core:49-55]
[nid005362:91684] Rank 6 bound to package[0][core:42-48]

# OSU MPI-ROCM Allgather Latency Test v7.5.2
# Datatype: MPI_CHAR.
# Size       Avg Latency(us)
1                      51.42
2                      50.98
4                      49.35
8                      49.81
16                     51.87
32                     53.58
64                     53.98
128                    52.60
256                    55.20
512                    56.65
1024                  225.41
2048                  106.65
4096                  115.31
8192                  447.40
16384                 280.40
32768                 443.13
65536                 650.36
131072               1303.16
262144               1579.78
524288               2974.60
1048576              5815.35
-- mpirun /pfs/lustref1/flash/project_462000031/lazzaroa/openmpi_on_ss11/osu/osu-ompi//libexec/osu-micro-benchmarks//mpi/collective/osu_allreduce H H
[nid005363:93833] Rank 8 bound to package[0][core:0-6]
[nid005363:93833] Rank 9 bound to package[0][core:7-13]
[nid005363:93833] Rank 10 bound to package[0][core:14-20]
[nid005363:93833] Rank 11 bound to package[0][core:21-27]
[nid005363:93833] Rank 12 bound to package[0][core:28-34]
[nid005363:93833] Rank 13 bound to package[0][core:35-41]
[nid005363:93833] Rank 14 bound to package[0][core:42-48]
[nid005363:93833] Rank 15 bound to package[0][core:49-55]
[nid005362:91977] Rank 0 bound to package[0][core:0-6]
[nid005362:91977] Rank 2 bound to package[0][core:14-20]
[nid005362:91977] Rank 1 bound to package[0][core:7-13]
[nid005362:91977] Rank 3 bound to package[0][core:21-27]
[nid005362:91977] Rank 4 bound to package[0][core:28-34]
[nid005362:91977] Rank 7 bound to package[0][core:49-55]
[nid005362:91977] Rank 5 bound to package[0][core:35-41]
[nid005362:91977] Rank 6 bound to package[0][core:42-48]

# OSU MPI Allreduce Latency Test v7.5.2
# Datatype: MPI_INT.
# Size       Avg Latency(us)
4                      19.28
8                      19.73
16                     19.73
32                     20.33
64                     19.68
128                    22.96
256                    25.16
512                    25.49
1024                   26.21
2048                   27.41
4096                   31.26
8192                   33.57
16384                  38.20
32768                  61.04
65536                 113.09
131072                229.16
262144                416.15
524288                806.12
1048576              1214.99
-- mpirun /pfs/lustref1/flash/project_462000031/lazzaroa/openmpi_on_ss11/osu/osu-ompi//libexec/osu-micro-benchmarks//mpi/collective/osu_alltoall H H
[nid005362:92175] Rank 0 bound to package[0][core:0-6]
[nid005362:92175] Rank 1 bound to package[0][core:7-13]
[nid005362:92175] Rank 3 bound to package[0][core:21-27]
[nid005362:92175] Rank 4 bound to package[0][core:28-34]
[nid005362:92175] Rank 2 bound to package[0][core:14-20]
[nid005362:92175] Rank 5 bound to package[0][core:35-41]
[nid005362:92175] Rank 6 bound to package[0][core:42-48]
[nid005362:92175] Rank 7 bound to package[0][core:49-55]
[nid005363:93976] Rank 10 bound to package[0][core:14-20]
[nid005363:93976] Rank 9 bound to package[0][core:7-13]
[nid005363:93976] Rank 11 bound to package[0][core:21-27]
[nid005363:93976] Rank 12 bound to package[0][core:28-34]
[nid005363:93976] Rank 13 bound to package[0][core:35-41]
[nid005363:93976] Rank 8 bound to package[0][core:0-6]
[nid005363:93976] Rank 14 bound to package[0][core:42-48]
[nid005363:93976] Rank 15 bound to package[0][core:49-55]

# OSU MPI All-to-All Personalized Exchange Latency Test v7.5.2
# Datatype: MPI_CHAR.
# Size       Avg Latency(us)
1                      23.96
2                      23.84
4                      28.26
8                      28.13
16                     29.22
32                     32.59
64                     32.81
128                    33.21
256                    34.38
512                    24.41
1024                   24.71
2048                   25.13
4096                   25.60
8192                   30.61
16384                  44.69
32768                  73.57
65536                 130.87
131072                245.64
262144                485.70
524288               1017.32
1048576              2187.62
-- mpirun /pfs/lustref1/flash/project_462000031/lazzaroa/openmpi_on_ss11/osu/osu-ompi//libexec/osu-micro-benchmarks//mpi/collective/osu_allgather H H
[nid005363:94119] Rank 9 bound to package[0][core:7-13]
[nid005363:94119] Rank 10 bound to package[0][core:14-20]
[nid005363:94119] Rank 11 bound to package[0][core:21-27]
[nid005363:94119] Rank 8 bound to package[0][core:0-6]
[nid005363:94119] Rank 12 bound to package[0][core:28-34]
[nid005363:94119] Rank 13 bound to package[0][core:35-41]
[nid005363:94119] Rank 14 bound to package[0][core:42-48]
[nid005363:94119] Rank 15 bound to package[0][core:49-55]
[nid005362:92427] Rank 0 bound to package[0][core:0-6]
[nid005362:92427] Rank 2 bound to package[0][core:14-20]
[nid005362:92427] Rank 1 bound to package[0][core:7-13]
[nid005362:92427] Rank 5 bound to package[0][core:35-41]
[nid005362:92427] Rank 4 bound to package[0][core:28-34]
[nid005362:92427] Rank 3 bound to package[0][core:21-27]
[nid005362:92427] Rank 7 bound to package[0][core:49-55]
[nid005362:92427] Rank 6 bound to package[0][core:42-48]

# OSU MPI Allgather Latency Test v7.5.2
# Datatype: MPI_CHAR.
# Size       Avg Latency(us)
1                      18.00
2                      17.98
4                      17.15
8                      17.47
16                     19.29
32                     20.87
64                     21.66
128                    22.35
256                    24.31
512                    25.61
1024                   27.05
2048                   31.11
4096                   42.57
8192                   64.39
16384                 111.79
32768                 200.24
65536                 385.14
131072                854.13
262144               1502.50
524288               3031.72
1048576              6057.52
-- mpirun /pfs/lustref1/flash/project_462000031/lazzaroa/openmpi_on_ss11/osu/osu-ompi//libexec/osu-micro-benchmarks//xccl/collective/osu_xccl_alltoall -d rocm D D
[nid005363:94264] Rank 8 bound to package[0][core:0-6]
[nid005363:94264] Rank 10 bound to package[0][core:14-20]
[nid005363:94264] Rank 11 bound to package[0][core:21-27]
[nid005363:94264] Rank 9 bound to package[0][core:7-13]
[nid005363:94264] Rank 12 bound to package[0][core:28-34]
[nid005363:94264] Rank 13 bound to package[0][core:35-41]
[nid005363:94264] Rank 14 bound to package[0][core:42-48]
[nid005363:94264] Rank 15 bound to package[0][core:49-55]
[nid005362:92690] Rank 0 bound to package[0][core:0-6]
[nid005362:92690] Rank 2 bound to package[0][core:14-20]
[nid005362:92690] Rank 3 bound to package[0][core:21-27]
[nid005362:92690] Rank 1 bound to package[0][core:7-13]
[nid005362:92690] Rank 4 bound to package[0][core:28-34]
[nid005362:92690] Rank 6 bound to package[0][core:42-48]
[nid005362:92690] Rank 5 bound to package[0][core:35-41]
[nid005362:92690] Rank 7 bound to package[0][core:49-55]
#Using RCCL
#Using RCCL
#Using RCCL
#Using RCCL
#Using RCCL
#Using RCCL
#Using RCCL
#Using RCCL
#Using RCCL
#Using RCCL
#Using RCCL
#Using RCCL
#Using RCCL
#Using RCCL
#Using RCCL
#Using RCCL

# OSU RCCL-ROCM All-to-All Personalized Exchange Latency Test v7.5.2
# Size       Avg Latency(us)
1                      90.55
2                      89.59
4                      89.39
8                      89.72
16                     89.65
32                     89.94
64                     90.21
128                    90.72
256                    90.20
512                    90.52
1024                   90.91
2048                   92.96
4096                   98.08
8192                  800.42
16384                 629.58
32768                 986.49
65536                3685.07
131072               2526.23
262144               7133.41
524288              11435.22
1048576             11861.12
-- mpirun /pfs/lustref1/flash/project_462000031/lazzaroa/openmpi_on_ss11/osu/osu-ompi//libexec/osu-micro-benchmarks//xccl/collective/osu_xccl_allreduce -d rocm D D
[nid005362:93282] Rank 0 bound to package[0][core:0-6]
[nid005363:94550] Rank 8 bound to package[0][core:0-6]
[nid005362:93282] Rank 1 bound to package[0][core:7-13]
[nid005363:94550] Rank 9 bound to package[0][core:7-13]
[nid005362:93282] Rank 2 bound to package[0][core:14-20]
[nid005362:93282] Rank 3 bound to package[0][core:21-27]
[nid005362:93282] Rank 4 bound to package[0][core:28-34]
[nid005362:93282] Rank 6 bound to package[0][core:42-48]
[nid005362:93282] Rank 5 bound to package[0][core:35-41]
[nid005362:93282] Rank 7 bound to package[0][core:49-55]
[nid005363:94550] Rank 10 bound to package[0][core:14-20]
[nid005363:94550] Rank 11 bound to package[0][core:21-27]
[nid005363:94550] Rank 14 bound to package[0][core:42-48]
[nid005363:94550] Rank 13 bound to package[0][core:35-41]
[nid005363:94550] Rank 12 bound to package[0][core:28-34]
[nid005363:94550] Rank 15 bound to package[0][core:49-55]
#Using RCCL
#Using RCCL
#Using RCCL
#Using RCCL
#Using RCCL
#Using RCCL
#Using RCCL
#Using RCCL
#Using RCCL
#Using RCCL
#Using RCCL
#Using RCCL
#Using RCCL
#Using RCCL
#Using RCCL
#Using RCCL

# OSU RCCL-ROCM Allreduce Latency Test v7.5.2
# Size       Avg Latency(us)
4                     109.36
8                     108.62
16                     99.30
32                     99.24
64                     41.83
128                    42.39
256                    43.68
512                    45.08
1024                   46.73
2048                   50.39
4096                   54.20
8192                  110.54
16384                 119.37
32768                 119.62
65536                 121.09
131072                149.26
262144                167.03
524288                200.61
1048576               260.63
-- mpirun /pfs/lustref1/flash/project_462000031/lazzaroa/openmpi_on_ss11/osu/osu-ompi//libexec/osu-micro-benchmarks//xccl/collective/osu_xccl_allgather -d rocm D D
[nid005363:94733] Rank 8 bound to package[0][core:0-6]
[nid005363:94733] Rank 9 bound to package[0][core:7-13]
[nid005362:93599] Rank 2 bound to package[0][core:14-20]
[nid005363:94733] Rank 10 bound to package[0][core:14-20]
[nid005362:93599] Rank 3 bound to package[0][core:21-27]
[nid005363:94733] Rank 11 bound to package[0][core:21-27]
[nid005363:94733] Rank 12 bound to package[0][core:28-34]
[nid005363:94733] Rank 14 bound to package[0][core:42-48]
[nid005363:94733] Rank 15 bound to package[0][core:49-55]
[nid005363:94733] Rank 13 bound to package[0][core:35-41]
[nid005362:93599] Rank 6 bound to package[0][core:42-48]
[nid005362:93599] Rank 7 bound to package[0][core:49-55]
[nid005362:93599] Rank 4 bound to package[0][core:28-34]
[nid005362:93599] Rank 5 bound to package[0][core:35-41]
[nid005362:93599] Rank 1 bound to package[0][core:7-13]
[nid005362:93599] Rank 0 bound to package[0][core:0-6]
#Using RCCL
#Using RCCL
#Using RCCL
#Using RCCL
#Using RCCL
#Using RCCL
#Using RCCL
#Using RCCL
#Using RCCL
#Using RCCL
#Using RCCL
#Using RCCL
#Using RCCL
#Using RCCL
#Using RCCL
#Using RCCL

# OSU RCCL-ROCM Allgather Latency Test v7.5.2
# Size       Avg Latency(us)
1                      58.14
2                      57.83
4                      57.81
8                      58.02
16                     57.91
32                     57.98
64                     58.30
128                    59.24
256                    59.38
512                    60.50
1024                   63.71
2048                   70.70
4096                  217.99
8192                  223.95
16384                 239.77
32768               20650.66
65536                2079.40
131072                862.99
262144               1561.56
524288               1509.73
1048576              1275.42
RCCL-tests
-- mpirun alltoall_perf -d uint8 -b 1 -e 128M -f 2 -g 1
[nid005362:93996] Rank 0 bound to package[0][core:0-6]
[nid005362:93996] Rank 2 bound to package[0][core:14-20]
[nid005362:93996] Rank 1 bound to package[0][core:7-13]
[nid005362:93996] Rank 3 bound to package[0][core:21-27]
[nid005362:93996] Rank 4 bound to package[0][core:28-34]
[nid005362:93996] Rank 6 bound to package[0][core:42-48]
[nid005362:93996] Rank 7 bound to package[0][core:49-55]
[nid005362:93996] Rank 5 bound to package[0][core:35-41]
[nid005363:94917] Rank 8 bound to package[0][core:0-6]
[nid005363:94917] Rank 9 bound to package[0][core:7-13]
[nid005363:94917] Rank 10 bound to package[0][core:14-20]
[nid005363:94917] Rank 11 bound to package[0][core:21-27]
[nid005363:94917] Rank 13 bound to package[0][core:35-41]
[nid005363:94917] Rank 12 bound to package[0][core:28-34]
[nid005363:94917] Rank 14 bound to package[0][core:42-48]
[nid005363:94917] Rank 15 bound to package[0][core:49-55]
# Collective test starting: alltoall_perf
# nThread 1 nGpus 1 minBytes 1 maxBytes 134217728 step: 2(factor) warmup iters: 5 iters: 20 agg iters: 1 validation: 1 graph: 0
#
rccl-tests: Version develop_deprecated:40b1b17
# Using devices
#  Rank  0 Group  0 Pid  94038 on  nid005362 device  0 [0000:d1:00] AMD Instinct MI250X
#  Rank  1 Group  0 Pid  94040 on  nid005362 device  0 [0000:d6:00] AMD Instinct MI250X
#  Rank  2 Group  0 Pid  94039 on  nid005362 device  0 [0000:c9:00] AMD Instinct MI250X
#  Rank  3 Group  0 Pid  94041 on  nid005362 device  0 [0000:ce:00] AMD Instinct MI250X
#  Rank  4 Group  0 Pid  94042 on  nid005362 device  0 [0000:d9:00] AMD Instinct MI250X
#  Rank  5 Group  0 Pid  94051 on  nid005362 device  0 [0000:de:00] AMD Instinct MI250X
#  Rank  6 Group  0 Pid  94044 on  nid005362 device  0 [0000:c1:00] AMD Instinct MI250X
#  Rank  7 Group  0 Pid  94049 on  nid005362 device  0 [0000:c6:00] AMD Instinct MI250X
#  Rank  8 Group  0 Pid  94944 on  nid005363 device  0 [0000:d1:00] AMD Instinct MI250X
#  Rank  9 Group  0 Pid  94945 on  nid005363 device  0 [0000:d6:00] AMD Instinct MI250X
#  Rank 10 Group  0 Pid  94946 on  nid005363 device  0 [0000:c9:00] AMD Instinct MI250X
#  Rank 11 Group  0 Pid  94947 on  nid005363 device  0 [0000:ce:00] AMD Instinct MI250X
#  Rank 12 Group  0 Pid  94949 on  nid005363 device  0 [0000:d9:00] AMD Instinct MI250X
#  Rank 13 Group  0 Pid  94948 on  nid005363 device  0 [0000:de:00] AMD Instinct MI250X
#  Rank 14 Group  0 Pid  94955 on  nid005363 device  0 [0000:c1:00] AMD Instinct MI250X
#  Rank 15 Group  0 Pid  94958 on  nid005363 device  0 [0000:c6:00] AMD Instinct MI250X
#
#                                                              out-of-place                       in-place          
#       size         count      type   redop    root     time   algbw   busbw #wrong     time   algbw   busbw #wrong                               
#        (B)    (elements)                               (us)  (GB/s)  (GB/s)            (us)  (GB/s)  (GB/s)                                      
           0             0     uint8    none      -1     0.12    0.00    0.00      0     0.09    0.00    0.00    N/A
           0             0     uint8    none      -1     0.08    0.00    0.00      0     0.08    0.00    0.00    N/A
           0             0     uint8    none      -1     0.08    0.00    0.00      0     0.08    0.00    0.00    N/A
           0             0     uint8    none      -1     0.08    0.00    0.00      0     0.08    0.00    0.00    N/A
           0             0     uint8    none      -1     0.08    0.00    0.00      0     0.08    0.00    0.00    N/A
           0             0     uint8    none      -1     0.08    0.00    0.00      0     0.08    0.00    0.00    N/A
           0             0     uint8    none      -1     0.08    0.00    0.00      0     0.08    0.00    0.00    N/A
           0             0     uint8    none      -1     0.08    0.00    0.00      0     0.08    0.00    0.00    N/A
         256            16     uint8    none      -1    82.56    0.00    0.00      0    158.1    0.00    0.00    N/A
         512            32     uint8    none      -1    70.77    0.01    0.01      0    69.17    0.01    0.01    N/A
        1024            64     uint8    none      -1    70.28    0.01    0.01      0    70.31    0.01    0.01    N/A
        2048           128     uint8    none      -1    71.15    0.03    0.03      0    70.00    0.03    0.03    N/A
        4096           256     uint8    none      -1    70.10    0.06    0.05      0    69.58    0.06    0.06    N/A
        8192           512     uint8    none      -1    70.57    0.12    0.11      0    69.37    0.12    0.11    N/A
       16384          1024     uint8    none      -1    70.68    0.23    0.22      0    70.27    0.23    0.22    N/A
       32768          2048     uint8    none      -1    72.98    0.45    0.42      0    72.15    0.45    0.43    N/A
       65536          4096     uint8    none      -1    77.75    0.84    0.79      0    75.72    0.87    0.81    N/A
      131072          8192     uint8    none      -1   7850.4    0.02    0.02      0   7154.8    0.02    0.02    N/A
      262144         16384     uint8    none      -1   6776.2    0.04    0.04      0   5612.9    0.05    0.04    N/A
      524288         32768     uint8    none      -1   7264.3    0.07    0.07      0   5347.0    0.10    0.09    N/A
     1048576         65536     uint8    none      -1    12458    0.08    0.08      0    13073    0.08    0.08    N/A
     2097152        131072     uint8    none      -1    10476    0.20    0.19      0    11066    0.19    0.18    N/A
     4194304        262144     uint8    none      -1    21798    0.19    0.18      0    21183    0.20    0.19    N/A
     8388608        524288     uint8    none      -1    34337    0.24    0.23      0    34042    0.25    0.23    N/A
    16777216       1048576     uint8    none      -1    32739    0.51    0.48      0    28212    0.59    0.56    N/A
    33554432       2097152     uint8    none      -1    11589    2.90    2.71      0   2479.6   13.53   12.69    N/A
    67108864       4194304     uint8    none      -1   5758.0   11.65   10.93      0   5688.2   11.80   11.06    N/A
   134217728       8388608     uint8    none      -1    11975   11.21   10.51      0    11409   11.76   11.03    N/A
# Errors with asterisks indicate errors that have exceeded the maximum threshold.
# Out of bounds values : 0 OK
# Avg bus bandwidth    : 1.15881 
#
# Collective test concluded: alltoall_perf

-- mpirun all_reduce_perf -d uint8 -b 1 -e 128M -f 2 -g 1
[nid005362:94483] Rank 0 bound to package[0][core:0-6]
[nid005363:95116] Rank 9 bound to package[0][core:7-13]
[nid005362:94483] Rank 1 bound to package[0][core:7-13]
[nid005362:94483] Rank 2 bound to package[0][core:14-20]
[nid005362:94483] Rank 3 bound to package[0][core:21-27]
[nid005362:94483] Rank 4 bound to package[0][core:28-34]
[nid005362:94483] Rank 5 bound to package[0][core:35-41]
[nid005362:94483] Rank 6 bound to package[0][core:42-48]
[nid005362:94483] Rank 7 bound to package[0][core:49-55]
[nid005363:95116] Rank 8 bound to package[0][core:0-6]
[nid005363:95116] Rank 10 bound to package[0][core:14-20]
[nid005363:95116] Rank 11 bound to package[0][core:21-27]
[nid005363:95116] Rank 12 bound to package[0][core:28-34]
[nid005363:95116] Rank 13 bound to package[0][core:35-41]
[nid005363:95116] Rank 15 bound to package[0][core:49-55]
[nid005363:95116] Rank 14 bound to package[0][core:42-48]
# Collective test starting: all_reduce_perf
# nThread 1 nGpus 1 minBytes 1 maxBytes 134217728 step: 2(factor) warmup iters: 5 iters: 20 agg iters: 1 validation: 1 graph: 0
#
rccl-tests: Version develop_deprecated:40b1b17
# Using devices
#  Rank  0 Group  0 Pid  94510 on  nid005362 device  0 [0000:d1:00] AMD Instinct MI250X
#  Rank  1 Group  0 Pid  94511 on  nid005362 device  0 [0000:d6:00] AMD Instinct MI250X
#  Rank  2 Group  0 Pid  94512 on  nid005362 device  0 [0000:c9:00] AMD Instinct MI250X
#  Rank  3 Group  0 Pid  94513 on  nid005362 device  0 [0000:ce:00] AMD Instinct MI250X
#  Rank  4 Group  0 Pid  94514 on  nid005362 device  0 [0000:d9:00] AMD Instinct MI250X
#  Rank  5 Group  0 Pid  94516 on  nid005362 device  0 [0000:de:00] AMD Instinct MI250X
#  Rank  6 Group  0 Pid  94518 on  nid005362 device  0 [0000:c1:00] AMD Instinct MI250X
#  Rank  7 Group  0 Pid  94523 on  nid005362 device  0 [0000:c6:00] AMD Instinct MI250X
#  Rank  8 Group  0 Pid  95144 on  nid005363 device  0 [0000:d1:00] AMD Instinct MI250X
#  Rank  9 Group  0 Pid  95143 on  nid005363 device  0 [0000:d6:00] AMD Instinct MI250X
#  Rank 10 Group  0 Pid  95145 on  nid005363 device  0 [0000:c9:00] AMD Instinct MI250X
#  Rank 11 Group  0 Pid  95146 on  nid005363 device  0 [0000:ce:00] AMD Instinct MI250X
#  Rank 12 Group  0 Pid  95147 on  nid005363 device  0 [0000:d9:00] AMD Instinct MI250X
#  Rank 13 Group  0 Pid  95150 on  nid005363 device  0 [0000:de:00] AMD Instinct MI250X
#  Rank 14 Group  0 Pid  95154 on  nid005363 device  0 [0000:c1:00] AMD Instinct MI250X
#  Rank 15 Group  0 Pid  95152 on  nid005363 device  0 [0000:c6:00] AMD Instinct MI250X
#
#                                                              out-of-place                       in-place          
#       size         count      type   redop    root     time   algbw   busbw #wrong     time   algbw   busbw #wrong                               
#        (B)    (elements)                               (us)  (GB/s)  (GB/s)            (us)  (GB/s)  (GB/s)                                      
           1             1     uint8     sum      -1    103.1    0.00    0.00      0    84.00    0.00    0.00      0
           2             2     uint8     sum      -1    89.25    0.00    0.00      0    83.19    0.00    0.00      0
           4             4     uint8     sum      -1    82.25    0.00    0.00      0    76.85    0.00    0.00      0
           8             8     uint8     sum      -1    77.90    0.00    0.00      0    79.10    0.00    0.00      0
          16            16     uint8     sum      -1    78.11    0.00    0.00      0    77.10    0.00    0.00      0
          32            32     uint8     sum      -1    79.54    0.00    0.00      0    76.31    0.00    0.00      0
          64            64     uint8     sum      -1    33.70    0.00    0.00      0    34.83    0.00    0.00      0
         128           128     uint8     sum      -1    33.83    0.00    0.01      0    35.09    0.00    0.01      0
         256           256     uint8     sum      -1    35.17    0.01    0.01      0    33.72    0.01    0.01      0
         512           512     uint8     sum      -1    35.85    0.01    0.03      0    35.89    0.01    0.03      0
        1024          1024     uint8     sum      -1    37.98    0.03    0.05      0    38.40    0.03    0.05      0
        2048          2048     uint8     sum      -1    39.64    0.05    0.10      0    39.89    0.05    0.10      0
        4096          4096     uint8     sum      -1    39.67    0.10    0.19      0    38.81    0.11    0.20      0
        8192          8192     uint8     sum      -1    89.25    0.09    0.17      0    85.47    0.10    0.18      0
       16384         16384     uint8     sum      -1    99.26    0.17    0.31      0    102.6    0.16    0.30      0
       32768         32768     uint8     sum      -1    98.68    0.33    0.62      0    97.07    0.34    0.63      0
       65536         65536     uint8     sum      -1    102.8    0.64    1.20      0    101.6    0.64    1.21      0
      131072        131072     uint8     sum      -1    138.3    0.95    1.78      0    137.9    0.95    1.78      0
      262144        262144     uint8     sum      -1    155.0    1.69    3.17      0    156.8    1.67    3.14      0
      524288        524288     uint8     sum      -1    192.5    2.72    5.11      0    192.0    2.73    5.12      0
     1048576       1048576     uint8     sum      -1    309.8    3.38    6.35      0    261.9    4.00    7.51      0
     2097152       2097152     uint8     sum      -1    366.9    5.72   10.72      0    365.1    5.74   10.77      0
     4194304       4194304     uint8     sum      -1    16980    0.25    0.46      0    24315    0.17    0.32      0
     8388608       8388608     uint8     sum      -1    69049    0.12    0.23      0    33543    0.25    0.47      0
    16777216      16777216     uint8     sum      -1   4223.3    3.97    7.45      0   4169.9    4.02    7.54      0
    33554432      33554432     uint8     sum      -1   4236.4    7.92   14.85      0   4233.0    7.93   14.86      0
    67108864      67108864     uint8     sum      -1   5265.9   12.74   23.89      0   5265.4   12.75   23.90      0
   134217728     134217728     uint8     sum      -1    10504   12.78   23.96      0    10503   12.78   23.96      0
# Errors with asterisks indicate errors that have exceeded the maximum threshold.
# Out of bounds values : 0 OK
# Avg bus bandwidth    : 3.62044 
#
# Collective test concluded: all_reduce_perf

-- mpirun all_gather_perf -d uint8 -b 1 -e 128M -f 2 -g 1
[nid005363:95311] Rank 8 bound to package[0][core:0-6]
[nid005363:95311] Rank 10 bound to package[0][core:14-20]
[nid005363:95311] Rank 9 bound to package[0][core:7-13]
[nid005363:95311] Rank 11 bound to package[0][core:21-27]
[nid005363:95311] Rank 12 bound to package[0][core:28-34]
[nid005363:95311] Rank 13 bound to package[0][core:35-41]
[nid005363:95311] Rank 14 bound to package[0][core:42-48]
[nid005363:95311] Rank 15 bound to package[0][core:49-55]
[nid005362:94882] Rank 0 bound to package[0][core:0-6]
[nid005362:94882] Rank 1 bound to package[0][core:7-13]
[nid005362:94882] Rank 2 bound to package[0][core:14-20]
[nid005362:94882] Rank 3 bound to package[0][core:21-27]
[nid005362:94882] Rank 6 bound to package[0][core:42-48]
[nid005362:94882] Rank 5 bound to package[0][core:35-41]
[nid005362:94882] Rank 4 bound to package[0][core:28-34]
[nid005362:94882] Rank 7 bound to package[0][core:49-55]
# Collective test starting: all_gather_perf
# nThread 1 nGpus 1 minBytes 1 maxBytes 134217728 step: 2(factor) warmup iters: 5 iters: 20 agg iters: 1 validation: 1 graph: 0
#
rccl-tests: Version develop_deprecated:40b1b17
# Using devices
#  Rank  0 Group  0 Pid  94909 on  nid005362 device  0 [0000:d1:00] AMD Instinct MI250X
#  Rank  1 Group  0 Pid  94910 on  nid005362 device  0 [0000:d6:00] AMD Instinct MI250X
#  Rank  2 Group  0 Pid  94911 on  nid005362 device  0 [0000:c9:00] AMD Instinct MI250X
#  Rank  3 Group  0 Pid  94912 on  nid005362 device  0 [0000:ce:00] AMD Instinct MI250X
#  Rank  4 Group  0 Pid  94917 on  nid005362 device  0 [0000:d9:00] AMD Instinct MI250X
#  Rank  5 Group  0 Pid  94914 on  nid005362 device  0 [0000:de:00] AMD Instinct MI250X
#  Rank  6 Group  0 Pid  94913 on  nid005362 device  0 [0000:c1:00] AMD Instinct MI250X
#  Rank  7 Group  0 Pid  94921 on  nid005362 device  0 [0000:c6:00] AMD Instinct MI250X
#  Rank  8 Group  0 Pid  95339 on  nid005363 device  0 [0000:d1:00] AMD Instinct MI250X
#  Rank  9 Group  0 Pid  95341 on  nid005363 device  0 [0000:d6:00] AMD Instinct MI250X
#  Rank 10 Group  0 Pid  95340 on  nid005363 device  0 [0000:c9:00] AMD Instinct MI250X
#  Rank 11 Group  0 Pid  95342 on  nid005363 device  0 [0000:ce:00] AMD Instinct MI250X
#  Rank 12 Group  0 Pid  95343 on  nid005363 device  0 [0000:d9:00] AMD Instinct MI250X
#  Rank 13 Group  0 Pid  95345 on  nid005363 device  0 [0000:de:00] AMD Instinct MI250X
#  Rank 14 Group  0 Pid  95350 on  nid005363 device  0 [0000:c1:00] AMD Instinct MI250X
#  Rank 15 Group  0 Pid  95353 on  nid005363 device  0 [0000:c6:00] AMD Instinct MI250X
#
#                                                              out-of-place                       in-place          
#       size         count      type   redop    root     time   algbw   busbw #wrong     time   algbw   busbw #wrong                               
#        (B)    (elements)                               (us)  (GB/s)  (GB/s)            (us)  (GB/s)  (GB/s)                                      
           0             0     uint8    none      -1     0.18    0.00    0.00      0     0.14    0.00    0.00      0
           0             0     uint8    none      -1     0.13    0.00    0.00      0     0.13    0.00    0.00      0
           0             0     uint8    none      -1     0.13    0.00    0.00      0     0.13    0.00    0.00      0
           0             0     uint8    none      -1     0.13    0.00    0.00      0     0.14    0.00    0.00      0
           0             0     uint8    none      -1     0.13    0.00    0.00      0     0.13    0.00    0.00      0
           0             0     uint8    none      -1     0.13    0.00    0.00      0     0.13    0.00    0.00      0
           0             0     uint8    none      -1     0.13    0.00    0.00      0     0.13    0.00    0.00      0
           0             0     uint8    none      -1     0.13    0.00    0.00      0     0.13    0.00    0.00      0
         256            16     uint8    none      -1    47.13    0.01    0.01      0    47.42    0.01    0.01      0
         512            32     uint8    none      -1    49.74    0.01    0.01      0    47.58    0.01    0.01      0
        1024            64     uint8    none      -1    46.59    0.02    0.02      0    44.93    0.02    0.02      0
        2048           128     uint8    none      -1    44.18    0.05    0.04      0    44.43    0.05    0.04      0
        4096           256     uint8    none      -1    45.26    0.09    0.08      0    45.08    0.09    0.09      0
        8192           512     uint8    none      -1    46.52    0.18    0.17      0    45.53    0.18    0.17      0
       16384          1024     uint8    none      -1    48.03    0.34    0.32      0    48.59    0.34    0.32      0
       32768          2048     uint8    none      -1    53.04    0.62    0.58      0    52.38    0.63    0.59      0
       65536          4096     uint8    none      -1    222.9    0.29    0.28      0    219.9    0.30    0.28      0
      131072          8192     uint8    none      -1    473.8    0.28    0.26      0    243.5    0.54    0.50      0
      262144         16384     uint8    none      -1    267.1    0.98    0.92      0    266.7    0.98    0.92      0
      524288         32768     uint8    none      -1    32875    0.02    0.01      0    31163    0.02    0.02      0
     1048576         65536     uint8    none      -1    22197    0.05    0.04      0    13529    0.08    0.07      0
     2097152        131072     uint8    none      -1    20644    0.10    0.10      0    27959    0.08    0.07      0
     4194304        262144     uint8    none      -1   1986.7    2.11    1.98      0   2010.9    2.09    1.96      0
     8388608        524288     uint8    none      -1   2043.0    4.11    3.85      0   2051.3    4.09    3.83      0
    16777216       1048576     uint8    none      -1   2046.7    8.20    7.68      0   2032.5    8.25    7.74      0
    33554432       2097152     uint8    none      -1   2107.4   15.92   14.93      0   2083.8   16.10   15.10      0
    67108864       4194304     uint8    none      -1   2625.7   25.56   23.96      0   2625.5   25.56   23.96      0
   134217728       8388608     uint8    none      -1   5231.0   25.66   24.05      0   5231.0   25.66   24.05      0
# Errors with asterisks indicate errors that have exceeded the maximum threshold.
# Out of bounds values : 0 OK
# Avg bus bandwidth    : 2.83991 
#
# Collective test concluded: all_gather_perf

